{"/home/neon/programs/side_project/musicstream/sdk/src/cache/index.ts": {"path":"/home/neon/programs/side_project/musicstream/sdk/src/cache/index.ts","all":false,"statementMap":{"0":{"start":{"line":1,"column":0},"end":{"line":1,"column":42}},"7":{"start":{"line":8,"column":0},"end":{"line":8,"column":55}},"9":{"start":{"line":10,"column":0},"end":{"line":10,"column":20}},"10":{"start":{"line":11,"column":0},"end":{"line":11,"column":25}},"11":{"start":{"line":12,"column":0},"end":{"line":12,"column":19}},"12":{"start":{"line":13,"column":0},"end":{"line":13,"column":16}},"13":{"start":{"line":14,"column":0},"end":{"line":14,"column":17}},"14":{"start":{"line":15,"column":0},"end":{"line":15,"column":18}},"15":{"start":{"line":16,"column":0},"end":{"line":16,"column":26}},"16":{"start":{"line":17,"column":0},"end":{"line":17,"column":58}},"17":{"start":{"line":18,"column":0},"end":{"line":18,"column":12}},"19":{"start":{"line":20,"column":0},"end":{"line":20,"column":40}},"21":{"start":{"line":22,"column":0},"end":{"line":22,"column":18}},"22":{"start":{"line":23,"column":0},"end":{"line":23,"column":20}},"24":{"start":{"line":25,"column":0},"end":{"line":25,"column":38}},"25":{"start":{"line":26,"column":0},"end":{"line":26,"column":34}},"26":{"start":{"line":27,"column":0},"end":{"line":27,"column":29}},"28":{"start":{"line":29,"column":0},"end":{"line":29,"column":58}},"29":{"start":{"line":30,"column":0},"end":{"line":30,"column":45}},"30":{"start":{"line":31,"column":0},"end":{"line":31,"column":18}},"36":{"start":{"line":37,"column":0},"end":{"line":37,"column":6}},"37":{"start":{"line":38,"column":0},"end":{"line":38,"column":16}},"38":{"start":{"line":39,"column":0},"end":{"line":39,"column":3}},"40":{"start":{"line":41,"column":0},"end":{"line":41,"column":43}},"41":{"start":{"line":42,"column":0},"end":{"line":42,"column":46}},"43":{"start":{"line":44,"column":0},"end":{"line":44,"column":23}},"44":{"start":{"line":45,"column":0},"end":{"line":45,"column":67}},"45":{"start":{"line":46,"column":0},"end":{"line":46,"column":68}},"47":{"start":{"line":48,"column":0},"end":{"line":48,"column":44}},"48":{"start":{"line":49,"column":0},"end":{"line":49,"column":38}},"49":{"start":{"line":50,"column":0},"end":{"line":50,"column":65}},"50":{"start":{"line":51,"column":0},"end":{"line":51,"column":19}},"51":{"start":{"line":52,"column":0},"end":{"line":52,"column":17}},"52":{"start":{"line":53,"column":0},"end":{"line":53,"column":5}},"54":{"start":{"line":55,"column":0},"end":{"line":55,"column":15}},"55":{"start":{"line":56,"column":0},"end":{"line":56,"column":37}},"56":{"start":{"line":57,"column":0},"end":{"line":57,"column":3}},"58":{"start":{"line":59,"column":0},"end":{"line":59,"column":62}},"59":{"start":{"line":60,"column":0},"end":{"line":60,"column":41}},"61":{"start":{"line":62,"column":0},"end":{"line":62,"column":21}},"64":{"start":{"line":65,"column":0},"end":{"line":65,"column":70}},"65":{"start":{"line":66,"column":0},"end":{"line":66,"column":3}},"67":{"start":{"line":68,"column":0},"end":{"line":68,"column":29}},"68":{"start":{"line":69,"column":0},"end":{"line":69,"column":41}},"69":{"start":{"line":70,"column":0},"end":{"line":70,"column":63}},"70":{"start":{"line":71,"column":0},"end":{"line":71,"column":3}},"72":{"start":{"line":73,"column":0},"end":{"line":73,"column":38}},"73":{"start":{"line":74,"column":0},"end":{"line":74,"column":9}},"74":{"start":{"line":75,"column":0},"end":{"line":75,"column":60}},"75":{"start":{"line":76,"column":0},"end":{"line":76,"column":30}},"76":{"start":{"line":77,"column":0},"end":{"line":77,"column":44}},"77":{"start":{"line":78,"column":0},"end":{"line":78,"column":54}},"78":{"start":{"line":79,"column":0},"end":{"line":79,"column":56}},"79":{"start":{"line":80,"column":0},"end":{"line":80,"column":13}},"80":{"start":{"line":81,"column":0},"end":{"line":81,"column":17}},"81":{"start":{"line":82,"column":0},"end":{"line":82,"column":5}},"82":{"start":{"line":83,"column":0},"end":{"line":83,"column":3}},"84":{"start":{"line":85,"column":0},"end":{"line":85,"column":19}},"85":{"start":{"line":86,"column":0},"end":{"line":86,"column":43}},"86":{"start":{"line":87,"column":0},"end":{"line":87,"column":92}},"87":{"start":{"line":88,"column":0},"end":{"line":88,"column":35}},"88":{"start":{"line":89,"column":0},"end":{"line":89,"column":3}},"90":{"start":{"line":91,"column":0},"end":{"line":91,"column":62}},"91":{"start":{"line":92,"column":0},"end":{"line":92,"column":73}},"92":{"start":{"line":93,"column":0},"end":{"line":93,"column":128}},"93":{"start":{"line":94,"column":0},"end":{"line":94,"column":68}},"94":{"start":{"line":95,"column":0},"end":{"line":95,"column":3}},"96":{"start":{"line":97,"column":0},"end":{"line":97,"column":17}},"97":{"start":{"line":98,"column":0},"end":{"line":98,"column":20}},"98":{"start":{"line":99,"column":0},"end":{"line":99,"column":18}},"99":{"start":{"line":100,"column":0},"end":{"line":100,"column":3}},"100":{"start":{"line":101,"column":0},"end":{"line":101,"column":1}}},"s":{"0":1,"7":1,"9":1,"10":1,"11":1,"12":1,"13":1,"14":1,"15":1,"16":1,"17":1,"19":1,"21":1,"22":1,"24":1,"25":56,"26":56,"28":56,"29":56,"30":56,"36":56,"37":56,"38":56,"40":1,"41":28,"43":27,"44":27,"45":27,"47":28,"48":21,"49":2,"50":2,"51":2,"52":2,"54":10,"55":10,"56":28,"58":1,"59":32,"61":30,"64":30,"65":32,"67":1,"68":3,"69":3,"70":3,"72":1,"73":4,"74":4,"75":4,"76":3,"77":3,"78":3,"79":4,"80":0,"81":0,"82":4,"84":1,"85":57,"86":56,"87":56,"88":57,"90":1,"91":9,"92":8,"93":8,"94":9,"96":1,"97":32,"98":32,"99":32,"100":1},"branchMap":{"0":{"type":"branch","line":25,"loc":{"start":{"line":25,"column":2},"end":{"line":39,"column":3}},"locations":[{"start":{"line":25,"column":2},"end":{"line":39,"column":3}}]},"1":{"type":"branch","line":27,"loc":{"start":{"line":27,"column":23},"end":{"line":27,"column":29}},"locations":[{"start":{"line":27,"column":23},"end":{"line":27,"column":29}}]},"2":{"type":"branch","line":27,"loc":{"start":{"line":27,"column":23},"end":{"line":29,"column":57}},"locations":[{"start":{"line":27,"column":23},"end":{"line":29,"column":57}}]},"3":{"type":"branch","line":41,"loc":{"start":{"line":41,"column":2},"end":{"line":57,"column":3}},"locations":[{"start":{"line":41,"column":2},"end":{"line":57,"column":3}}]},"4":{"type":"branch","line":42,"loc":{"start":{"line":42,"column":14},"end":{"line":42,"column":35}},"locations":[{"start":{"line":42,"column":14},"end":{"line":42,"column":35}}]},"5":{"type":"branch","line":42,"loc":{"start":{"line":42,"column":35},"end":{"line":42,"column":46}},"locations":[{"start":{"line":42,"column":35},"end":{"line":42,"column":46}}]},"6":{"type":"branch","line":42,"loc":{"start":{"line":42,"column":42},"end":{"line":48,"column":14}},"locations":[{"start":{"line":42,"column":42},"end":{"line":48,"column":14}}]},"7":{"type":"branch","line":48,"loc":{"start":{"line":48,"column":14},"end":{"line":48,"column":44}},"locations":[{"start":{"line":48,"column":14},"end":{"line":48,"column":44}}]},"8":{"type":"branch","line":48,"loc":{"start":{"line":48,"column":43},"end":{"line":56,"column":37}},"locations":[{"start":{"line":48,"column":43},"end":{"line":56,"column":37}}]},"9":{"type":"branch","line":48,"loc":{"start":{"line":48,"column":43},"end":{"line":49,"column":37}},"locations":[{"start":{"line":48,"column":43},"end":{"line":49,"column":37}}]},"10":{"type":"branch","line":49,"loc":{"start":{"line":49,"column":37},"end":{"line":53,"column":5}},"locations":[{"start":{"line":49,"column":37},"end":{"line":53,"column":5}}]},"11":{"type":"branch","line":53,"loc":{"start":{"line":53,"column":4},"end":{"line":56,"column":37}},"locations":[{"start":{"line":53,"column":4},"end":{"line":56,"column":37}}]},"12":{"type":"branch","line":59,"loc":{"start":{"line":59,"column":2},"end":{"line":66,"column":3}},"locations":[{"start":{"line":59,"column":2},"end":{"line":66,"column":3}}]},"13":{"type":"branch","line":60,"loc":{"start":{"line":60,"column":14},"end":{"line":60,"column":35}},"locations":[{"start":{"line":60,"column":14},"end":{"line":60,"column":35}}]},"14":{"type":"branch","line":60,"loc":{"start":{"line":60,"column":35},"end":{"line":60,"column":41}},"locations":[{"start":{"line":60,"column":35},"end":{"line":60,"column":41}}]},"15":{"type":"branch","line":60,"loc":{"start":{"line":60,"column":35},"end":{"line":65,"column":70}},"locations":[{"start":{"line":60,"column":35},"end":{"line":65,"column":70}}]},"16":{"type":"branch","line":68,"loc":{"start":{"line":68,"column":2},"end":{"line":71,"column":3}},"locations":[{"start":{"line":68,"column":2},"end":{"line":71,"column":3}}]},"17":{"type":"branch","line":69,"loc":{"start":{"line":69,"column":35},"end":{"line":69,"column":41}},"locations":[{"start":{"line":69,"column":35},"end":{"line":69,"column":41}}]},"18":{"type":"branch","line":73,"loc":{"start":{"line":73,"column":2},"end":{"line":83,"column":3}},"locations":[{"start":{"line":73,"column":2},"end":{"line":83,"column":3}}]},"19":{"type":"branch","line":76,"loc":{"start":{"line":76,"column":19},"end":{"line":76,"column":30}},"locations":[{"start":{"line":76,"column":19},"end":{"line":76,"column":30}}]},"20":{"type":"branch","line":76,"loc":{"start":{"line":76,"column":26},"end":{"line":80,"column":12}},"locations":[{"start":{"line":76,"column":26},"end":{"line":80,"column":12}}]},"21":{"type":"branch","line":80,"loc":{"start":{"line":80,"column":4},"end":{"line":82,"column":5}},"locations":[{"start":{"line":80,"column":4},"end":{"line":82,"column":5}}]},"22":{"type":"branch","line":85,"loc":{"start":{"line":85,"column":2},"end":{"line":89,"column":3}},"locations":[{"start":{"line":85,"column":2},"end":{"line":89,"column":3}}]},"23":{"type":"branch","line":86,"loc":{"start":{"line":86,"column":14},"end":{"line":86,"column":35}},"locations":[{"start":{"line":86,"column":14},"end":{"line":86,"column":35}}]},"24":{"type":"branch","line":86,"loc":{"start":{"line":86,"column":35},"end":{"line":86,"column":43}},"locations":[{"start":{"line":86,"column":35},"end":{"line":86,"column":43}}]},"25":{"type":"branch","line":86,"loc":{"start":{"line":86,"column":42},"end":{"line":88,"column":35}},"locations":[{"start":{"line":86,"column":42},"end":{"line":88,"column":35}}]},"26":{"type":"branch","line":91,"loc":{"start":{"line":91,"column":2},"end":{"line":95,"column":3}},"locations":[{"start":{"line":91,"column":2},"end":{"line":95,"column":3}}]},"27":{"type":"branch","line":92,"loc":{"start":{"line":92,"column":14},"end":{"line":92,"column":35}},"locations":[{"start":{"line":92,"column":14},"end":{"line":92,"column":35}}]},"28":{"type":"branch","line":92,"loc":{"start":{"line":92,"column":35},"end":{"line":92,"column":73}},"locations":[{"start":{"line":92,"column":35},"end":{"line":92,"column":73}}]},"29":{"type":"branch","line":92,"loc":{"start":{"line":92,"column":72},"end":{"line":94,"column":68}},"locations":[{"start":{"line":92,"column":72},"end":{"line":94,"column":68}}]},"30":{"type":"branch","line":97,"loc":{"start":{"line":97,"column":2},"end":{"line":100,"column":3}},"locations":[{"start":{"line":97,"column":2},"end":{"line":100,"column":3}}]},"31":{"type":"branch","line":98,"loc":{"start":{"line":98,"column":9},"end":{"line":98,"column":19}},"locations":[{"start":{"line":98,"column":9},"end":{"line":98,"column":19}}]}},"b":{"0":[56],"1":[4],"2":[52],"3":[28],"4":[27],"5":[1],"6":[27],"7":[15],"8":[21],"9":[12],"10":[2],"11":[10],"12":[32],"13":[30],"14":[2],"15":[30],"16":[3],"17":[0],"18":[4],"19":[1],"20":[3],"21":[0],"22":[57],"23":[56],"24":[1],"25":[56],"26":[9],"27":[8],"28":[1],"29":[8],"30":[32],"31":[30]},"fnMap":{"0":{"name":"Cache","decl":{"start":{"line":25,"column":2},"end":{"line":39,"column":3}},"loc":{"start":{"line":25,"column":2},"end":{"line":39,"column":3}},"line":25},"1":{"name":"get","decl":{"start":{"line":41,"column":2},"end":{"line":57,"column":3}},"loc":{"start":{"line":41,"column":2},"end":{"line":57,"column":3}},"line":41},"2":{"name":"set","decl":{"start":{"line":59,"column":2},"end":{"line":66,"column":3}},"loc":{"start":{"line":59,"column":2},"end":{"line":66,"column":3}},"line":59},"3":{"name":"delete","decl":{"start":{"line":68,"column":2},"end":{"line":71,"column":3}},"loc":{"start":{"line":68,"column":2},"end":{"line":71,"column":3}},"line":68},"4":{"name":"isUrlExpired","decl":{"start":{"line":73,"column":2},"end":{"line":83,"column":3}},"loc":{"start":{"line":73,"column":2},"end":{"line":83,"column":3}},"line":73},"5":{"name":"sweep","decl":{"start":{"line":85,"column":2},"end":{"line":89,"column":3}},"loc":{"start":{"line":85,"column":2},"end":{"line":89,"column":3}},"line":85},"6":{"name":"getStats","decl":{"start":{"line":91,"column":2},"end":{"line":95,"column":3}},"loc":{"start":{"line":91,"column":2},"end":{"line":95,"column":3}},"line":91},"7":{"name":"close","decl":{"start":{"line":97,"column":2},"end":{"line":100,"column":3}},"loc":{"start":{"line":97,"column":2},"end":{"line":100,"column":3}},"line":97}},"f":{"0":56,"1":28,"2":32,"3":3,"4":4,"5":57,"6":9,"7":32}}
,"/home/neon/programs/side_project/musicstream/sdk/src/discovery/index.ts": {"path":"/home/neon/programs/side_project/musicstream/sdk/src/discovery/index.ts","all":false,"statementMap":{"0":{"start":{"line":1,"column":0},"end":{"line":1,"column":44}},"5":{"start":{"line":6,"column":0},"end":{"line":6,"column":42}},"6":{"start":{"line":7,"column":0},"end":{"line":7,"column":23}},"7":{"start":{"line":8,"column":0},"end":{"line":8,"column":45}},"8":{"start":{"line":9,"column":0},"end":{"line":9,"column":55}},"9":{"start":{"line":10,"column":0},"end":{"line":10,"column":45}},"10":{"start":{"line":11,"column":0},"end":{"line":11,"column":30}},"11":{"start":{"line":12,"column":0},"end":{"line":12,"column":41}},"12":{"start":{"line":13,"column":0},"end":{"line":13,"column":3}},"13":{"start":{"line":14,"column":0},"end":{"line":14,"column":11}},"14":{"start":{"line":15,"column":0},"end":{"line":15,"column":1}},"16":{"start":{"line":17,"column":0},"end":{"line":17,"column":48}},"17":{"start":{"line":18,"column":0},"end":{"line":18,"column":81}},"18":{"start":{"line":19,"column":0},"end":{"line":19,"column":21}},"19":{"start":{"line":20,"column":0},"end":{"line":20,"column":24}},"20":{"start":{"line":21,"column":0},"end":{"line":21,"column":26}},"21":{"start":{"line":22,"column":0},"end":{"line":22,"column":5}},"22":{"start":{"line":23,"column":0},"end":{"line":23,"column":1}},"24":{"start":{"line":25,"column":0},"end":{"line":25,"column":39}},"25":{"start":{"line":26,"column":0},"end":{"line":26,"column":56}},"26":{"start":{"line":27,"column":0},"end":{"line":27,"column":43}},"27":{"start":{"line":28,"column":0},"end":{"line":28,"column":37}},"28":{"start":{"line":29,"column":0},"end":{"line":29,"column":79}},"29":{"start":{"line":30,"column":0},"end":{"line":30,"column":20}},"30":{"start":{"line":31,"column":0},"end":{"line":31,"column":10}},"31":{"start":{"line":32,"column":0},"end":{"line":32,"column":17}},"32":{"start":{"line":33,"column":0},"end":{"line":33,"column":81}},"33":{"start":{"line":34,"column":0},"end":{"line":34,"column":48}},"34":{"start":{"line":35,"column":0},"end":{"line":35,"column":11}},"35":{"start":{"line":36,"column":0},"end":{"line":36,"column":42}},"36":{"start":{"line":37,"column":0},"end":{"line":37,"column":36}},"37":{"start":{"line":38,"column":0},"end":{"line":38,"column":3}},"38":{"start":{"line":39,"column":0},"end":{"line":39,"column":1}},"40":{"start":{"line":41,"column":0},"end":{"line":41,"column":41}},"41":{"start":{"line":42,"column":0},"end":{"line":42,"column":107}},"42":{"start":{"line":43,"column":0},"end":{"line":43,"column":10}},"43":{"start":{"line":44,"column":0},"end":{"line":44,"column":18}},"44":{"start":{"line":45,"column":0},"end":{"line":45,"column":64}},"45":{"start":{"line":46,"column":0},"end":{"line":46,"column":74}},"46":{"start":{"line":47,"column":0},"end":{"line":47,"column":11}},"47":{"start":{"line":48,"column":0},"end":{"line":48,"column":20}},"48":{"start":{"line":49,"column":0},"end":{"line":49,"column":36}},"49":{"start":{"line":50,"column":0},"end":{"line":50,"column":15}},"50":{"start":{"line":51,"column":0},"end":{"line":51,"column":3}},"51":{"start":{"line":52,"column":0},"end":{"line":52,"column":1}},"53":{"start":{"line":54,"column":0},"end":{"line":54,"column":43}},"54":{"start":{"line":55,"column":0},"end":{"line":55,"column":10}},"55":{"start":{"line":56,"column":0},"end":{"line":56,"column":19}},"56":{"start":{"line":57,"column":0},"end":{"line":57,"column":48}},"57":{"start":{"line":58,"column":0},"end":{"line":58,"column":73}},"58":{"start":{"line":59,"column":0},"end":{"line":59,"column":36}},"59":{"start":{"line":60,"column":0},"end":{"line":60,"column":14}},"60":{"start":{"line":61,"column":0},"end":{"line":61,"column":15}},"61":{"start":{"line":62,"column":0},"end":{"line":62,"column":16}},"62":{"start":{"line":63,"column":0},"end":{"line":63,"column":3}},"63":{"start":{"line":64,"column":0},"end":{"line":64,"column":1}},"65":{"start":{"line":66,"column":0},"end":{"line":66,"column":47}},"66":{"start":{"line":67,"column":0},"end":{"line":67,"column":10}},"67":{"start":{"line":68,"column":0},"end":{"line":68,"column":21}},"68":{"start":{"line":69,"column":0},"end":{"line":69,"column":30}},"69":{"start":{"line":70,"column":0},"end":{"line":70,"column":48}},"70":{"start":{"line":71,"column":0},"end":{"line":71,"column":36}},"71":{"start":{"line":72,"column":0},"end":{"line":72,"column":3}},"72":{"start":{"line":73,"column":0},"end":{"line":73,"column":1}},"74":{"start":{"line":75,"column":0},"end":{"line":75,"column":40}},"75":{"start":{"line":76,"column":0},"end":{"line":76,"column":81}},"76":{"start":{"line":77,"column":0},"end":{"line":77,"column":1}},"78":{"start":{"line":79,"column":0},"end":{"line":79,"column":63}},"79":{"start":{"line":80,"column":0},"end":{"line":80,"column":43}},"80":{"start":{"line":81,"column":0},"end":{"line":81,"column":1}},"82":{"start":{"line":83,"column":0},"end":{"line":83,"column":77}},"83":{"start":{"line":84,"column":0},"end":{"line":84,"column":27}},"84":{"start":{"line":85,"column":0},"end":{"line":85,"column":88}},"85":{"start":{"line":86,"column":0},"end":{"line":86,"column":141}},"86":{"start":{"line":87,"column":0},"end":{"line":87,"column":64}},"87":{"start":{"line":88,"column":0},"end":{"line":88,"column":67}},"88":{"start":{"line":89,"column":0},"end":{"line":89,"column":53}},"89":{"start":{"line":90,"column":0},"end":{"line":90,"column":1}},"91":{"start":{"line":92,"column":0},"end":{"line":92,"column":30}},"92":{"start":{"line":93,"column":0},"end":{"line":93,"column":48}},"94":{"start":{"line":95,"column":0},"end":{"line":95,"column":49}},"95":{"start":{"line":96,"column":0},"end":{"line":96,"column":60}},"96":{"start":{"line":97,"column":0},"end":{"line":97,"column":40}},"97":{"start":{"line":98,"column":0},"end":{"line":98,"column":12}},"98":{"start":{"line":99,"column":0},"end":{"line":99,"column":19}},"99":{"start":{"line":100,"column":0},"end":{"line":100,"column":14}},"100":{"start":{"line":101,"column":0},"end":{"line":101,"column":51}},"101":{"start":{"line":102,"column":0},"end":{"line":102,"column":60}},"102":{"start":{"line":103,"column":0},"end":{"line":103,"column":57}},"103":{"start":{"line":104,"column":0},"end":{"line":104,"column":36}},"104":{"start":{"line":105,"column":0},"end":{"line":105,"column":60}},"105":{"start":{"line":106,"column":0},"end":{"line":106,"column":25}},"106":{"start":{"line":107,"column":0},"end":{"line":107,"column":28}},"107":{"start":{"line":108,"column":0},"end":{"line":108,"column":30}},"108":{"start":{"line":109,"column":0},"end":{"line":109,"column":10}},"109":{"start":{"line":110,"column":0},"end":{"line":110,"column":5}},"110":{"start":{"line":111,"column":0},"end":{"line":111,"column":3}},"112":{"start":{"line":113,"column":0},"end":{"line":113,"column":56}},"113":{"start":{"line":114,"column":0},"end":{"line":114,"column":76}},"114":{"start":{"line":115,"column":0},"end":{"line":115,"column":45}},"115":{"start":{"line":116,"column":0},"end":{"line":116,"column":36}},"116":{"start":{"line":117,"column":0},"end":{"line":117,"column":36}},"118":{"start":{"line":119,"column":0},"end":{"line":119,"column":32}},"119":{"start":{"line":120,"column":0},"end":{"line":120,"column":26}},"121":{"start":{"line":122,"column":0},"end":{"line":122,"column":33}},"122":{"start":{"line":123,"column":0},"end":{"line":123,"column":63}},"123":{"start":{"line":124,"column":0},"end":{"line":124,"column":25}},"124":{"start":{"line":125,"column":0},"end":{"line":125,"column":46}},"125":{"start":{"line":126,"column":0},"end":{"line":126,"column":66}},"126":{"start":{"line":127,"column":0},"end":{"line":127,"column":3}},"128":{"start":{"line":129,"column":0},"end":{"line":129,"column":151}},"129":{"start":{"line":130,"column":0},"end":{"line":130,"column":51}},"130":{"start":{"line":131,"column":0},"end":{"line":131,"column":79}},"131":{"start":{"line":132,"column":0},"end":{"line":132,"column":5}},"133":{"start":{"line":134,"column":0},"end":{"line":134,"column":26}},"134":{"start":{"line":135,"column":0},"end":{"line":135,"column":93}},"135":{"start":{"line":136,"column":0},"end":{"line":136,"column":37}},"137":{"start":{"line":138,"column":0},"end":{"line":138,"column":119}},"138":{"start":{"line":139,"column":0},"end":{"line":139,"column":123}},"139":{"start":{"line":140,"column":0},"end":{"line":140,"column":127}},"140":{"start":{"line":141,"column":0},"end":{"line":141,"column":135}},"141":{"start":{"line":142,"column":0},"end":{"line":142,"column":15}},"142":{"start":{"line":143,"column":0},"end":{"line":143,"column":5}},"144":{"start":{"line":145,"column":0},"end":{"line":145,"column":56}},"145":{"start":{"line":146,"column":0},"end":{"line":146,"column":33}},"147":{"start":{"line":148,"column":0},"end":{"line":148,"column":12}},"148":{"start":{"line":149,"column":0},"end":{"line":149,"column":152}},"149":{"start":{"line":150,"column":0},"end":{"line":150,"column":134}},"150":{"start":{"line":151,"column":0},"end":{"line":151,"column":139}},"151":{"start":{"line":152,"column":0},"end":{"line":152,"column":20}},"152":{"start":{"line":153,"column":0},"end":{"line":153,"column":5}},"153":{"start":{"line":154,"column":0},"end":{"line":154,"column":3}},"155":{"start":{"line":156,"column":0},"end":{"line":156,"column":39}},"156":{"start":{"line":157,"column":0},"end":{"line":157,"column":56}},"157":{"start":{"line":158,"column":0},"end":{"line":158,"column":49}},"158":{"start":{"line":159,"column":0},"end":{"line":159,"column":25}},"159":{"start":{"line":160,"column":0},"end":{"line":160,"column":74}},"160":{"start":{"line":161,"column":0},"end":{"line":161,"column":51}},"161":{"start":{"line":162,"column":0},"end":{"line":162,"column":9}},"162":{"start":{"line":163,"column":0},"end":{"line":163,"column":64}},"163":{"start":{"line":164,"column":0},"end":{"line":164,"column":3}},"165":{"start":{"line":166,"column":0},"end":{"line":166,"column":55}},"166":{"start":{"line":167,"column":0},"end":{"line":167,"column":63}},"167":{"start":{"line":168,"column":0},"end":{"line":168,"column":82}},"169":{"start":{"line":170,"column":0},"end":{"line":170,"column":60}},"170":{"start":{"line":171,"column":0},"end":{"line":171,"column":28}},"171":{"start":{"line":172,"column":0},"end":{"line":172,"column":30}},"172":{"start":{"line":173,"column":0},"end":{"line":173,"column":31}},"174":{"start":{"line":175,"column":0},"end":{"line":175,"column":47}},"175":{"start":{"line":176,"column":0},"end":{"line":176,"column":45}},"176":{"start":{"line":177,"column":0},"end":{"line":177,"column":106}},"177":{"start":{"line":178,"column":0},"end":{"line":178,"column":77}},"178":{"start":{"line":179,"column":0},"end":{"line":179,"column":38}},"179":{"start":{"line":180,"column":0},"end":{"line":180,"column":82}},"180":{"start":{"line":181,"column":0},"end":{"line":181,"column":9}},"181":{"start":{"line":182,"column":0},"end":{"line":182,"column":84}},"182":{"start":{"line":183,"column":0},"end":{"line":183,"column":111}},"183":{"start":{"line":184,"column":0},"end":{"line":184,"column":5}},"185":{"start":{"line":186,"column":0},"end":{"line":186,"column":12}},"186":{"start":{"line":187,"column":0},"end":{"line":187,"column":21}},"187":{"start":{"line":188,"column":0},"end":{"line":188,"column":16}},"188":{"start":{"line":189,"column":0},"end":{"line":189,"column":11}},"189":{"start":{"line":190,"column":0},"end":{"line":190,"column":44}},"190":{"start":{"line":191,"column":0},"end":{"line":191,"column":12}},"191":{"start":{"line":192,"column":0},"end":{"line":192,"column":13}},"192":{"start":{"line":193,"column":0},"end":{"line":193,"column":14}},"193":{"start":{"line":194,"column":0},"end":{"line":194,"column":5}},"194":{"start":{"line":195,"column":0},"end":{"line":195,"column":3}},"196":{"start":{"line":197,"column":0},"end":{"line":197,"column":52}},"197":{"start":{"line":198,"column":0},"end":{"line":198,"column":61}},"198":{"start":{"line":199,"column":0},"end":{"line":199,"column":79}},"200":{"start":{"line":201,"column":0},"end":{"line":201,"column":29}},"202":{"start":{"line":203,"column":0},"end":{"line":203,"column":113}},"203":{"start":{"line":204,"column":0},"end":{"line":204,"column":55}},"204":{"start":{"line":205,"column":0},"end":{"line":205,"column":48}},"205":{"start":{"line":206,"column":0},"end":{"line":206,"column":55}},"207":{"start":{"line":208,"column":0},"end":{"line":208,"column":63}},"208":{"start":{"line":209,"column":0},"end":{"line":209,"column":96}},"209":{"start":{"line":210,"column":0},"end":{"line":210,"column":14}},"210":{"start":{"line":211,"column":0},"end":{"line":211,"column":21}},"211":{"start":{"line":212,"column":0},"end":{"line":212,"column":42}},"212":{"start":{"line":213,"column":0},"end":{"line":213,"column":49}},"213":{"start":{"line":214,"column":0},"end":{"line":214,"column":38}},"214":{"start":{"line":215,"column":0},"end":{"line":215,"column":43}},"215":{"start":{"line":216,"column":0},"end":{"line":216,"column":42}},"216":{"start":{"line":217,"column":0},"end":{"line":217,"column":7}},"217":{"start":{"line":218,"column":0},"end":{"line":218,"column":6}},"219":{"start":{"line":220,"column":0},"end":{"line":220,"column":12}},"220":{"start":{"line":221,"column":0},"end":{"line":221,"column":20}},"221":{"start":{"line":222,"column":0},"end":{"line":222,"column":15}},"222":{"start":{"line":223,"column":0},"end":{"line":223,"column":53}},"223":{"start":{"line":224,"column":0},"end":{"line":224,"column":13}},"224":{"start":{"line":225,"column":0},"end":{"line":225,"column":11}},"225":{"start":{"line":226,"column":0},"end":{"line":226,"column":40}},"226":{"start":{"line":227,"column":0},"end":{"line":227,"column":13}},"227":{"start":{"line":228,"column":0},"end":{"line":228,"column":5}},"228":{"start":{"line":229,"column":0},"end":{"line":229,"column":3}},"230":{"start":{"line":231,"column":0},"end":{"line":231,"column":60}},"231":{"start":{"line":232,"column":0},"end":{"line":232,"column":75}},"232":{"start":{"line":233,"column":0},"end":{"line":233,"column":86}},"233":{"start":{"line":234,"column":0},"end":{"line":234,"column":35}},"234":{"start":{"line":235,"column":0},"end":{"line":235,"column":60}},"235":{"start":{"line":236,"column":0},"end":{"line":236,"column":47}},"236":{"start":{"line":237,"column":0},"end":{"line":237,"column":56}},"237":{"start":{"line":238,"column":0},"end":{"line":238,"column":23}},"238":{"start":{"line":239,"column":0},"end":{"line":239,"column":12}},"239":{"start":{"line":240,"column":0},"end":{"line":240,"column":23}},"240":{"start":{"line":241,"column":0},"end":{"line":241,"column":17}},"241":{"start":{"line":242,"column":0},"end":{"line":242,"column":79}},"242":{"start":{"line":243,"column":0},"end":{"line":243,"column":40}},"243":{"start":{"line":244,"column":0},"end":{"line":244,"column":20}},"244":{"start":{"line":245,"column":0},"end":{"line":245,"column":31}},"245":{"start":{"line":246,"column":0},"end":{"line":246,"column":5}},"246":{"start":{"line":247,"column":0},"end":{"line":247,"column":3}},"248":{"start":{"line":249,"column":0},"end":{"line":249,"column":52}},"249":{"start":{"line":250,"column":0},"end":{"line":250,"column":61}},"250":{"start":{"line":251,"column":0},"end":{"line":251,"column":32}},"251":{"start":{"line":252,"column":0},"end":{"line":252,"column":84}},"252":{"start":{"line":253,"column":0},"end":{"line":253,"column":56}},"253":{"start":{"line":254,"column":0},"end":{"line":254,"column":23}},"254":{"start":{"line":255,"column":0},"end":{"line":255,"column":3}},"256":{"start":{"line":257,"column":0},"end":{"line":257,"column":54}},"257":{"start":{"line":258,"column":0},"end":{"line":258,"column":9}},"258":{"start":{"line":259,"column":0},"end":{"line":259,"column":64}},"259":{"start":{"line":260,"column":0},"end":{"line":260,"column":34}},"260":{"start":{"line":261,"column":0},"end":{"line":261,"column":46}},"261":{"start":{"line":262,"column":0},"end":{"line":262,"column":58}},"262":{"start":{"line":263,"column":0},"end":{"line":263,"column":25}},"263":{"start":{"line":264,"column":0},"end":{"line":264,"column":13}},"264":{"start":{"line":265,"column":0},"end":{"line":265,"column":11}},"265":{"start":{"line":266,"column":0},"end":{"line":266,"column":65}},"266":{"start":{"line":267,"column":0},"end":{"line":267,"column":36}},"267":{"start":{"line":268,"column":0},"end":{"line":268,"column":60}},"268":{"start":{"line":269,"column":0},"end":{"line":269,"column":27}},"269":{"start":{"line":270,"column":0},"end":{"line":270,"column":15}},"270":{"start":{"line":271,"column":0},"end":{"line":271,"column":17}},"271":{"start":{"line":272,"column":0},"end":{"line":272,"column":7}},"272":{"start":{"line":273,"column":0},"end":{"line":273,"column":5}},"273":{"start":{"line":274,"column":0},"end":{"line":274,"column":3}},"275":{"start":{"line":276,"column":0},"end":{"line":276,"column":75}},"276":{"start":{"line":277,"column":0},"end":{"line":277,"column":9}},"277":{"start":{"line":278,"column":0},"end":{"line":278,"column":81}},"278":{"start":{"line":279,"column":0},"end":{"line":279,"column":49}},"279":{"start":{"line":280,"column":0},"end":{"line":280,"column":92}},"280":{"start":{"line":281,"column":0},"end":{"line":281,"column":59}},"281":{"start":{"line":282,"column":0},"end":{"line":282,"column":39}},"282":{"start":{"line":283,"column":0},"end":{"line":283,"column":32}},"283":{"start":{"line":284,"column":0},"end":{"line":284,"column":49}},"284":{"start":{"line":285,"column":0},"end":{"line":285,"column":72}},"285":{"start":{"line":286,"column":0},"end":{"line":286,"column":13}},"286":{"start":{"line":287,"column":0},"end":{"line":287,"column":80}},"287":{"start":{"line":288,"column":0},"end":{"line":288,"column":7}},"288":{"start":{"line":289,"column":0},"end":{"line":289,"column":15}},"289":{"start":{"line":290,"column":0},"end":{"line":290,"column":13}},"290":{"start":{"line":291,"column":0},"end":{"line":291,"column":15}},"291":{"start":{"line":292,"column":0},"end":{"line":292,"column":5}},"292":{"start":{"line":293,"column":0},"end":{"line":293,"column":3}},"294":{"start":{"line":295,"column":0},"end":{"line":295,"column":62}},"295":{"start":{"line":296,"column":0},"end":{"line":296,"column":9}},"296":{"start":{"line":297,"column":0},"end":{"line":297,"column":91}},"297":{"start":{"line":298,"column":0},"end":{"line":298,"column":33}},"298":{"start":{"line":299,"column":0},"end":{"line":299,"column":27}},"299":{"start":{"line":300,"column":0},"end":{"line":300,"column":76}},"300":{"start":{"line":301,"column":0},"end":{"line":301,"column":57}},"301":{"start":{"line":302,"column":0},"end":{"line":302,"column":11}},"302":{"start":{"line":303,"column":0},"end":{"line":303,"column":66}},"303":{"start":{"line":304,"column":0},"end":{"line":304,"column":13}},"304":{"start":{"line":305,"column":0},"end":{"line":305,"column":15}},"305":{"start":{"line":306,"column":0},"end":{"line":306,"column":5}},"306":{"start":{"line":307,"column":0},"end":{"line":307,"column":3}},"308":{"start":{"line":309,"column":0},"end":{"line":309,"column":71}},"309":{"start":{"line":310,"column":0},"end":{"line":310,"column":86}},"310":{"start":{"line":311,"column":0},"end":{"line":311,"column":47}},"311":{"start":{"line":312,"column":0},"end":{"line":312,"column":25}},"312":{"start":{"line":313,"column":0},"end":{"line":313,"column":74}},"313":{"start":{"line":314,"column":0},"end":{"line":314,"column":58}},"314":{"start":{"line":315,"column":0},"end":{"line":315,"column":66}},"315":{"start":{"line":316,"column":0},"end":{"line":316,"column":36}},"316":{"start":{"line":317,"column":0},"end":{"line":317,"column":11}},"317":{"start":{"line":318,"column":0},"end":{"line":318,"column":9}},"318":{"start":{"line":319,"column":0},"end":{"line":319,"column":64}},"319":{"start":{"line":320,"column":0},"end":{"line":320,"column":3}},"320":{"start":{"line":321,"column":0},"end":{"line":321,"column":1}}},"s":{"0":1,"5":140,"6":140,"7":140,"8":56,"9":2,"10":2,"11":2,"12":2,"13":2,"14":2,"16":32,"17":32,"18":17,"19":17,"20":17,"21":32,"22":32,"24":13,"25":13,"26":6,"27":6,"28":5,"29":5,"30":13,"31":13,"32":13,"33":13,"34":13,"35":13,"36":13,"37":13,"38":13,"40":4,"41":4,"42":4,"43":4,"44":4,"45":4,"46":4,"47":4,"48":4,"49":4,"50":4,"51":4,"53":1,"54":1,"55":1,"56":1,"57":1,"58":1,"59":1,"60":1,"61":1,"62":1,"63":1,"65":3,"66":3,"67":3,"68":3,"69":3,"70":3,"71":3,"72":3,"74":10,"75":10,"76":10,"78":10,"79":10,"80":10,"82":8,"83":8,"84":8,"85":8,"86":8,"87":8,"88":8,"89":8,"91":1,"92":1,"94":1,"95":0,"96":0,"97":0,"98":0,"99":0,"100":0,"101":0,"102":0,"103":0,"104":0,"105":0,"106":0,"107":0,"108":0,"109":0,"110":0,"112":1,"113":5,"114":5,"115":5,"116":5,"118":5,"119":5,"121":4,"122":4,"123":5,"124":3,"125":5,"126":5,"128":1,"129":10,"130":10,"131":10,"133":10,"134":6,"135":6,"137":6,"138":6,"139":6,"140":2,"141":0,"142":0,"144":4,"145":4,"147":4,"148":4,"149":4,"150":4,"151":4,"152":4,"153":10,"155":1,"156":2,"157":2,"158":2,"159":5,"160":5,"161":2,"162":2,"163":2,"165":1,"166":4,"167":4,"169":4,"170":4,"171":4,"172":4,"174":4,"175":4,"176":4,"177":4,"178":3,"179":3,"180":2,"181":2,"182":1,"183":4,"185":3,"186":3,"187":3,"188":3,"189":3,"190":3,"191":3,"192":3,"193":3,"194":4,"196":1,"197":5,"198":5,"200":4,"202":5,"203":5,"204":4,"205":4,"207":5,"208":4,"209":4,"210":4,"211":4,"212":4,"213":4,"214":4,"215":4,"216":4,"217":5,"219":5,"220":5,"221":5,"222":5,"223":5,"224":5,"225":5,"226":5,"227":5,"228":5,"230":1,"231":0,"232":0,"233":0,"234":0,"235":0,"236":0,"237":0,"238":0,"239":0,"240":0,"241":0,"242":0,"243":0,"244":0,"245":0,"246":0,"248":1,"249":1,"250":1,"251":1,"252":1,"253":1,"254":1,"256":1,"257":5,"258":5,"259":5,"260":5,"261":5,"262":5,"263":5,"264":3,"265":3,"266":3,"267":3,"268":3,"269":3,"270":1,"271":1,"272":3,"273":5,"275":1,"276":4,"277":4,"278":4,"279":2,"280":2,"281":2,"282":2,"283":4,"284":4,"285":2,"286":2,"287":2,"288":1,"289":1,"290":1,"291":1,"292":4,"294":1,"295":2,"296":2,"297":2,"298":2,"299":1,"300":1,"301":2,"302":2,"303":2,"304":1,"305":1,"306":2,"308":1,"309":3,"310":3,"311":3,"312":4,"313":4,"314":1,"315":1,"316":4,"317":3,"318":3,"319":3,"320":1},"branchMap":{"0":{"type":"branch","line":6,"loc":{"start":{"line":6,"column":0},"end":{"line":15,"column":1}},"locations":[{"start":{"line":6,"column":0},"end":{"line":15,"column":1}}]},"1":{"type":"branch","line":7,"loc":{"start":{"line":7,"column":14},"end":{"line":7,"column":23}},"locations":[{"start":{"line":7,"column":14},"end":{"line":7,"column":23}}]},"2":{"type":"branch","line":7,"loc":{"start":{"line":7,"column":21},"end":{"line":8,"column":40}},"locations":[{"start":{"line":7,"column":21},"end":{"line":8,"column":40}}]},"3":{"type":"branch","line":8,"loc":{"start":{"line":8,"column":33},"end":{"line":8,"column":45}},"locations":[{"start":{"line":8,"column":33},"end":{"line":8,"column":45}}]},"4":{"type":"branch","line":8,"loc":{"start":{"line":8,"column":40},"end":{"line":9,"column":55}},"locations":[{"start":{"line":8,"column":40},"end":{"line":9,"column":55}}]},"5":{"type":"branch","line":8,"loc":{"start":{"line":8,"column":40},"end":{"line":9,"column":45}},"locations":[{"start":{"line":8,"column":40},"end":{"line":9,"column":45}}]},"6":{"type":"branch","line":9,"loc":{"start":{"line":9,"column":38},"end":{"line":9,"column":55}},"locations":[{"start":{"line":9,"column":38},"end":{"line":9,"column":55}}]},"7":{"type":"branch","line":9,"loc":{"start":{"line":9,"column":51},"end":{"line":15,"column":1}},"locations":[{"start":{"line":9,"column":51},"end":{"line":15,"column":1}}]},"8":{"type":"branch","line":12,"loc":{"start":{"line":12,"column":33},"end":{"line":12,"column":41}},"locations":[{"start":{"line":12,"column":33},"end":{"line":12,"column":41}}]},"9":{"type":"branch","line":17,"loc":{"start":{"line":17,"column":0},"end":{"line":23,"column":1}},"locations":[{"start":{"line":17,"column":0},"end":{"line":23,"column":1}}]},"10":{"type":"branch","line":18,"loc":{"start":{"line":18,"column":16},"end":{"line":18,"column":39}},"locations":[{"start":{"line":18,"column":16},"end":{"line":18,"column":39}}]},"11":{"type":"branch","line":18,"loc":{"start":{"line":18,"column":27},"end":{"line":18,"column":59}},"locations":[{"start":{"line":18,"column":27},"end":{"line":18,"column":59}}]},"12":{"type":"branch","line":18,"loc":{"start":{"line":18,"column":45},"end":{"line":18,"column":63}},"locations":[{"start":{"line":18,"column":45},"end":{"line":18,"column":63}}]},"13":{"type":"branch","line":18,"loc":{"start":{"line":18,"column":67},"end":{"line":22,"column":4}},"locations":[{"start":{"line":18,"column":67},"end":{"line":22,"column":4}}]},"14":{"type":"branch","line":19,"loc":{"start":{"line":19,"column":11},"end":{"line":19,"column":21}},"locations":[{"start":{"line":19,"column":11},"end":{"line":19,"column":21}}]},"15":{"type":"branch","line":20,"loc":{"start":{"line":20,"column":13},"end":{"line":20,"column":24}},"locations":[{"start":{"line":20,"column":13},"end":{"line":20,"column":24}}]},"16":{"type":"branch","line":21,"loc":{"start":{"line":21,"column":14},"end":{"line":21,"column":26}},"locations":[{"start":{"line":21,"column":14},"end":{"line":21,"column":26}}]},"17":{"type":"branch","line":25,"loc":{"start":{"line":25,"column":0},"end":{"line":39,"column":1}},"locations":[{"start":{"line":25,"column":0},"end":{"line":39,"column":1}}]},"18":{"type":"branch","line":26,"loc":{"start":{"line":26,"column":34},"end":{"line":26,"column":52}},"locations":[{"start":{"line":26,"column":34},"end":{"line":26,"column":52}}]},"19":{"type":"branch","line":26,"loc":{"start":{"line":26,"column":34},"end":{"line":26,"column":48}},"locations":[{"start":{"line":26,"column":34},"end":{"line":26,"column":48}}]},"20":{"type":"branch","line":26,"loc":{"start":{"line":26,"column":45},"end":{"line":26,"column":52}},"locations":[{"start":{"line":26,"column":45},"end":{"line":26,"column":52}}]},"21":{"type":"branch","line":26,"loc":{"start":{"line":26,"column":52},"end":{"line":27,"column":43}},"locations":[{"start":{"line":26,"column":52},"end":{"line":27,"column":43}}]},"22":{"type":"branch","line":27,"loc":{"start":{"line":27,"column":21},"end":{"line":27,"column":39}},"locations":[{"start":{"line":27,"column":21},"end":{"line":27,"column":39}}]},"23":{"type":"branch","line":27,"loc":{"start":{"line":27,"column":39},"end":{"line":28,"column":37}},"locations":[{"start":{"line":27,"column":39},"end":{"line":28,"column":37}}]},"24":{"type":"branch","line":28,"loc":{"start":{"line":28,"column":21},"end":{"line":28,"column":33}},"locations":[{"start":{"line":28,"column":21},"end":{"line":28,"column":33}}]},"25":{"type":"branch","line":28,"loc":{"start":{"line":28,"column":33},"end":{"line":29,"column":79}},"locations":[{"start":{"line":28,"column":33},"end":{"line":29,"column":79}}]},"26":{"type":"branch","line":29,"loc":{"start":{"line":29,"column":27},"end":{"line":30,"column":20}},"locations":[{"start":{"line":29,"column":27},"end":{"line":30,"column":20}}]},"27":{"type":"branch","line":33,"loc":{"start":{"line":33,"column":35},"end":{"line":33,"column":81}},"locations":[{"start":{"line":33,"column":35},"end":{"line":33,"column":81}}]},"28":{"type":"branch","line":34,"loc":{"start":{"line":34,"column":33},"end":{"line":34,"column":48}},"locations":[{"start":{"line":34,"column":33},"end":{"line":34,"column":48}}]},"29":{"type":"branch","line":36,"loc":{"start":{"line":36,"column":29},"end":{"line":36,"column":42}},"locations":[{"start":{"line":36,"column":29},"end":{"line":36,"column":42}}]},"30":{"type":"branch","line":41,"loc":{"start":{"line":41,"column":0},"end":{"line":52,"column":1}},"locations":[{"start":{"line":41,"column":0},"end":{"line":52,"column":1}}]},"31":{"type":"branch","line":42,"loc":{"start":{"line":42,"column":52},"end":{"line":42,"column":91}},"locations":[{"start":{"line":42,"column":52},"end":{"line":42,"column":91}}]},"32":{"type":"branch","line":42,"loc":{"start":{"line":42,"column":86},"end":{"line":42,"column":107}},"locations":[{"start":{"line":42,"column":86},"end":{"line":42,"column":107}}]},"33":{"type":"branch","line":45,"loc":{"start":{"line":45,"column":19},"end":{"line":45,"column":61}},"locations":[{"start":{"line":45,"column":19},"end":{"line":45,"column":61}}]},"34":{"type":"branch","line":45,"loc":{"start":{"line":45,"column":49},"end":{"line":45,"column":64}},"locations":[{"start":{"line":45,"column":49},"end":{"line":45,"column":64}}]},"35":{"type":"branch","line":46,"loc":{"start":{"line":46,"column":33},"end":{"line":46,"column":64}},"locations":[{"start":{"line":46,"column":33},"end":{"line":46,"column":64}}]},"36":{"type":"branch","line":46,"loc":{"start":{"line":46,"column":59},"end":{"line":46,"column":74}},"locations":[{"start":{"line":46,"column":59},"end":{"line":46,"column":74}}]},"37":{"type":"branch","line":54,"loc":{"start":{"line":54,"column":0},"end":{"line":64,"column":1}},"locations":[{"start":{"line":54,"column":0},"end":{"line":64,"column":1}}]},"38":{"type":"branch","line":57,"loc":{"start":{"line":57,"column":20},"end":{"line":57,"column":45}},"locations":[{"start":{"line":57,"column":20},"end":{"line":57,"column":45}}]},"39":{"type":"branch","line":57,"loc":{"start":{"line":57,"column":31},"end":{"line":57,"column":48}},"locations":[{"start":{"line":57,"column":31},"end":{"line":57,"column":48}}]},"40":{"type":"branch","line":58,"loc":{"start":{"line":58,"column":31},"end":{"line":58,"column":63}},"locations":[{"start":{"line":58,"column":31},"end":{"line":58,"column":63}}]},"41":{"type":"branch","line":58,"loc":{"start":{"line":58,"column":58},"end":{"line":58,"column":73}},"locations":[{"start":{"line":58,"column":58},"end":{"line":58,"column":73}}]},"42":{"type":"branch","line":66,"loc":{"start":{"line":66,"column":0},"end":{"line":73,"column":1}},"locations":[{"start":{"line":66,"column":0},"end":{"line":73,"column":1}}]},"43":{"type":"branch","line":69,"loc":{"start":{"line":69,"column":21},"end":{"line":69,"column":30}},"locations":[{"start":{"line":69,"column":21},"end":{"line":69,"column":30}}]},"44":{"type":"branch","line":70,"loc":{"start":{"line":70,"column":33},"end":{"line":70,"column":48}},"locations":[{"start":{"line":70,"column":33},"end":{"line":70,"column":48}}]},"45":{"type":"branch","line":75,"loc":{"start":{"line":75,"column":0},"end":{"line":77,"column":1}},"locations":[{"start":{"line":75,"column":0},"end":{"line":77,"column":1}}]},"46":{"type":"branch","line":76,"loc":{"start":{"line":76,"column":15},"end":{"line":76,"column":31}},"locations":[{"start":{"line":76,"column":15},"end":{"line":76,"column":31}}]},"47":{"type":"branch","line":76,"loc":{"start":{"line":76,"column":39},"end":{"line":76,"column":80}},"locations":[{"start":{"line":76,"column":39},"end":{"line":76,"column":80}}]},"48":{"type":"branch","line":76,"loc":{"start":{"line":76,"column":66},"end":{"line":76,"column":80}},"locations":[{"start":{"line":76,"column":66},"end":{"line":76,"column":80}}]},"49":{"type":"branch","line":79,"loc":{"start":{"line":79,"column":0},"end":{"line":81,"column":1}},"locations":[{"start":{"line":79,"column":0},"end":{"line":81,"column":1}}]},"50":{"type":"branch","line":80,"loc":{"start":{"line":80,"column":19},"end":{"line":80,"column":43}},"locations":[{"start":{"line":80,"column":19},"end":{"line":80,"column":43}}]},"51":{"type":"branch","line":83,"loc":{"start":{"line":83,"column":0},"end":{"line":90,"column":1}},"locations":[{"start":{"line":83,"column":0},"end":{"line":90,"column":1}}]},"52":{"type":"branch","line":86,"loc":{"start":{"line":86,"column":17},"end":{"line":86,"column":29}},"locations":[{"start":{"line":86,"column":17},"end":{"line":86,"column":29}}]},"53":{"type":"branch","line":89,"loc":{"start":{"line":89,"column":19},"end":{"line":89,"column":47}},"locations":[{"start":{"line":89,"column":19},"end":{"line":89,"column":47}}]},"54":{"type":"branch","line":86,"loc":{"start":{"line":86,"column":33},"end":{"line":86,"column":59}},"locations":[{"start":{"line":86,"column":33},"end":{"line":86,"column":59}}]},"55":{"type":"branch","line":86,"loc":{"start":{"line":86,"column":68},"end":{"line":86,"column":140}},"locations":[{"start":{"line":86,"column":68},"end":{"line":86,"column":140}}]},"56":{"type":"branch","line":86,"loc":{"start":{"line":86,"column":83},"end":{"line":86,"column":107}},"locations":[{"start":{"line":86,"column":83},"end":{"line":86,"column":107}}]},"57":{"type":"branch","line":86,"loc":{"start":{"line":86,"column":101},"end":{"line":86,"column":140}},"locations":[{"start":{"line":86,"column":101},"end":{"line":86,"column":140}}]},"58":{"type":"branch","line":87,"loc":{"start":{"line":87,"column":26},"end":{"line":87,"column":63}},"locations":[{"start":{"line":87,"column":26},"end":{"line":87,"column":63}}]},"59":{"type":"branch","line":88,"loc":{"start":{"line":88,"column":28},"end":{"line":88,"column":66}},"locations":[{"start":{"line":88,"column":28},"end":{"line":88,"column":66}}]},"60":{"type":"branch","line":93,"loc":{"start":{"line":93,"column":2},"end":{"line":93,"column":48}},"locations":[{"start":{"line":93,"column":2},"end":{"line":93,"column":48}}]},"61":{"type":"branch","line":113,"loc":{"start":{"line":113,"column":2},"end":{"line":127,"column":3}},"locations":[{"start":{"line":113,"column":2},"end":{"line":127,"column":3}}]},"62":{"type":"branch","line":120,"loc":{"start":{"line":120,"column":17},"end":{"line":120,"column":26}},"locations":[{"start":{"line":120,"column":17},"end":{"line":120,"column":26}}]},"63":{"type":"branch","line":120,"loc":{"start":{"line":120,"column":25},"end":{"line":124,"column":23}},"locations":[{"start":{"line":120,"column":25},"end":{"line":124,"column":23}}]},"64":{"type":"branch","line":124,"loc":{"start":{"line":124,"column":16},"end":{"line":124,"column":25}},"locations":[{"start":{"line":124,"column":16},"end":{"line":124,"column":25}}]},"65":{"type":"branch","line":124,"loc":{"start":{"line":124,"column":24},"end":{"line":126,"column":23}},"locations":[{"start":{"line":124,"column":24},"end":{"line":126,"column":23}}]},"66":{"type":"branch","line":126,"loc":{"start":{"line":126,"column":18},"end":{"line":126,"column":27}},"locations":[{"start":{"line":126,"column":18},"end":{"line":126,"column":27}}]},"67":{"type":"branch","line":126,"loc":{"start":{"line":126,"column":31},"end":{"line":126,"column":65}},"locations":[{"start":{"line":126,"column":31},"end":{"line":126,"column":65}}]},"68":{"type":"branch","line":129,"loc":{"start":{"line":129,"column":2},"end":{"line":154,"column":3}},"locations":[{"start":{"line":129,"column":2},"end":{"line":154,"column":3}}]},"69":{"type":"branch","line":134,"loc":{"start":{"line":134,"column":8},"end":{"line":134,"column":25}},"locations":[{"start":{"line":134,"column":8},"end":{"line":134,"column":25}}]},"70":{"type":"branch","line":134,"loc":{"start":{"line":134,"column":25},"end":{"line":143,"column":5}},"locations":[{"start":{"line":134,"column":25},"end":{"line":143,"column":5}}]},"71":{"type":"branch","line":138,"loc":{"start":{"line":138,"column":38},"end":{"line":138,"column":119}},"locations":[{"start":{"line":138,"column":38},"end":{"line":138,"column":119}}]},"72":{"type":"branch","line":138,"loc":{"start":{"line":138,"column":118},"end":{"line":139,"column":46}},"locations":[{"start":{"line":138,"column":118},"end":{"line":139,"column":46}}]},"73":{"type":"branch","line":139,"loc":{"start":{"line":139,"column":39},"end":{"line":139,"column":123}},"locations":[{"start":{"line":139,"column":39},"end":{"line":139,"column":123}}]},"74":{"type":"branch","line":139,"loc":{"start":{"line":139,"column":122},"end":{"line":140,"column":47}},"locations":[{"start":{"line":139,"column":122},"end":{"line":140,"column":47}}]},"75":{"type":"branch","line":140,"loc":{"start":{"line":140,"column":40},"end":{"line":140,"column":127}},"locations":[{"start":{"line":140,"column":40},"end":{"line":140,"column":127}}]},"76":{"type":"branch","line":140,"loc":{"start":{"line":140,"column":126},"end":{"line":141,"column":135}},"locations":[{"start":{"line":140,"column":126},"end":{"line":141,"column":135}}]},"77":{"type":"branch","line":141,"loc":{"start":{"line":141,"column":134},"end":{"line":143,"column":5}},"locations":[{"start":{"line":141,"column":134},"end":{"line":143,"column":5}}]},"78":{"type":"branch","line":143,"loc":{"start":{"line":143,"column":4},"end":{"line":153,"column":5}},"locations":[{"start":{"line":143,"column":4},"end":{"line":153,"column":5}}]},"79":{"type":"branch","line":138,"loc":{"start":{"line":138,"column":75},"end":{"line":138,"column":118}},"locations":[{"start":{"line":138,"column":75},"end":{"line":138,"column":118}}]},"80":{"type":"branch","line":139,"loc":{"start":{"line":139,"column":77},"end":{"line":139,"column":122}},"locations":[{"start":{"line":139,"column":77},"end":{"line":139,"column":122}}]},"81":{"type":"branch","line":140,"loc":{"start":{"line":140,"column":79},"end":{"line":140,"column":126}},"locations":[{"start":{"line":140,"column":79},"end":{"line":140,"column":126}}]},"82":{"type":"branch","line":141,"loc":{"start":{"line":141,"column":83},"end":{"line":141,"column":134}},"locations":[{"start":{"line":141,"column":83},"end":{"line":141,"column":134}}]},"83":{"type":"branch","line":149,"loc":{"start":{"line":149,"column":24},"end":{"line":149,"column":81}},"locations":[{"start":{"line":149,"column":24},"end":{"line":149,"column":81}}]},"84":{"type":"branch","line":149,"loc":{"start":{"line":149,"column":52},"end":{"line":149,"column":81}},"locations":[{"start":{"line":149,"column":52},"end":{"line":149,"column":81}}]},"85":{"type":"branch","line":149,"loc":{"start":{"line":149,"column":107},"end":{"line":149,"column":150}},"locations":[{"start":{"line":149,"column":107},"end":{"line":149,"column":150}}]},"86":{"type":"branch","line":150,"loc":{"start":{"line":150,"column":25},"end":{"line":150,"column":60}},"locations":[{"start":{"line":150,"column":25},"end":{"line":150,"column":60}}]},"87":{"type":"branch","line":151,"loc":{"start":{"line":151,"column":26},"end":{"line":151,"column":62}},"locations":[{"start":{"line":151,"column":26},"end":{"line":151,"column":62}}]},"88":{"type":"branch","line":156,"loc":{"start":{"line":156,"column":2},"end":{"line":164,"column":3}},"locations":[{"start":{"line":156,"column":2},"end":{"line":164,"column":3}}]},"89":{"type":"branch","line":158,"loc":{"start":{"line":158,"column":17},"end":{"line":158,"column":46}},"locations":[{"start":{"line":158,"column":17},"end":{"line":158,"column":46}}]},"90":{"type":"branch","line":158,"loc":{"start":{"line":158,"column":34},"end":{"line":158,"column":49}},"locations":[{"start":{"line":158,"column":34},"end":{"line":158,"column":49}}]},"91":{"type":"branch","line":159,"loc":{"start":{"line":159,"column":11},"end":{"line":162,"column":8}},"locations":[{"start":{"line":159,"column":11},"end":{"line":162,"column":8}}]},"92":{"type":"branch","line":160,"loc":{"start":{"line":160,"column":34},"end":{"line":160,"column":71}},"locations":[{"start":{"line":160,"column":34},"end":{"line":160,"column":71}}]},"93":{"type":"branch","line":160,"loc":{"start":{"line":160,"column":53},"end":{"line":160,"column":66}},"locations":[{"start":{"line":160,"column":53},"end":{"line":160,"column":66}}]},"94":{"type":"branch","line":160,"loc":{"start":{"line":160,"column":66},"end":{"line":160,"column":74}},"locations":[{"start":{"line":160,"column":66},"end":{"line":160,"column":74}}]},"95":{"type":"branch","line":161,"loc":{"start":{"line":161,"column":18},"end":{"line":161,"column":34}},"locations":[{"start":{"line":161,"column":18},"end":{"line":161,"column":34}}]},"96":{"type":"branch","line":163,"loc":{"start":{"line":163,"column":14},"end":{"line":163,"column":63}},"locations":[{"start":{"line":163,"column":14},"end":{"line":163,"column":63}}]},"97":{"type":"branch","line":166,"loc":{"start":{"line":166,"column":2},"end":{"line":195,"column":3}},"locations":[{"start":{"line":166,"column":2},"end":{"line":195,"column":3}}]},"98":{"type":"branch","line":168,"loc":{"start":{"line":168,"column":14},"end":{"line":168,"column":82}},"locations":[{"start":{"line":168,"column":14},"end":{"line":168,"column":82}}]},"99":{"type":"branch","line":168,"loc":{"start":{"line":168,"column":81},"end":{"line":170,"column":46}},"locations":[{"start":{"line":168,"column":81},"end":{"line":170,"column":46}}]},"100":{"type":"branch","line":170,"loc":{"start":{"line":170,"column":46},"end":{"line":170,"column":60}},"locations":[{"start":{"line":170,"column":46},"end":{"line":170,"column":60}}]},"101":{"type":"branch","line":175,"loc":{"start":{"line":175,"column":30},"end":{"line":175,"column":46}},"locations":[{"start":{"line":175,"column":30},"end":{"line":175,"column":46}}]},"102":{"type":"branch","line":176,"loc":{"start":{"line":176,"column":31},"end":{"line":176,"column":45}},"locations":[{"start":{"line":176,"column":31},"end":{"line":176,"column":45}}]},"103":{"type":"branch","line":177,"loc":{"start":{"line":177,"column":46},"end":{"line":177,"column":89}},"locations":[{"start":{"line":177,"column":46},"end":{"line":177,"column":89}}]},"104":{"type":"branch","line":177,"loc":{"start":{"line":177,"column":84},"end":{"line":177,"column":93}},"locations":[{"start":{"line":177,"column":84},"end":{"line":177,"column":93}}]},"105":{"type":"branch","line":178,"loc":{"start":{"line":178,"column":34},"end":{"line":183,"column":111}},"locations":[{"start":{"line":178,"column":34},"end":{"line":183,"column":111}}]},"106":{"type":"branch","line":182,"loc":{"start":{"line":182,"column":41},"end":{"line":183,"column":111}},"locations":[{"start":{"line":182,"column":41},"end":{"line":183,"column":111}}]},"107":{"type":"branch","line":183,"loc":{"start":{"line":183,"column":37},"end":{"line":183,"column":69}},"locations":[{"start":{"line":183,"column":37},"end":{"line":183,"column":69}}]},"108":{"type":"branch","line":184,"loc":{"start":{"line":184,"column":4},"end":{"line":194,"column":5}},"locations":[{"start":{"line":184,"column":4},"end":{"line":194,"column":5}}]},"109":{"type":"branch","line":178,"loc":{"start":{"line":178,"column":61},"end":{"line":181,"column":7}},"locations":[{"start":{"line":178,"column":61},"end":{"line":181,"column":7}}]},"110":{"type":"branch","line":180,"loc":{"start":{"line":180,"column":31},"end":{"line":180,"column":78}},"locations":[{"start":{"line":180,"column":31},"end":{"line":180,"column":78}}]},"111":{"type":"branch","line":180,"loc":{"start":{"line":180,"column":74},"end":{"line":180,"column":82}},"locations":[{"start":{"line":180,"column":74},"end":{"line":180,"column":82}}]},"112":{"type":"branch","line":197,"loc":{"start":{"line":197,"column":2},"end":{"line":229,"column":3}},"locations":[{"start":{"line":197,"column":2},"end":{"line":229,"column":3}}]},"113":{"type":"branch","line":199,"loc":{"start":{"line":199,"column":14},"end":{"line":199,"column":79}},"locations":[{"start":{"line":199,"column":14},"end":{"line":199,"column":79}}]},"114":{"type":"branch","line":199,"loc":{"start":{"line":199,"column":78},"end":{"line":203,"column":53}},"locations":[{"start":{"line":199,"column":78},"end":{"line":203,"column":53}}]},"115":{"type":"branch","line":203,"loc":{"start":{"line":203,"column":45},"end":{"line":203,"column":104}},"locations":[{"start":{"line":203,"column":45},"end":{"line":203,"column":104}}]},"116":{"type":"branch","line":203,"loc":{"start":{"line":203,"column":96},"end":{"line":203,"column":113}},"locations":[{"start":{"line":203,"column":96},"end":{"line":203,"column":113}}]},"117":{"type":"branch","line":204,"loc":{"start":{"line":204,"column":31},"end":{"line":204,"column":47}},"locations":[{"start":{"line":204,"column":31},"end":{"line":204,"column":47}}]},"118":{"type":"branch","line":204,"loc":{"start":{"line":204,"column":39},"end":{"line":204,"column":51}},"locations":[{"start":{"line":204,"column":39},"end":{"line":204,"column":51}}]},"119":{"type":"branch","line":204,"loc":{"start":{"line":204,"column":51},"end":{"line":205,"column":48}},"locations":[{"start":{"line":204,"column":51},"end":{"line":205,"column":48}}]},"120":{"type":"branch","line":205,"loc":{"start":{"line":205,"column":44},"end":{"line":206,"column":55}},"locations":[{"start":{"line":205,"column":44},"end":{"line":206,"column":55}}]},"121":{"type":"branch","line":208,"loc":{"start":{"line":208,"column":24},"end":{"line":208,"column":40}},"locations":[{"start":{"line":208,"column":24},"end":{"line":208,"column":40}}]},"122":{"type":"branch","line":223,"loc":{"start":{"line":223,"column":25},"end":{"line":223,"column":38}},"locations":[{"start":{"line":223,"column":25},"end":{"line":223,"column":38}}]},"123":{"type":"branch","line":223,"loc":{"start":{"line":223,"column":38},"end":{"line":223,"column":53}},"locations":[{"start":{"line":223,"column":38},"end":{"line":223,"column":53}}]},"124":{"type":"branch","line":208,"loc":{"start":{"line":208,"column":44},"end":{"line":218,"column":5}},"locations":[{"start":{"line":208,"column":44},"end":{"line":218,"column":5}}]},"125":{"type":"branch","line":209,"loc":{"start":{"line":209,"column":40},"end":{"line":209,"column":54}},"locations":[{"start":{"line":209,"column":40},"end":{"line":209,"column":54}}]},"126":{"type":"branch","line":209,"loc":{"start":{"line":209,"column":51},"end":{"line":209,"column":58}},"locations":[{"start":{"line":209,"column":51},"end":{"line":209,"column":58}}]},"127":{"type":"branch","line":209,"loc":{"start":{"line":209,"column":58},"end":{"line":209,"column":96}},"locations":[{"start":{"line":209,"column":58},"end":{"line":209,"column":96}}]},"128":{"type":"branch","line":209,"loc":{"start":{"line":209,"column":77},"end":{"line":209,"column":95}},"locations":[{"start":{"line":209,"column":77},"end":{"line":209,"column":95}}]},"129":{"type":"branch","line":212,"loc":{"start":{"line":212,"column":33},"end":{"line":212,"column":42}},"locations":[{"start":{"line":212,"column":33},"end":{"line":212,"column":42}}]},"130":{"type":"branch","line":213,"loc":{"start":{"line":213,"column":34},"end":{"line":213,"column":49}},"locations":[{"start":{"line":213,"column":34},"end":{"line":213,"column":49}}]},"131":{"type":"branch","line":214,"loc":{"start":{"line":214,"column":16},"end":{"line":214,"column":38}},"locations":[{"start":{"line":214,"column":16},"end":{"line":214,"column":38}}]},"132":{"type":"branch","line":215,"loc":{"start":{"line":215,"column":30},"end":{"line":215,"column":43}},"locations":[{"start":{"line":215,"column":30},"end":{"line":215,"column":43}}]},"133":{"type":"branch","line":249,"loc":{"start":{"line":249,"column":2},"end":{"line":255,"column":3}},"locations":[{"start":{"line":249,"column":2},"end":{"line":255,"column":3}}]},"134":{"type":"branch","line":251,"loc":{"start":{"line":251,"column":17},"end":{"line":251,"column":32}},"locations":[{"start":{"line":251,"column":17},"end":{"line":251,"column":32}}]},"135":{"type":"branch","line":252,"loc":{"start":{"line":252,"column":11},"end":{"line":252,"column":46}},"locations":[{"start":{"line":252,"column":11},"end":{"line":252,"column":46}}]},"136":{"type":"branch","line":253,"loc":{"start":{"line":253,"column":14},"end":{"line":253,"column":55}},"locations":[{"start":{"line":253,"column":14},"end":{"line":253,"column":55}}]},"137":{"type":"branch","line":257,"loc":{"start":{"line":257,"column":2},"end":{"line":274,"column":3}},"locations":[{"start":{"line":257,"column":2},"end":{"line":274,"column":3}}]},"138":{"type":"branch","line":259,"loc":{"start":{"line":259,"column":56},"end":{"line":260,"column":31}},"locations":[{"start":{"line":259,"column":56},"end":{"line":260,"column":31}}]},"139":{"type":"branch","line":260,"loc":{"start":{"line":260,"column":19},"end":{"line":260,"column":34}},"locations":[{"start":{"line":260,"column":19},"end":{"line":260,"column":34}}]},"140":{"type":"branch","line":264,"loc":{"start":{"line":264,"column":4},"end":{"line":273,"column":5}},"locations":[{"start":{"line":264,"column":4},"end":{"line":273,"column":5}}]},"141":{"type":"branch","line":266,"loc":{"start":{"line":266,"column":57},"end":{"line":267,"column":33}},"locations":[{"start":{"line":266,"column":57},"end":{"line":267,"column":33}}]},"142":{"type":"branch","line":267,"loc":{"start":{"line":267,"column":21},"end":{"line":267,"column":36}},"locations":[{"start":{"line":267,"column":21},"end":{"line":267,"column":36}}]},"143":{"type":"branch","line":270,"loc":{"start":{"line":270,"column":6},"end":{"line":272,"column":7}},"locations":[{"start":{"line":270,"column":6},"end":{"line":272,"column":7}}]},"144":{"type":"branch","line":261,"loc":{"start":{"line":261,"column":17},"end":{"line":261,"column":45}},"locations":[{"start":{"line":261,"column":17},"end":{"line":261,"column":45}}]},"145":{"type":"branch","line":261,"loc":{"start":{"line":261,"column":31},"end":{"line":261,"column":45}},"locations":[{"start":{"line":261,"column":31},"end":{"line":261,"column":45}}]},"146":{"type":"branch","line":262,"loc":{"start":{"line":262,"column":16},"end":{"line":262,"column":57}},"locations":[{"start":{"line":262,"column":16},"end":{"line":262,"column":57}}]},"147":{"type":"branch","line":268,"loc":{"start":{"line":268,"column":18},"end":{"line":268,"column":59}},"locations":[{"start":{"line":268,"column":18},"end":{"line":268,"column":59}}]},"148":{"type":"branch","line":276,"loc":{"start":{"line":276,"column":2},"end":{"line":293,"column":3}},"locations":[{"start":{"line":276,"column":2},"end":{"line":293,"column":3}}]},"149":{"type":"branch","line":278,"loc":{"start":{"line":278,"column":60},"end":{"line":278,"column":65}},"locations":[{"start":{"line":278,"column":60},"end":{"line":278,"column":65}}]},"150":{"type":"branch","line":278,"loc":{"start":{"line":278,"column":60},"end":{"line":278,"column":81}},"locations":[{"start":{"line":278,"column":60},"end":{"line":278,"column":81}}]},"151":{"type":"branch","line":279,"loc":{"start":{"line":279,"column":32},"end":{"line":279,"column":48}},"locations":[{"start":{"line":279,"column":32},"end":{"line":279,"column":48}}]},"152":{"type":"branch","line":279,"loc":{"start":{"line":279,"column":48},"end":{"line":288,"column":7}},"locations":[{"start":{"line":279,"column":48},"end":{"line":288,"column":7}}]},"153":{"type":"branch","line":280,"loc":{"start":{"line":280,"column":55},"end":{"line":280,"column":90}},"locations":[{"start":{"line":280,"column":55},"end":{"line":280,"column":90}}]},"154":{"type":"branch","line":280,"loc":{"start":{"line":280,"column":85},"end":{"line":280,"column":92}},"locations":[{"start":{"line":280,"column":85},"end":{"line":280,"column":92}}]},"155":{"type":"branch","line":281,"loc":{"start":{"line":281,"column":51},"end":{"line":281,"column":59}},"locations":[{"start":{"line":281,"column":51},"end":{"line":281,"column":59}}]},"156":{"type":"branch","line":282,"loc":{"start":{"line":282,"column":24},"end":{"line":282,"column":39}},"locations":[{"start":{"line":282,"column":24},"end":{"line":282,"column":39}}]},"157":{"type":"branch","line":288,"loc":{"start":{"line":288,"column":6},"end":{"line":292,"column":5}},"locations":[{"start":{"line":288,"column":6},"end":{"line":292,"column":5}}]},"158":{"type":"branch","line":283,"loc":{"start":{"line":283,"column":15},"end":{"line":286,"column":12}},"locations":[{"start":{"line":283,"column":15},"end":{"line":286,"column":12}}]},"159":{"type":"branch","line":284,"loc":{"start":{"line":284,"column":41},"end":{"line":284,"column":49}},"locations":[{"start":{"line":284,"column":41},"end":{"line":284,"column":49}}]},"160":{"type":"branch","line":285,"loc":{"start":{"line":285,"column":25},"end":{"line":285,"column":69}},"locations":[{"start":{"line":285,"column":25},"end":{"line":285,"column":69}}]},"161":{"type":"branch","line":285,"loc":{"start":{"line":285,"column":59},"end":{"line":285,"column":72}},"locations":[{"start":{"line":285,"column":59},"end":{"line":285,"column":72}}]},"162":{"type":"branch","line":287,"loc":{"start":{"line":287,"column":18},"end":{"line":287,"column":79}},"locations":[{"start":{"line":287,"column":18},"end":{"line":287,"column":79}}]},"163":{"type":"branch","line":295,"loc":{"start":{"line":295,"column":2},"end":{"line":307,"column":3}},"locations":[{"start":{"line":295,"column":2},"end":{"line":307,"column":3}}]},"164":{"type":"branch","line":297,"loc":{"start":{"line":297,"column":70},"end":{"line":297,"column":75}},"locations":[{"start":{"line":297,"column":70},"end":{"line":297,"column":75}}]},"165":{"type":"branch","line":297,"loc":{"start":{"line":297,"column":70},"end":{"line":297,"column":91}},"locations":[{"start":{"line":297,"column":70},"end":{"line":297,"column":91}}]},"166":{"type":"branch","line":298,"loc":{"start":{"line":298,"column":18},"end":{"line":298,"column":33}},"locations":[{"start":{"line":298,"column":18},"end":{"line":298,"column":33}}]},"167":{"type":"branch","line":304,"loc":{"start":{"line":304,"column":4},"end":{"line":306,"column":5}},"locations":[{"start":{"line":304,"column":4},"end":{"line":306,"column":5}}]},"168":{"type":"branch","line":299,"loc":{"start":{"line":299,"column":13},"end":{"line":302,"column":10}},"locations":[{"start":{"line":299,"column":13},"end":{"line":302,"column":10}}]},"169":{"type":"branch","line":300,"loc":{"start":{"line":300,"column":36},"end":{"line":300,"column":73}},"locations":[{"start":{"line":300,"column":36},"end":{"line":300,"column":73}}]},"170":{"type":"branch","line":300,"loc":{"start":{"line":300,"column":68},"end":{"line":300,"column":76}},"locations":[{"start":{"line":300,"column":68},"end":{"line":300,"column":76}}]},"171":{"type":"branch","line":301,"loc":{"start":{"line":301,"column":20},"end":{"line":301,"column":36}},"locations":[{"start":{"line":301,"column":20},"end":{"line":301,"column":36}}]},"172":{"type":"branch","line":303,"loc":{"start":{"line":303,"column":16},"end":{"line":303,"column":65}},"locations":[{"start":{"line":303,"column":16},"end":{"line":303,"column":65}}]},"173":{"type":"branch","line":309,"loc":{"start":{"line":309,"column":2},"end":{"line":320,"column":3}},"locations":[{"start":{"line":309,"column":2},"end":{"line":320,"column":3}}]},"174":{"type":"branch","line":310,"loc":{"start":{"line":310,"column":65},"end":{"line":310,"column":86}},"locations":[{"start":{"line":310,"column":65},"end":{"line":310,"column":86}}]},"175":{"type":"branch","line":311,"loc":{"start":{"line":311,"column":16},"end":{"line":311,"column":44}},"locations":[{"start":{"line":311,"column":16},"end":{"line":311,"column":44}}]},"176":{"type":"branch","line":311,"loc":{"start":{"line":311,"column":32},"end":{"line":311,"column":47}},"locations":[{"start":{"line":311,"column":32},"end":{"line":311,"column":47}}]},"177":{"type":"branch","line":312,"loc":{"start":{"line":312,"column":11},"end":{"line":318,"column":8}},"locations":[{"start":{"line":312,"column":11},"end":{"line":318,"column":8}}]},"178":{"type":"branch","line":313,"loc":{"start":{"line":313,"column":34},"end":{"line":313,"column":71}},"locations":[{"start":{"line":313,"column":34},"end":{"line":313,"column":71}}]},"179":{"type":"branch","line":313,"loc":{"start":{"line":313,"column":53},"end":{"line":313,"column":66}},"locations":[{"start":{"line":313,"column":53},"end":{"line":313,"column":66}}]},"180":{"type":"branch","line":313,"loc":{"start":{"line":313,"column":66},"end":{"line":313,"column":74}},"locations":[{"start":{"line":313,"column":66},"end":{"line":313,"column":74}}]},"181":{"type":"branch","line":314,"loc":{"start":{"line":314,"column":18},"end":{"line":314,"column":34}},"locations":[{"start":{"line":314,"column":18},"end":{"line":314,"column":34}}]},"182":{"type":"branch","line":314,"loc":{"start":{"line":314,"column":42},"end":{"line":317,"column":9}},"locations":[{"start":{"line":314,"column":42},"end":{"line":317,"column":9}}]},"183":{"type":"branch","line":315,"loc":{"start":{"line":315,"column":29},"end":{"line":315,"column":66}},"locations":[{"start":{"line":315,"column":29},"end":{"line":315,"column":66}}]},"184":{"type":"branch","line":319,"loc":{"start":{"line":319,"column":14},"end":{"line":319,"column":63}},"locations":[{"start":{"line":319,"column":14},"end":{"line":319,"column":63}}]}},"b":{"0":[140],"1":[58],"2":[82],"3":[34],"4":[56],"5":[48],"6":[46],"7":[2],"8":[0],"9":[32],"10":[22],"11":[11],"12":[9],"13":[17],"14":[0],"15":[0],"16":[0],"17":[13],"18":[11],"19":[8],"20":[7],"21":[6],"22":[0],"23":[6],"24":[1],"25":[5],"26":[5],"27":[0],"28":[2],"29":[0],"30":[4],"31":[0],"32":[0],"33":[1],"34":[0],"35":[0],"36":[0],"37":[1],"38":[0],"39":[0],"40":[0],"41":[0],"42":[3],"43":[0],"44":[0],"45":[10],"46":[0],"47":[9],"48":[0],"49":[10],"50":[4],"51":[8],"52":[0],"53":[2],"54":[36],"55":[36],"56":[18],"57":[18],"58":[14],"59":[8],"60":[52],"61":[5],"62":[1],"63":[4],"64":[1],"65":[3],"66":[0],"67":[4],"68":[10],"69":[6],"70":[6],"71":[1],"72":[5],"73":[2],"74":[3],"75":[1],"76":[2],"77":[0],"78":[4],"79":[1],"80":[2],"81":[1],"82":[1],"83":[3],"84":[0],"85":[3],"86":[3],"87":[3],"88":[2],"89":[0],"90":[0],"91":[5],"92":[2],"93":[0],"94":[2],"95":[0],"96":[5],"97":[4],"98":[1],"99":[3],"100":[0],"101":[0],"102":[0],"103":[0],"104":[0],"105":[2],"106":[1],"107":[0],"108":[3],"109":[3],"110":[2],"111":[1],"112":[5],"113":[1],"114":[4],"115":[4],"116":[0],"117":[4],"118":[0],"119":[4],"120":[4],"121":[0],"122":[4],"123":[0],"124":[4],"125":[3],"126":[2],"127":[2],"128":[0],"129":[0],"130":[0],"131":[2],"132":[0],"133":[1],"134":[0],"135":[1],"136":[1],"137":[5],"138":[2],"139":[0],"140":[3],"141":[2],"142":[0],"143":[1],"144":[2],"145":[0],"146":[2],"147":[1],"148":[4],"149":[3],"150":[0],"151":[0],"152":[2],"153":[0],"154":[0],"155":[0],"156":[0],"157":[1],"158":[4],"159":[0],"160":[0],"161":[0],"162":[4],"163":[2],"164":[1],"165":[0],"166":[0],"167":[1],"168":[1],"169":[0],"170":[0],"171":[0],"172":[1],"173":[3],"174":[0],"175":[0],"176":[0],"177":[4],"178":[2],"179":[0],"180":[2],"181":[0],"182":[1],"183":[0],"184":[4]},"fnMap":{"0":{"name":"extractText","decl":{"start":{"line":6,"column":0},"end":{"line":15,"column":1}},"loc":{"start":{"line":6,"column":0},"end":{"line":15,"column":1}},"line":6},"1":{"name":"mapThumbnails","decl":{"start":{"line":17,"column":0},"end":{"line":23,"column":1}},"loc":{"start":{"line":17,"column":0},"end":{"line":23,"column":1}},"line":17},"2":{"name":"mapSongItem","decl":{"start":{"line":25,"column":0},"end":{"line":39,"column":1}},"loc":{"start":{"line":25,"column":0},"end":{"line":39,"column":1}},"line":25},"3":{"name":"mapAlbumItem","decl":{"start":{"line":41,"column":0},"end":{"line":52,"column":1}},"loc":{"start":{"line":41,"column":0},"end":{"line":52,"column":1}},"line":41},"4":{"name":"mapArtistItem","decl":{"start":{"line":54,"column":0},"end":{"line":64,"column":1}},"loc":{"start":{"line":54,"column":0},"end":{"line":64,"column":1}},"line":54},"5":{"name":"mapPlaylistItem","decl":{"start":{"line":66,"column":0},"end":{"line":73,"column":1}},"loc":{"start":{"line":66,"column":0},"end":{"line":73,"column":1}},"line":66},"6":{"name":"flatContents","decl":{"start":{"line":75,"column":0},"end":{"line":77,"column":1}},"loc":{"start":{"line":75,"column":0},"end":{"line":77,"column":1}},"line":75},"7":{"name":"isEmptySection","decl":{"start":{"line":79,"column":0},"end":{"line":81,"column":1}},"loc":{"start":{"line":79,"column":0},"end":{"line":81,"column":1}},"line":79},"8":{"name":"parseAlbumSubtitle","decl":{"start":{"line":83,"column":0},"end":{"line":90,"column":1}},"loc":{"start":{"line":83,"column":0},"end":{"line":90,"column":1}},"line":83},"9":{"name":"DiscoveryClient","decl":{"start":{"line":93,"column":2},"end":{"line":93,"column":48}},"loc":{"start":{"line":93,"column":2},"end":{"line":93,"column":48}},"line":93},"10":{"name":"getInfo","decl":{"start":{"line":95,"column":2},"end":{"line":111,"column":3}},"loc":{"start":{"line":95,"column":2},"end":{"line":111,"column":3}},"line":95},"11":{"name":"autocomplete","decl":{"start":{"line":113,"column":2},"end":{"line":127,"column":3}},"loc":{"start":{"line":113,"column":2},"end":{"line":127,"column":3}},"line":113},"12":{"name":"search","decl":{"start":{"line":129,"column":2},"end":{"line":154,"column":3}},"loc":{"start":{"line":129,"column":2},"end":{"line":154,"column":3}},"line":129},"13":{"name":"getHome","decl":{"start":{"line":156,"column":2},"end":{"line":164,"column":3}},"loc":{"start":{"line":156,"column":2},"end":{"line":164,"column":3}},"line":156},"14":{"name":"getArtist","decl":{"start":{"line":166,"column":2},"end":{"line":195,"column":3}},"loc":{"start":{"line":166,"column":2},"end":{"line":195,"column":3}},"line":166},"15":{"name":"getAlbum","decl":{"start":{"line":197,"column":2},"end":{"line":229,"column":3}},"loc":{"start":{"line":197,"column":2},"end":{"line":229,"column":3}},"line":197},"16":{"name":"getPlaylist","decl":{"start":{"line":231,"column":2},"end":{"line":247,"column":3}},"loc":{"start":{"line":231,"column":2},"end":{"line":247,"column":3}},"line":231},"17":{"name":"getRadio","decl":{"start":{"line":249,"column":2},"end":{"line":255,"column":3}},"loc":{"start":{"line":249,"column":2},"end":{"line":255,"column":3}},"line":249},"18":{"name":"getRelated","decl":{"start":{"line":257,"column":2},"end":{"line":274,"column":3}},"loc":{"start":{"line":257,"column":2},"end":{"line":274,"column":3}},"line":257},"19":{"name":"getMoodCategories","decl":{"start":{"line":276,"column":2},"end":{"line":293,"column":3}},"loc":{"start":{"line":276,"column":2},"end":{"line":293,"column":3}},"line":276},"20":{"name":"getMoodPlaylists","decl":{"start":{"line":295,"column":2},"end":{"line":307,"column":3}},"loc":{"start":{"line":295,"column":2},"end":{"line":307,"column":3}},"line":295},"21":{"name":"getCharts","decl":{"start":{"line":309,"column":2},"end":{"line":320,"column":3}},"loc":{"start":{"line":309,"column":2},"end":{"line":320,"column":3}},"line":309}},"f":{"0":140,"1":32,"2":13,"3":4,"4":1,"5":3,"6":10,"7":10,"8":8,"9":52,"10":0,"11":5,"12":10,"13":2,"14":4,"15":5,"16":0,"17":1,"18":5,"19":4,"20":2,"21":3}}
,"/home/neon/programs/side_project/musicstream/sdk/src/discovery/ranker.ts": {"path":"/home/neon/programs/side_project/musicstream/sdk/src/discovery/ranker.ts","all":false,"statementMap":{"2":{"start":{"line":3,"column":0},"end":{"line":3,"column":116}},"3":{"start":{"line":4,"column":0},"end":{"line":4,"column":97}},"5":{"start":{"line":6,"column":0},"end":{"line":6,"column":44}},"6":{"start":{"line":7,"column":0},"end":{"line":7,"column":40}},"7":{"start":{"line":8,"column":0},"end":{"line":8,"column":1}},"9":{"start":{"line":10,"column":0},"end":{"line":10,"column":45}},"10":{"start":{"line":11,"column":0},"end":{"line":11,"column":22}},"11":{"start":{"line":12,"column":0},"end":{"line":12,"column":40}},"12":{"start":{"line":13,"column":0},"end":{"line":13,"column":1}},"16":{"start":{"line":17,"column":0},"end":{"line":17,"column":53}},"17":{"start":{"line":18,"column":0},"end":{"line":18,"column":42}},"18":{"start":{"line":19,"column":0},"end":{"line":19,"column":26}},"19":{"start":{"line":20,"column":0},"end":{"line":20,"column":43}},"20":{"start":{"line":21,"column":0},"end":{"line":21,"column":38}},"21":{"start":{"line":22,"column":0},"end":{"line":22,"column":47}},"22":{"start":{"line":23,"column":0},"end":{"line":23,"column":3}},"23":{"start":{"line":24,"column":0},"end":{"line":24,"column":13}},"24":{"start":{"line":25,"column":0},"end":{"line":25,"column":19}},"25":{"start":{"line":26,"column":0},"end":{"line":26,"column":41}},"26":{"start":{"line":27,"column":0},"end":{"line":27,"column":55}},"27":{"start":{"line":28,"column":0},"end":{"line":28,"column":3}},"28":{"start":{"line":29,"column":0},"end":{"line":29,"column":17}},"29":{"start":{"line":30,"column":0},"end":{"line":30,"column":1}},"31":{"start":{"line":32,"column":0},"end":{"line":32,"column":50}},"32":{"start":{"line":33,"column":0},"end":{"line":33,"column":35}},"35":{"start":{"line":36,"column":0},"end":{"line":36,"column":83}},"36":{"start":{"line":37,"column":0},"end":{"line":37,"column":69}},"37":{"start":{"line":38,"column":0},"end":{"line":38,"column":34}},"38":{"start":{"line":39,"column":0},"end":{"line":39,"column":67}},"39":{"start":{"line":40,"column":0},"end":{"line":40,"column":7}},"40":{"start":{"line":41,"column":0},"end":{"line":41,"column":38}},"41":{"start":{"line":42,"column":0},"end":{"line":42,"column":85}},"42":{"start":{"line":43,"column":0},"end":{"line":43,"column":7}},"43":{"start":{"line":44,"column":0},"end":{"line":44,"column":41}},"45":{"start":{"line":46,"column":0},"end":{"line":46,"column":45}},"47":{"start":{"line":48,"column":0},"end":{"line":48,"column":38}},"48":{"start":{"line":49,"column":0},"end":{"line":49,"column":41}},"49":{"start":{"line":50,"column":0},"end":{"line":50,"column":32}},"50":{"start":{"line":51,"column":0},"end":{"line":51,"column":41}},"51":{"start":{"line":52,"column":0},"end":{"line":52,"column":44}},"52":{"start":{"line":53,"column":0},"end":{"line":53,"column":41}},"53":{"start":{"line":54,"column":0},"end":{"line":54,"column":82}},"54":{"start":{"line":55,"column":0},"end":{"line":55,"column":57}},"55":{"start":{"line":56,"column":0},"end":{"line":56,"column":4}},"57":{"start":{"line":58,"column":0},"end":{"line":58,"column":66}},"58":{"start":{"line":59,"column":0},"end":{"line":59,"column":1}}},"s":{"2":1,"3":1,"5":130,"6":130,"7":130,"9":65,"10":65,"11":65,"12":65,"16":30,"17":30,"18":30,"19":65,"20":45,"21":65,"22":65,"23":30,"24":30,"25":30,"26":33,"27":33,"28":30,"29":30,"31":1,"32":31,"35":30,"36":30,"37":30,"38":30,"39":0,"40":31,"41":30,"42":0,"43":31,"45":31,"47":31,"48":65,"49":65,"50":65,"51":65,"52":65,"53":65,"54":65,"55":31,"57":31,"58":31},"branchMap":{"0":{"type":"branch","line":6,"loc":{"start":{"line":6,"column":0},"end":{"line":8,"column":1}},"locations":[{"start":{"line":6,"column":0},"end":{"line":8,"column":1}}]},"1":{"type":"branch","line":7,"loc":{"start":{"line":7,"column":31},"end":{"line":7,"column":39}},"locations":[{"start":{"line":7,"column":31},"end":{"line":7,"column":39}}]},"2":{"type":"branch","line":7,"loc":{"start":{"line":7,"column":35},"end":{"line":7,"column":40}},"locations":[{"start":{"line":7,"column":35},"end":{"line":7,"column":40}}]},"3":{"type":"branch","line":10,"loc":{"start":{"line":10,"column":0},"end":{"line":13,"column":1}},"locations":[{"start":{"line":10,"column":0},"end":{"line":13,"column":1}}]},"4":{"type":"branch","line":11,"loc":{"start":{"line":11,"column":14},"end":{"line":11,"column":22}},"locations":[{"start":{"line":11,"column":14},"end":{"line":11,"column":22}}]},"5":{"type":"branch","line":11,"loc":{"start":{"line":11,"column":21},"end":{"line":12,"column":39}},"locations":[{"start":{"line":11,"column":21},"end":{"line":12,"column":39}}]},"6":{"type":"branch","line":12,"loc":{"start":{"line":12,"column":31},"end":{"line
[...]
,"/home/neon/programs/side_project/musicstream/sdk/src/utils/url-resolver.ts": {"path":"/home/neon/programs/side_project/musicstream/sdk/src/utils/url-resolver.ts","all":false,"statementMap":{"0":{"start":{"line":1,"column":0},"end":{"line":1,"column":59}},"1":{"start":{"line":2,"column":0},"end":{"line":2,"column":90}},"2":{"start":{"line":3,"column":0},"end":{"line":3,"column":36}},"3":{"start":{"line":4,"column":0},"end":{"line":4,"column":66}},"4":{"start":{"line":5,"column":0},"end":{"line":5,"column":48}},"17":{"start":{"line":18,"column":0},"end":{"line":18,"column":53}},"18":{"start":{"line":19,"column":0},"end":{"line":19,"column":26}},"20":{"start":{"line":21,"column":0},"end":{"line":21,"column":39}},"21":{"start":{"line":22,"column":0},"end":{"line":22,"column":30}},"23":{"start":{"line":24,"column":0},"end":{"line":24,"column":37}},"24":{"start":{"line":25,"column":0},"end":{"line":25,"column":28}},"26":{"start":{"line":27,"column":0},"end":{"line":27,"column":43}},"27":{"start":{"line":28,"column":0},"end":{"line":28,"column":30}},"29":{"start":{"line":30,"column":0},"end":{"line":30,"column":14}},"30":{"start":{"line":31,"column":0},"end":{"line":31,"column":1}},"32":{"start":{"line":33,"column":0},"end":{"line":33,"column":59}},"33":{"start":{"line":34,"column":0},"end":{"line":34,"column":43}},"35":{"start":{"line":36,"column":0},"end":{"line":36,"column":7}},"36":{"start":{"line":37,"column":0},"end":{"line":37,"column":30}},"37":{"start":{"line":38,"column":0},"end":{"line":38,"column":60}},"38":{"start":{"line":39,"column":0},"end":{"line":39,"column":42}},"40":{"start":{"line":41,"column":0},"end":{"line":41,"column":44}},"41":{"start":{"line":42,"column":0},"end":{"line":42,"column":24}},"43":{"start":{"line":44,"column":0},"end":{"line":44,"column":22}},"44":{"start":{"line":45,"column":0},"end":{"line":45,"column":11}},"45":{"start":{"line":46,"column":0},"end":{"line":46,"column":15}},"46":{"start":{"line":47,"column":0},"end":{"line":47,"column":3}},"47":{"start":{"line":48,"column":0},"end":{"line":48,"column":1}},"49":{"start":{"line":50,"column":0},"end":{"line":50,"column":58}},"50":{"start":{"line":51,"column":0},"end":{"line":51,"column":7}},"51":{"start":{"line":52,"column":0},"end":{"line":52,"column":30}},"52":{"start":{"line":53,"column":0},"end":{"line":53,"column":51}},"54":{"start":{"line":55,"column":0},"end":{"line":55,"column":30}},"55":{"start":{"line":56,"column":0},"end":{"line":56,"column":38}},"56":{"start":{"line":57,"column":0},"end":{"line":57,"column":23}},"57":{"start":{"line":58,"column":0},"end":{"line":58,"column":5}},"59":{"start":{"line":60,"column":0},"end":{"line":60,"column":33}},"60":{"start":{"line":61,"column":0},"end":{"line":61,"column":41}},"61":{"start":{"line":62,"column":0},"end":{"line":62,"column":22}},"62":{"start":{"line":63,"column":0},"end":{"line":63,"column":5}},"64":{"start":{"line":65,"column":0},"end":{"line":65,"column":15}},"65":{"start":{"line":66,"column":0},"end":{"line":66,"column":11}},"66":{"start":{"line":67,"column":0},"end":{"line":67,"column":15}},"67":{"start":{"line":68,"column":0},"end":{"line":68,"column":3}},"68":{"start":{"line":69,"column":0},"end":{"line":69,"column":1}},"74":{"start":{"line":75,"column":0},"end":{"line":75,"column":78}},"75":{"start":{"line":76,"column":0},"end":{"line":76,"column":46}},"77":{"start":{"line":78,"column":0},"end":{"line":78,"column":7}},"78":{"start":{"line":79,"column":0},"end":{"line":79,"column":79}},"79":{"start":{"line":80,"column":0},"end":{"line":80,"column":29}},"80":{"start":{"line":81,"column":0},"end":{"line":81,"column":34}},"81":{"start":{"line":82,"column":0},"end":{"line":82,"column":33}},"82":{"start":{"line":83,"column":0},"end":{"line":83,"column":23}},"85":{"start":{"line":86,"column":0},"end":{"line":86,"column":25}},"86":{"start":{"line":87,"column":0},"end":{"line":87,"column":65}},"87":{"start":{"line":88,"column":0},"end":{"line":88,"column":49}},"88":{"start":{"line":89,"column":0},"end":{"line":89,"column":29}},"89":{"start":{"line":90,"column":0},"end":{"line":90,"column":11}},"90":{"start":{"line":91,"column":0},"end":{"line":91,"column":15}},"91":{"start":{"line":92,"column":0},"end":{"line":92,"column":3}},"92":{"start":{"line":93,"column":0},"end":{"line":93,"column":1}},"94":{"start":{"line":95,"column":0},"end":{"line":95,"column":63}},"95":{"start":{"line":96,"column":0},"end":{"line":96,"column":7}},"96":{"start":{"line":97,"column":0},"end":{"line":97,"column":30}},"97":{"start":{"line":98,"column":0},"end":{"line":98,"column":46}},"99":{"start":{"line":100,"column":0},"end":{"line":100,"column":60}},"102":{"start":{"line":103,"column":0},"end":{"line":103,"column":34}},"103":{"start":{"line":104,"column":0},"end":{"line":104,"column":41}},"104":{"start":{"line":105,"column":0},"end":{"line":105,"column":22}},"105":{"start":{"line":106,"column":0},"end":{"line":106,"column":5}},"108":{"start":{"line":109,"column":0},"end":{"line":109,"column":50}},"109":{"start":{"line":110,"column":0},"end":{"line":110,"column":24}},"110":{"start":{"line":111,"column":0},"end":{"line":111,"column":5}},"113":{"start":{"line":114,"column":0},"end":{"line":114,"column":37}},"114":{"start":{"line":115,"column":0},"end":{"line":115,"column":47}},"115":{"start":{"line":116,"column":0},"end":{"line":116,"column":25}},"116":{"start":{"line":117,"column":0},"end":{"line":117,"column":5}},"119":{"start":{"line":120,"column":0},"end":{"line":120,"column":35}},"120":{"start":{"line":121,"column":0},"end":{"line":121,"column":41}},"121":{"start":{"line":122,"column":0},"end":{"line":122,"column":65}},"122":{"start":{"line":123,"column":0},"end":{"line":123,"column":5}},"124":{"start":{"line":125,"column":0},"end":{"line":125,"column":15}},"125":{"start":{"line":126,"column":0},"end":{"line":126,"column":11}},"126":{"start":{"line":127,"column":0},"end":{"line":127,"column":15}},"127":{"start":{"line":128,"column":0},"end":{"line":128,"column":3}},"128":{"start":{"line":129,"column":0},"end":{"line":129,"column":1}}},"s":{"0":1,"1":1,"2":1,"3":1,"4":1,"17":1,"18":206,"20":204,"21":206,"23":190,"24":206,"26":181,"27":196,"29":167,"30":167,"32":204,"33":204,"35":14,"36":14,"37":14,"38":82,"40":14,"41":82,"43":14,"44":82,"45":0,"46":0,"47":204,"49":190,"50":190,"51":190,"52":190,"54":190,"55":4,"56":4,"57":4,"59":132,"60":6,"61":6,"62":6,"64":69,"65":144,"66":111,"67":111,"68":190,"74":9,"75":9,"77":5,"78":5,"79":9,"80":3,"81":3,"82":9,"85":2,"86":2,"87":2,"88":9,"89":9,"90":1,"91":1,"92":9,"94":181,"95":181,"96":181,"97":181,"99":15,"102":123,"103":3,"104":3,"105":3,"108":181,"109":3,"110":3,"113":26,"114":2,"115":2,"116":2,"119":16,"120":6,"121":6,"122":6,"124":1,"125":162,"126":111,"127":111,"128":181},"branchMap":{"0":{"type":"branch","line":18,"loc":{"start":{"line":18,"column":7},"end":{"line":31,"column":1}},"locations":[{"start":{"line":18,"column":7},"end":{"line":31,"column":1}}]},"1":{"type":"branch","line":19,"loc":{"start":{"line":19,"column":14},"end":{"line":19,"column":26}},"locations":[{"start":{"line":19,"column":14},"end":{"line":19,"column":26}}]},"2":{"type":"branch","line":19,"loc":{"start":{"line":19,"column":21},"end":{"line":22,"column":27}},"locations":[{"start":{"line":19,"column":21},"end":{"line":22,"column":27}}]},"3":{"type":"branch","line":22,"loc":{"start":{"line":22,"column":20},"end":{"line":22,"column":30}},"locations":[{"start":{"line":22,"column":20},"end":{"line":22,"column":30}}]},"4":{"type":"branch","line":22,"loc":{"start":{"line":22,"column":27},"end":{"line":25,"column":26}},"locations":[{"start":{"line":22,"column":27},"end":{"line":25,"column":26}}]},"5":{"type":"branch","line":25,"loc":{"start":{"line":25,"column":19},"end":{"line":28,"column":30}},"locations":[{"start":{"line":25,"column":19},"end":{"line":28,"column":30}}]},"6":{"type":"branch","line":25,"loc":{"start":{"line":25,"column":19},"end":{"line":25,"column":28}},"locations":[{"start":{"line":25,"column":19},"end":{"line":25,"column":28}}]},"7":{"type":"branch","line":25,"loc":{"start":{"line":25,"column":26},"end":{"line":28,"column":27}},"locations":[{"start":{"line":25,"column":26},"end":{"line":28,"column":27}}]},"8":{"type":"branch","line":28,"loc":{"start":{"line":28,"column":20},"end":{"line":28,"column":30}},"locations":[{"start":{"line":28,"column":20},"end":{"line":28,"column":30}}]},"9":{"type":"branch","line":28,"loc":{"start":{"line":28,"column":27},"end":{"line":31,"column":1}},"locations":[{"start":{"line":28,"column":27},"end":{"line":31,"column":1}}]},"10":{"type":"branch","line":33,"loc":{"start":{"line":33,"column":0},"end":{"line":48,"column":1}},"locations":[{"start":{"line":33,"column":0},"end":{"line":48,"column":1}}]},"11":{"type":"branch","line":34,"loc":{"start":{"line":34,"column":32},"end":{"line":34,"column":43}},"locations":[{"start":{"line":34,"column":32},"end":{"line":34,"column":43}}]},"12":{"type":"branch","line":34,"loc":{"start":{"line":34,"column":39},"end":{"line":47,"column":3}},"locations":[{"start":{"line":34,"column":39},"end":{"line":47,"column":3}}]},"13":{"type":"branch","line":34,"loc":{"start":{"line":34,"column":39},"end":{"line":39,"column":38}},"locations":[{"start":{"line":34,"column":39},"end":{"line":39,"column":38}}]},"14":{"type":"branch","line":39,"loc":{"start":{"line":39,"column":31},"end":{"line":39,"column":42}},"locations":[{"start":{"line":39,"column":31},"end":{"line":39,"column":42}}]},"15":{"type":"branch","line":39,"loc":{"start":{"line":39,"column":38},"end":{"line":42,"column":20}},"locations":[{"start":{"line":39,"column":38},"end":{"line":42,"column":20}}]},"16":{"type":"branch","line":42,"loc":{"start":{"line":42,"column":13},"end":{"line":42,"column":24}},"locations":[{"start":{"line":42,"column":13},"end":{"line":42,"column":24}}]},"17":{"type":"branch","line":42,"loc":{"start":{"line":42,"column":20},"end":{"line":45,"column":10}},"locations":[{"start":{"line":42,"column":20},"end":{"line":45,"column":10}}]},"18":{"type":"branch","line":45,"loc":{"start":{"line":45,"column":2},"end":{"line":47,"column":3}},"locations":[{"start":{"line":45,"column":2},"end":{"line":47,"column":3}}]},"19":{"type":"branch","line":50,"loc":{"start":{"line":50,"column":0},"end":{"line":69,"column":1}},"locations":[{"start":{"line":50,"column":0},"end":{"line":69,"column":1}}]},"20":{"type":"branch","line":55,"loc":{"start":{"line":55,"column":29},"end":{"line":68,"column":3}},"locations":[{"start":{"line":55,"column":29},"end":{"line":68,"column":3}}]},"21":{"type":"branch","line":55,"loc":{"start":{"line":55,"column":29},"end":{"line":66,"column":10}},"locations":[{"start":{"line":55,"column":29},"end":{"line":66,"column":10}}]},"22":{"type":"branch","line":55,"loc":{"start":{"line":55,"column":29},"end":{"line":58,"column":5}},"locations":[{"start":{"line":55,"column":29},"end":{"line":58,"column":5}}]},"23":{"type":"branch","line":57,"loc":{"start":{"line":57,"column":13},"end":{"line":57,"column":23}},"locations":[{"start":{"line":57,"column":13},"end":{"line":57,"column":23}}]},"24":{"type":"branch","line":58,"loc":{"start":{"line":58,"column":4},"end":{"line":60,"column":32}},"locations":[{"start":{"line":58,"column":4},"end":{"line":60,"column":32}}]},"25":{"type":"branch","line":60,"loc":{"start":{"line":60,"column":32},"end":{"line":63,"column":5}},"locations":[{"start":{"line":60,"column":32},"end":{"line":63,"column":5}}]},"26":{"type":"branch","line":62,"loc":{"start":{"line":62,"column":13},"end":{"line":62,"column":22}},"locations":[{"start":{"line":62,"column":13},"end":{"line":62,"column":22}}]},"27":{"type":"branch","line":63,"loc":{"start":{"line":63,"column":4},"end":{"line":66,"column":10}},"locations":[{"start":{"line":63,"column":4},"end":{"line":66,"column":10}}]},"28":{"type":"branch","line":66,"loc":{"start":{"line":66,"column":2},"end":{"line":68,"column":3}},"locations":[{"start":{"line":66,"column":2},"end":{"line":68,"column":3}}]},"29":{"type":"branch","line":75,"loc":{"start":{"line":75,"column":0},"end":{"line":93,"column":1}},"locations":[{"start":{"line":75,"column":0},"end":{"line":93,"column":1}}]},"30":{"type":"branch","line":76,"loc":{"start":{"line":76,"column":35},"end":{"line":76,"column":46}},"locations":[{"start":{"line":76,"column":35},"end":{"line":76,"column":46}}]},"31":{"type":"branch","line":76,"loc":{"start":{"line":76,"column":42},"end":{"line":79,"column":79}},"locations":[{"start":{"line":76,"column":42},"end":{"line":79,"column":79}}]},"32":{"type":"branch","line":79,"loc":{"start":{"line":79,"column":78},"end":{"line":80,"column":25}},"locations":[{"start":{"line":79,"column":78},"end":{"line":80,"column":25}}]},"33":{"type":"branch","line":80,"loc":{"start":{"line":80,"column":18},"end":{"line":80,"column":29}},"locations":[{"start":{"line":80,"column":18},"end":{"line":80,"column":29}}]},"34":{"type":"branch","line":80,"loc":{"start":{"line":80,"column":25},"end":{"line":83,"column":19}},"locations":[{"start":{"line":80,"column":25},"end":{"line":83,"column":19}}]},"35":{"type":"branch","line":83,"loc":{"start":{"line":83,"column":12},"end":{"line":83,"column":23}},"locations":[{"start":{"line":83,"column":12},"end":{"line":83,"column":23}}]},"36":{"type":"branch","line":83,"loc":{"start":{"line":83,"column":19},"end":{"line":89,"column":25}},"locations":[{"start":{"line":83,"column":19},"end":{"line":89,"column":25}}]},"37":{"type":"branch","line":89,"loc":{"start":{"line":89,"column":20},"end":{"line":89,"column":29}},"locations":[{"start":{"line":89,"column":20},"end":{"line":89,"column":29}}]},"38":{"type":"branch","line":90,"loc":{"start":{"line":90,"column":2},"end":{"line":92,"column":3}},"locations":[{"start":{"line":90,"column":2},"end":{"line":92,"column":3}}]},"39":{"type":"branch","line":95,"loc":{"start":{"line":95,"column":0},"end":{"line":129,"column":1}},"locations":[{"start":{"line":95,"column":0},"end":{"line":129,"column":1}}]},"40":{"type":"branch","line":98,"loc":{"start":{"line":98,"column":35},"end":{"line":109,"column":49}},"locations":[{"start":{"line":98,"column":35},"end":{"line":109,"column":49}}]},"41":{"type":"branch","line":98,"loc":{"start":{"line":98,"column":35},"end":{"line":103,"column":33}},"locations":[{"start":{"line":98,"column":35},"end":{"line":103,"column":33}}]},"42":{"type":"branch","line":98,"loc":{"start":{"line":98,"column":35},"end":{"line":98,"column":46}},"locations":[{"start":{"line":98,"column":35},"end":{"line":98,"column":46}}]},"43":{"type":"branch","line":98,"loc":{"start":{"line":98,"column":42},"end":{"line":103,"column":33}},"locations":[{"start":{"line":98,"column":42},"end":{"line":103,"column":33}}]},"44":{"type":"branch","line":103,"loc":{"start":{"line":103,"column":33},"end":{"line":109,"column":49}},"locations":[{"start":{"line":103,"column":33},"end":{"line":109,"column":49}}]},"45":{"type":"branch","line":103,"loc":{"start":{"line":103,"column":33},"end":{"line":106,"column":5}},"locations":[{"start":{"line":103,"column":33},"end":{"line":106,"column":5}}]},"46":{"type":"branch","line":105,"loc":{"start":{"line":105,"column":13},"end":{"line":105,"column":22}},"locations":[{"start":{"line":105,"column":13},"end":{"line":105,"column":22}}]},"47":{"type":"branch","line":106,"loc":{"start":{"line":106,"column":4},"end":{"line":109,"column":36}},"locations":[{"start":{"line":106,"column":4},"end":{"line":109,"column":36}}]},"48":{"type":"branch","line":109,"loc":{"start":{"line":109,"column":24},"end":{"line":109,"column":49}},"locations":[{"start":{"line":109,"column":24},"end":{"line":109,"column":49}}]},"49":{"type":"branch","line":109,"loc":{"start":{"line":109,"column":49},"end":{"line":128,"column":3}},"locations":[{"start":{"line":109,"column":49},"end":{"line":128,"column":3}}]},"50":{"type":"branch","line":109,"loc":{"start":{"line":109,"column":49},"end":{"line":126,"column":10}},"locations":[{"start":{"line":109,"column":49},"end":{"line":126,"column":10}}]},"51":{"type":"branch","line":109,"loc":{"start":{"line":109,"column":49},"end":{"line":114,"column":36}},"locations":[{"start":{"line":109,"column":49},"end":{"line":114,"column":36}}]},"52":{"type":"branch","line":109,"loc":{"start":{"line":109,"column":49},"end":{"line":111,"column":5}},"locations":[{"start":{"line":109,"column":49},"end":{"line":111,"column":5}}]},"53":{"type":"branch","line":111,"loc":{"start":{"line":111,"column":4},"end":{"line":114,"column":36}},"locations":[{"start":{"line":111,"column":4},"end":{"line":114,"column":36}}]},"54":{"type":"branch","line":114,"loc":{"start":{"line":114,"column":36},"end":{"line":117,"column":5}},"locations":[{"start":{"line":114,"column":36},"end":{"line":117,"column":5}}]},"55":{"type":"branch","line":116,"loc":{"start":{"line":116,"column":13},"end":{"line":116,"column":25}},"locations":[{"start":{"line":116,"column":13},"end":{"line":116,"column":25}}]},"56":{"type":"branch","line":117,"loc":{"start":{"line":117,"column":4},"end":{"line":126,"column":10}},"locations":[{"start":{"line":117,"column":4},"end":{"line":126,"column":10}}]},"57":{"type":"branch","line":117,"loc":{"start":{"line":117,"column":4},"end":{"line":123,"column":5}},"locations":[{"start":{"line":117,"column":4},"end":{"line":123,"column":5}}]},"58":{"type":"branch","line":117,"loc":{"start":{"line":117,"column":4},"end":{"line":120,"column":34}},"locations":[{"start":{"line":117,"column":4},"end":{"line":120,"column":34}}]},"59":{"type":"branch","line":120,"loc":{"start":{"line":120,"column":34},"end":{"line":123,"column":5}},"locations":[{"start":{"line":120,"column":34},"end":{"line":123,"column":5}}]},"60":{"type":"branch","line":122,"loc":{"start":{"line":122,"column":57},"end":{"line":122,"column":65}},"locations":[{"start":{"line":122,"column":57},"end":{"line":122,"column":65}}]},"61":{"type":"branch","line":123,"loc":{"start":{"line":123,"column":4},"end":{"line":126,"column":10}},"locations":[{"start":{"line":123,"column":4},"end":{"line":126,"column":10}}]},"62":{"type":"branch","line":126,"loc":{"start":{"line":126,"column":2},"end":{"line":128,"column":3}},"locations":[{"start":{"line":126,"column":2},"end":{"line":128,"column":3}}]}},"b":{"0":[206],"1":[2],"2":[204],"3":[14],"4":[190],"5":[196],"6":[9],"7":[181],"8":[14],"9":[167],"10":[204],"11":[190],"12":[82],"13":[14],"14":[0],"15":[14],"16":[0],"17":[14],"18":[0],"19":[190],"20":[144],"21":[132],"22":[4],"23":[1],"24":[75],"25":[6],"26":[0],"27":[69],"28":[111],"29":[9],"30":[4],"31":[5],"32":[4],"33":[1],"34":[3],"35":[1],"36":[2],"37":[0],"38":[1],"39":[181],"40":[123],"41":[120],"42":[55],"43":[15],"44":[26],"45":[3],"46":[0],"47":[12],"48":[3],"49":[162],"50":[26],"51":[23],"52":[3],"53":[9],"54":[2],"55":[0],"56":[22],"57":[16],"58":[7],"59":[6],"60":[0],"61":[1],"62":[111]},"fnMap":{"0":{"name":"resolveInput","decl":{"start":{"line":18,"column":7},"end":{"line":31,"column":1}},"loc":{"start":{"line":18,"column":7},"end":{"line":31,"column":1}},"line":18},"1":{"name":"resolveJioSaavnUrl","decl":{"start":{"line":33,"column":0},"end":{"line":48,"column":1}},"loc":{"start":{"line":33,"column":0},"end":{"line":48,"column":1}},"line":33},"2":{"name":"resolveYouTubeUrl","decl":{"start":{"line":50,"column":0},"end":{"line":69,"column":1}},"loc":{"start":{"line":50,"column":0},"end":{"line":69,"column":1}},"line":50},"3":{"name":"resolveSpotifyUrl","decl":{"start":{"line":75,"column":0},"end":{"line":93,"column":1}},"loc":{"start":{"line":75,"column":0},"end":{"line":93,"column":1}},"line":75},"4":{"name":"resolveYouTubeMusicUrl","decl":{"start":{"line":95,"column":0},"end":{"line":129,"column":1}},"loc":{"start":{"line":95,"column":0},"end":{"line":129,"column":1}},"line":95}},"f":{"0":206,"1":204,"2":190,"3":9,"4":181}}
}
