{"/home/neon/programs/side_project/music package/src/cache/index.ts": {"path":"/home/neon/programs/side_project/music package/src/cache/index.ts","all":false,"statementMap":{"0":{"start":{"line":1,"column":0},"end":{"line":1,"column":37}},"1":{"start":{"line":2,"column":0},"end":{"line":2,"column":0}},"2":{"start":{"line":3,"column":0},"end":{"line":3,"column":24}},"3":{"start":{"line":4,"column":0},"end":{"line":4,"column":18}},"4":{"start":{"line":5,"column":0},"end":{"line":5,"column":15}},"5":{"start":{"line":6,"column":0},"end":{"line":6,"column":1}},"6":{"start":{"line":7,"column":0},"end":{"line":7,"column":0}},"7":{"start":{"line":8,"column":0},"end":{"line":8,"column":55}},"8":{"start":{"line":9,"column":0},"end":{"line":9,"column":0}},"9":{"start":{"line":10,"column":0},"end":{"line":10,"column":20}},"10":{"start":{"line":11,"column":0},"end":{"line":11,"column":25}},"11":{"start":{"line":12,"column":0},"end":{"line":12,"column":19}},"12":{"start":{"line":13,"column":0},"end":{"line":13,"column":16}},"13":{"start":{"line":14,"column":0},"end":{"line":14,"column":17}},"14":{"start":{"line":15,"column":0},"end":{"line":15,"column":18}},"15":{"start":{"line":16,"column":0},"end":{"line":16,"column":26}},"16":{"start":{"line":17,"column":0},"end":{"line":17,"column":12}},"17":{"start":{"line":18,"column":0},"end":{"line":18,"column":0}},"18":{"start":{"line":19,"column":0},"end":{"line":19,"column":45}},"19":{"start":{"line":20,"column":0},"end":{"line":20,"column":35}},"20":{"start":{"line":21,"column":0},"end":{"line":21,"column":0}},"21":{"start":{"line":22,"column":0},"end":{"line":22,"column":38}},"22":{"start":{"line":23,"column":0},"end":{"line":23,"column":34}},"23":{"start":{"line":24,"column":0},"end":{"line":24,"column":29}},"24":{"start":{"line":25,"column":0},"end":{"line":25,"column":0}},"25":{"start":{"line":26,"column":0},"end":{"line":26,"column":54}},"26":{"start":{"line":27,"column":0},"end":{"line":27,"column":18}},"27":{"start":{"line":28,"column":0},"end":{"line":28,"column":40}},"28":{"start":{"line":29,"column":0},"end":{"line":29,"column":29}},"29":{"start":{"line":30,"column":0},"end":{"line":30,"column":28}},"30":{"start":{"line":31,"column":0},"end":{"line":31,"column":35}},"31":{"start":{"line":32,"column":0},"end":{"line":32,"column":7}},"32":{"start":{"line":33,"column":0},"end":{"line":33,"column":6}},"33":{"start":{"line":34,"column":0},"end":{"line":34,"column":3}},"34":{"start":{"line":35,"column":0},"end":{"line":35,"column":0}},"35":{"start":{"line":36,"column":0},"end":{"line":36,"column":43}},"36":{"start":{"line":37,"column":0},"end":{"line":37,"column":46}},"37":{"start":{"line":38,"column":0},"end":{"line":38,"column":0}},"38":{"start":{"line":39,"column":0},"end":{"line":39,"column":23}},"39":{"start":{"line":40,"column":0},"end":{"line":40,"column":67}},"40":{"start":{"line":41,"column":0},"end":{"line":41,"column":68}},"41":{"start":{"line":42,"column":0},"end":{"line":42,"column":0}},"42":{"start":{"line":43,"column":0},"end":{"line":43,"column":25}},"43":{"start":{"line":44,"column":0},"end":{"line":44,"column":38}},"44":{"start":{"line":45,"column":0},"end":{"line":45,"column":65}},"45":{"start":{"line":46,"column":0},"end":{"line":46,"column":17}},"46":{"start":{"line":47,"column":0},"end":{"line":47,"column":5}},"47":{"start":{"line":48,"column":0},"end":{"line":48,"column":0}},"48":{"start":{"line":49,"column":0},"end":{"line":49,"column":37}},"49":{"start":{"line":50,"column":0},"end":{"line":50,"column":3}},"50":{"start":{"line":51,"column":0},"end":{"line":51,"column":0}},"51":{"start":{"line":52,"column":0},"end":{"line":52,"column":62}},"52":{"start":{"line":53,"column":0},"end":{"line":53,"column":41}},"53":{"start":{"line":54,"column":0},"end":{"line":54,"column":0}},"54":{"start":{"line":55,"column":0},"end":{"line":55,"column":21}},"55":{"start":{"line":56,"column":0},"end":{"line":56,"column":59}},"56":{"start":{"line":57,"column":0},"end":{"line":57,"column":22}},"57":{"start":{"line":58,"column":0},"end":{"line":58,"column":70}},"58":{"start":{"line":59,"column":0},"end":{"line":59,"column":3}},"59":{"start":{"line":60,"column":0},"end":{"line":60,"column":0}},"60":{"start":{"line":61,"column":0},"end":{"line":61,"column":29}},"61":{"start":{"line":62,"column":0},"end":{"line":62,"column":41}},"62":{"start":{"line":63,"column":0},"end":{"line":63,"column":63}},"63":{"start":{"line":64,"column":0},"end":{"line":64,"column":3}},"64":{"start":{"line":65,"column":0},"end":{"line":65,"column":0}},"65":{"start":{"line":66,"column":0},"end":{"line":66,"column":38}},"66":{"start":{"line":67,"column":0},"end":{"line":67,"column":9}},"67":{"start":{"line":68,"column":0},"end":{"line":68,"column":60}},"68":{"start":{"line":69,"column":0},"end":{"line":69,"column":30}},"69":{"start":{"line":70,"column":0},"end":{"line":70,"column":44}},"70":{"start":{"line":71,"column":0},"end":{"line":71,"column":54}},"71":{"start":{"line":72,"column":0},"end":{"line":72,"column":56}},"72":{"start":{"line":73,"column":0},"end":{"line":73,"column":13}},"73":{"start":{"line":74,"column":0},"end":{"line":74,"column":17}},"74":{"start":{"line":75,"column":0},"end":{"line":75,"column":5}},"75":{"start":{"line":76,"column":0},"end":{"line":76,"column":3}},"76":{"start":{"line":77,"column":0},"end":{"line":77,"column":0}},"77":{"start":{"line":78,"column":0},"end":{"line":78,"column":17}},"78":{"start":{"line":79,"column":0},"end":{"line":79,"column":20}},"79":{"start":{"line":80,"column":0},"end":{"line":80,"column":18}},"80":{"start":{"line":81,"column":0},"end":{"line":81,"column":3}},"81":{"start":{"line":82,"column":0},"end":{"line":82,"column":1}}},"s":{"0":1,"1":1,"2":1,"3":1,"4":1,"5":1,"6":1,"7":1,"8":1,"9":1,"10":1,"11":1,"12":1,"13":1,"14":1,"15":1,"16":1,"17":1,"18":1,"19":1,"20":1,"21":1,"22":48,"23":48,"24":41,"25":48,"26":48,"27":48,"28":48,"29":48,"30":48,"31":48,"32":48,"33":48,"34":1,"35":1,"36":31,"37":26,"38":26,"39":26,"40":26,"41":26,"42":31,"43":31,"44":1,"45":1,"46":1,"47":9,"48":9,"49":31,"50":1,"51":1,"52":28,"53":22,"54":22,"55":22,"56":22,"57":22,"58":28,"59":1,"60":1,"61":3,"62":3,"63":3,"64":1,"65":1,"66":7,"67":7,"68":7,"69":6,"70":6,"71":6,"72":7,"73":0,"74":0,"75":7,"76":1,"77":1,"78":34,"79":34,"80":34,"81":1},"branchMap":{"0":{"type":"branch","line":22,"loc":{"start":{"line":22,"column":2},"end":{"line":34,"column":3}},"locations":[{"start":{"line":22,"column":2},"end":{"line":34,"column":3}}]},"1":{"type":"branch","line":24,"loc":{"start":{"line":24,"column":23},"end":{"line":24,"column":29}},"locations":[{"start":{"line":24,"column":23},"end":{"line":24,"column":29}}]},"2":{"type":"branch","line":24,"loc":{"start":{"line":24,"column":23},"end":{"line":26,"column":53}},"locations":[{"start":{"line":24,"column":23},"end":{"line":26,"column":53}}]},"3":{"type":"branch","line":36,"loc":{"start":{"line":36,"column":2},"end":{"line":50,"column":3}},"locations":[{"start":{"line":36,"column":2},"end":{"line":50,"column":3}}]},"4":{"type":"branch","line":37,"loc":{"start":{"line":37,"column":14},"end":{"line":37,"column":35}},"locations":[{"start":{"line":37,"column":14},"end":{"line":37,"column":35}}]},"5":{"type":"branch","line":37,"loc":{"start":{"line":37,"column":35},"end":{"line":37,"column":46}},"locations":[{"start":{"line":37,"column":35},"end":{"line":37,"column":46}}]},"6":{"type":"branch","line":37,"loc":{"start":{"line":37,"column":42},"end":{"line":43,"column":21}},"locations":[{"start":{"line":37,"column":42},"end":{"line":43,"column":21}}]},"7":{"type":"branch","line":43,"loc":{"start":{"line":43,"column":14},"end":{"line":43,"column":25}},"locations":[{"start":{"line":43,"column":14},"end":{"line":43,"column":25}}]},"8":{"type":"branch","line":43,"loc":{"start":{"line":43,"column":21},"end":{"line":44,"column":37}},"locations":[{"start":{"line":43,"column":21},"end":{"line":44,"column":37}}]},"9":{"type":"branch","line":44,"loc":{"start":{"line":44,"column":37},"end":{"line":47,"column":5}},"locations":[{"start":{"line":44,"column":37},"end":{"line":47,"column":5}}]},"10":{"type":"branch","line":47,"loc":{"start":{"line":47,"column":4},"end":{"line":49,"column":37}},"locations":[{"start":{"line":47,"column":4},"end":{"line":49,"column":37}}]},"11":{"type":"branch","line":52,"loc":{"start":{"line":52,"column":2},"end":{"line":59,"column":3}},"locations":[{"start":{"line":52,"column":2},"end":{"line":59,"column":3}}]},"12":{"type":"branch","line":53,"loc":{"start":{"line":53,"column":14},"end":{"line":53,"column":35}},"locations":[{"start":{"line":53,"column":14},"end":{"line":53,"column":35}}]},"13":{"type":"branch","line":53,"loc":{"start":{"line":53,"column":35},"end":{"line":53,"column":41}},"locations":[{"start":{"line":53,"column":35},"end":{"line":53,"column":41}}]},"14":{"type":"branch","line":53,"loc":{"start":{"line":53,"column":35},"end":{"line":58,"column":70}},"locations":[{"start":{"line":53,"column":35},"end":{"line":58,"column":70}}]},"15":{"type":"branch","line":61,"loc":{"start":{"line":61,"column":2},"end":{"line":64,"column":3}},"locations":[{"start":{"line":61,"column":2},"end":{"line":64,"column":3}}]},"16":{"type":"branch","line":62,"loc":{"start":{"line":62,"column":35},"end":{"line":62,"column":41}},"locations":[{"start":{"line":62,"column":35},"end":{"line":62,"column":41}}]},"17":{"type":"branch","line":66,"loc":{"start":{"line":66,"column":2},"end":{"line":76,"column":3}},"locations":[{"start":{"line":66,"column":2},"end":{"line":76,"column":3}}]},"18":{"type":"branch","line":69,"loc":{"start":{"line":69,"column":19},"end":{"line":69,"column":30}},"locations":[{"start":{"line":69,"column":19},"end":{"line":69,"column":30}}]},"19":{"type":"branch","line":69,"loc":{"start":{"line":69,"column":26},"end":{"line":73,"column":12}},"locations":[{"start":{"line":69,"column":26},"end":{"line":73,"column":12}}]},"20":{"type":"branch","line":73,"loc":{"start":{"line":73,"column":4},"end":{"line":75,"column":5}},"locations":[{"start":{"line":73,"column":4},"end":{"line":75,"column":5}}]},"21":{"type":"branch","line":78,"loc":{"start":{"line":78,"column":2},"end":{"line":81,"column":3}},"locations":[{"start":{"line":78,"column":2},"end":{"line":81,"column":3}}]},"22":{"type":"branch","line":79,"loc":{"start":{"line":79,"column":9},"end":{"line":79,"column":19}},"locations":[{"start":{"line":79,"column":9},"end":{"line":79,"column":19}}]}},"b":{"0":[48],"1":[7],"2":[41],"3":[31],"4":[26],"5":[5],"6":[26],"7":[16],"8":[10],"9":[1],"10":[9],"11":[28],"12":[22],"13":[6],"14":[22],"15":[3],"16":[0],"17":[7],"18":[1],"19":[6],"20":[0],"21":[34],"22":[32]},"fnMap":{"0":{"name":"Cache","decl":{"start":{"line":22,"column":2},"end":{"line":34,"column":3}},"loc":{"start":{"line":22,"column":2},"end":{"line":34,"column":3}},"line":22},"1":{"name":"get","decl":{"start":{"line":36,"column":2},"end":{"line":50,"column":3}},"loc":{"start":{"line":36,"column":2},"end":{"line":50,"column":3}},"line":36},"2":{"name":"set","decl":{"start":{"line":52,"column":2},"end":{"line":59,"column":3}},"loc":{"start":{"line":52,"column":2},"end":{"line":59,"column":3}},"line":52},"3":{"name":"delete","decl":{"start":{"line":61,"column":2},"end":{"line":64,"column":3}},"loc":{"start":{"line":61,"column":2},"end":{"line":64,"column":3}},"line":61},"4":{"name":"isUrlExpired","decl":{"start":{"line":66,"column":2},"end":{"line":76,"column":3}},"loc":{"start":{"line":66,"column":2},"end":{"line":76,"column":3}},"line":66},"5":{"name":"close","decl":{"start":{"line":78,"column":2},"end":{"line":81,"column":3}},"loc":{"start":{"line":78,"column":2},"end":{"line":81,"column":3}},"line":78}},"f":{"0":48,"1":31,"2":28,"3":3,"4":7,"5":34}}
,"/home/neon/programs/side_project/music package/src/discovery/index.ts": {"path":"/home/neon/programs/side_project/music package/src/discovery/index.ts","all":false,"statementMap":{"0":{"start":{"line":1,"column":0},"end":{"line":1,"column":44}},"1":{"start":{"line":2,"column":0},"end":{"line":2,"column":101}},"2":{"start":{"line":3,"column":0},"end":{"line":3,"column":0}},"3":{"start":{"line":4,"column":0},"end":{"line":4,"column":48}},"4":{"start":{"line":5,"column":0},"end":{"line":5,"column":81}},"5":{"start":{"line":6,"column":0},"end":{"line":6,"column":21}},"6":{"start":{"line":7,"column":0},"end":{"line":7,"column":24}},"7":{"start":{"line":8,"column":0},"end":{"line":8,"column":26}},"8":{"start":{"line":9,"column":0},"end":{"line":9,"column":5}},"9":{"start":{"line":10,"column":0},"end":{"line":10,"column":1}},"10":{"start":{"line":11,"column":0},"end":{"line":11,"column":0}},"11":{"start":{"line":12,"column":0},"end":{"line":12,"column":39}},"12":{"start":{"line":13,"column":0},"end":{"line":13,"column":81}},"13":{"start":{"line":14,"column":0},"end":{"line":14,"column":10}},"14":{"start":{"line":15,"column":0},"end":{"line":15,"column":17}},"15":{"start":{"line":16,"column":0},"end":{"line":16,"column":27}},"16":{"start":{"line":17,"column":0},"end":{"line":17,"column":35}},"17":{"start":{"line":18,"column":0},"end":{"line":18,"column":11}},"18":{"start":{"line":19,"column":0},"end":{"line":19,"column":42}},"19":{"start":{"line":20,"column":0},"end":{"line":20,"column":36}},"20":{"start":{"line":21,"column":0},"end":{"line":21,"column":3}},"21":{"start":{"line":22,"column":0},"end":{"line":22,"column":1}},"22":{"start":{"line":23,"column":0},"end":{"line":23,"column":0}},"23":{"start":{"line":24,"column":0},"end":{"line":24,"column":41}},"24":{"start":{"line":25,"column":0},"end":{"line":25,"column":81}},"25":{"start":{"line":26,"column":0},"end":{"line":26,"column":10}},"26":{"start":{"line":27,"column":0},"end":{"line":27,"column":18}},"27":{"start":{"line":28,"column":0},"end":{"line":28,"column":64}},"28":{"start":{"line":29,"column":0},"end":{"line":29,"column":48}},"29":{"start":{"line":30,"column":0},"end":{"line":30,"column":11}},"30":{"start":{"line":31,"column":0},"end":{"line":31,"column":20}},"31":{"start":{"line":32,"column":0},"end":{"line":32,"column":36}},"32":{"start":{"line":33,"column":0},"end":{"line":33,"column":15}},"33":{"start":{"line":34,"column":0},"end":{"line":34,"column":3}},"34":{"start":{"line":35,"column":0},"end":{"line":35,"column":1}},"35":{"start":{"line":36,"column":0},"end":{"line":36,"column":0}},"36":{"start":{"line":37,"column":0},"end":{"line":37,"column":43}},"37":{"start":{"line":38,"column":0},"end":{"line":38,"column":10}},"38":{"start":{"line":39,"column":0},"end":{"line":39,"column":19}},"39":{"start":{"line":40,"column":0},"end":{"line":40,"column":48}},"40":{"start":{"line":41,"column":0},"end":{"line":41,"column":47}},"41":{"start":{"line":42,"column":0},"end":{"line":42,"column":36}},"42":{"start":{"line":43,"column":0},"end":{"line":43,"column":14}},"43":{"start":{"line":44,"column":0},"end":{"line":44,"column":15}},"44":{"start":{"line":45,"column":0},"end":{"line":45,"column":16}},"45":{"start":{"line":46,"column":0},"end":{"line":46,"column":3}},"46":{"start":{"line":47,"column":0},"end":{"line":47,"column":1}},"47":{"start":{"line":48,"column":0},"end":{"line":48,"column":0}},"48":{"start":{"line":49,"column":0},"end":{"line":49,"column":40}},"49":{"start":{"line":50,"column":0},"end":{"line":50,"column":81}},"50":{"start":{"line":51,"column":0},"end":{"line":51,"column":1}},"51":{"start":{"line":52,"column":0},"end":{"line":52,"column":0}},"52":{"start":{"line":53,"column":0},"end":{"line":53,"column":30}},"53":{"start":{"line":54,"column":0},"end":{"line":54,"column":48}},"54":{"start":{"line":55,"column":0},"end":{"line":55,"column":0}},"55":{"start":{"line":56,"column":0},"end":{"line":56,"column":56}},"56":{"start":{"line":57,"column":0},"end":{"line":57,"column":72}},"57":{"start":{"line":58,"column":0},"end":{"line":58,"column":40}},"58":{"start":{"line":59,"column":0},"end":{"line":59,"column":30}},"59":{"start":{"line":60,"column":0},"end":{"line":60,"column":61}},"60":{"start":{"line":61,"column":0},"end":{"line":61,"column":24}},"61":{"start":{"line":62,"column":0},"end":{"line":62,"column":5}},"62":{"start":{"line":63,"column":0},"end":{"line":63,"column":3}},"63":{"start":{"line":64,"column":0},"end":{"line":64,"column":0}},"64":{"start":{"line":65,"column":0},"end":{"line":65,"column":122}},"65":{"start":{"line":66,"column":0},"end":{"line":66,"column":51}},"66":{"start":{"line":67,"column":0},"end":{"line":67,"column":79}},"67":{"start":{"line":68,"column":0},"end":{"line":68,"column":5}},"68":{"start":{"line":69,"column":0},"end":{"line":69,"column":0}},"69":{"start":{"line":70,"column":0},"end":{"line":70,"column":26}},"70":{"start":{"line":71,"column":0},"end":{"line":71,"column":93}},"71":{"start":{"line":72,"column":0},"end":{"line":72,"column":37}},"72":{"start":{"line":73,"column":0},"end":{"line":73,"column":0}},"73":{"start":{"line":74,"column":0},"end":{"line":74,"column":67}},"74":{"start":{"line":75,"column":0},"end":{"line":75,"column":69}},"75":{"start":{"line":76,"column":0},"end":{"line":76,"column":71}},"76":{"start":{"line":77,"column":0},"end":{"line":77,"column":15}},"77":{"start":{"line":78,"column":0},"end":{"line":78,"column":5}},"78":{"start":{"line":79,"column":0},"end":{"line":79,"column":0}},"79":{"start":{"line":80,"column":0},"end":{"line":80,"column":56}},"80":{"start":{"line":81,"column":0},"end":{"line":81,"column":33}},"81":{"start":{"line":82,"column":0},"end":{"line":82,"column":0}},"82":{"start":{"line":83,"column":0},"end":{"line":83,"column":12}},"83":{"start":{"line":84,"column":0},"end":{"line":84,"column":100}},"84":{"start":{"line":85,"column":0},"end":{"line":85,"column":80}},"85":{"start":{"line":86,"column":0},"end":{"line":86,"column":83}},"86":{"start":{"line":87,"column":0},"end":{"line":87,"column":20}},"87":{"start":{"line":88,"column":0},"end":{"line":88,"column":5}},"88":{"start":{"line":89,"column":0},"end":{"line":89,"column":3}},"89":{"start":{"line":90,"column":0},"end":{"line":90,"column":0}},"90":{"start":{"line":91,"column":0},"end":{"line":91,"column":39}},"91":{"start":{"line":92,"column":0},"end":{"line":92,"column":56}},"92":{"start":{"line":93,"column":0},"end":{"line":93,"column":68}},"93":{"start":{"line":94,"column":0},"end":{"line":94,"column":58}},"94":{"start":{"line":95,"column":0},"end":{"line":95,"column":49}},"95":{"start":{"line":96,"column":0},"end":{"line":96,"column":7}},"96":{"start":{"line":97,"column":0},"end":{"line":97,"column":3}},"97":{"start":{"line":98,"column":0},"end":{"line":98,"column":0}},"98":{"start":{"line":99,"column":0},"end":{"line":99,"column":55}},"99":{"start":{"line":100,"column":0},"end":{"line":100,"column":63}},"100":{"start":{"line":101,"column":0},"end":{"line":101,"column":63}},"101":{"start":{"line":102,"column":0},"end":{"line":102,"column":0}},"102":{"start":{"line":103,"column":0},"end":{"line":103,"column":53}},"103":{"start":{"line":104,"column":0},"end":{"line":104,"column":28}},"104":{"start":{"line":105,"column":0},"end":{"line":105,"column":30}},"105":{"start":{"line":106,"column":0},"end":{"line":106,"column":31}},"106":{"start":{"line":107,"column":0},"end":{"line":107,"column":0}},"107":{"start":{"line":108,"column":0},"end":{"line":108,"column":47}},"108":{"start":{"line":109,"column":0},"end":{"line":109,"column":45}},"109":{"start":{"line":110,"column":0},"end":{"line":110,"column":92}},"110":{"start":{"line":111,"column":0},"end":{"line":111,"column":74}},"111":{"start":{"line":112,"column":0},"end":{"line":112,"column":84}},"112":{"start":{"line":113,"column":0},"end":{"line":113,"column":111}},"113":{"start":{"line":114,"column":0},"end":{"line":114,"column":5}},"114":{"start":{"line":115,"column":0},"end":{"line":115,"column":0}},"115":{"start":{"line":116,"column":0},"end":{"line":116,"column":12}},"116":{"start":{"line":117,"column":0},"end":{"line":117,"column":21}},"117":{"start":{"line":118,"column":0},"end":{"line":118,"column":16}},"118":{"start":{"line":119,"column":0},"end":{"line":119,"column":11}},"119":{"start":{"line":120,"column":0},"end":{"line":120,"column":44}},"120":{"start":{"line":121,"column":0},"end":{"line":121,"column":12}},"121":{"start":{"line":122,"column":0},"end":{"line":122,"column":13}},"122":{"start":{"line":123,"column":0},"end":{"line":123,"column":14}},"123":{"start":{"line":124,"column":0},"end":{"line":124,"column":5}},"124":{"start":{"line":125,"column":0},"end":{"line":125,"column":3}},"125":{"start":{"line":126,"column":0},"end":{"line":126,"column":0}},"126":{"start":{"line":127,"column":0},"end":{"line":127,"column":52}},"127":{"start":{"line":128,"column":0},"end":{"line":128,"column":61}},"128":{"start":{"line":129,"column":0},"end":{"line":129,"column":61}},"129":{"start":{"line":130,"column":0},"end":{"line":130,"column":0}},"130":{"start":{"line":131,"column":0},"end":{"line":131,"column":64}},"131":{"start":{"line":132,"column":0},"end":{"line":132,"column":19}},"132":{"start":{"line":133,"column":0},"end":{"line":133,"column":26}},"133":{"start":{"line":134,"column":0},"end":{"line":134,"column":34}},"134":{"start":{"line":135,"column":0},"end":{"line":135,"column":55}},"135":{"start":{"line":136,"column":0},"end":{"line":136,"column":41}},"136":{"start":{"line":137,"column":0},"end":{"line":137,"column":44}},"137":{"start":{"line":138,"column":0},"end":{"line":138,"column":7}},"138":{"start":{"line":139,"column":0},"end":{"line":139,"column":0}},"139":{"start":{"line":140,"column":0},"end":{"line":140,"column":12}},"140":{"start":{"line":141,"column":0},"end":{"line":141,"column":20}},"141":{"start":{"line":142,"column":0},"end":{"line":142,"column":15}},"142":{"start":{"line":143,"column":0},"end":{"line":143,"column":50}},"143":{"start":{"line":144,"column":0},"end":{"line":144,"column":72}},"144":{"start":{"line":145,"column":0},"end":{"line":145,"column":50}},"145":{"start":{"line":146,"column":0},"end":{"line":146,"column":44}},"146":{"start":{"line":147,"column":0},"end":{"line":147,"column":13}},"147":{"start":{"line":148,"column":0},"end":{"line":148,"column":5}},"148":{"start":{"line":149,"column":0},"end":{"line":149,"column":3}},"149":{"start":{"line":150,"column":0},"end":{"line":150,"column":0}},"150":{"start":{"line":151,"column":0},"end":{"line":151,"column":52}},"151":{"start":{"line":152,"column":0},"end":{"line":152,"column":61}},"152":{"start":{"line":153,"column":0},"end":{"line":153,"column":49}},"153":{"start":{"line":154,"column":0},"end":{"line":154,"column":3}},"154":{"start":{"line":155,"column":0},"end":{"line":155,"column":0}},"155":{"start":{"line":156,"column":0},"end":{"line":156,"column":54}},"156":{"start":{"line":157,"column":0},"end":{"line":157,"column":62}},"157":{"start":{"line":158,"column":0},"end":{"line":158,"column":87}},"158":{"start":{"line":159,"column":0},"end":{"line":159,"column":3}},"159":{"start":{"line":160,"column":0},"end":{"line":160,"column":0}},"160":{"start":{"line":161,"column":0},"end":{"line":161,"column":71}},"161":{"start":{"line":162,"column":0},"end":{"line":162,"column":86}},"162":{"start":{"line":163,"column":0},"end":{"line":163,"column":50}},"163":{"start":{"line":164,"column":0},"end":{"line":164,"column":33}},"164":{"start":{"line":165,"column":0},"end":{"line":165,"column":49}},"165":{"start":{"line":166,"column":0},"end":{"line":166,"column":7}},"166":{"start":{"line":167,"column":0},"end":{"line":167,"column":3}},"167":{"start":{"line":168,"column":0},"end":{"line":168,"column":1}}},"s":{"0":1,"1":1,"2":1,"3":18,"4":18,"5":14,"6":14,"7":14,"8":18,"9":18,"10":1,"11":7,"12":7,"13":7,"14":7,"15":7,"16":7,"17":7,"18":7,"19":7,"20":7,"21":7,"22":1,"23":4,"24":4,"25":4,"26":4,"27":4,"28":4,"29":4,"30":4,"31":4,"32":4,"33":4,"34":4,"35":1,"36":1,"37":1,"38":1,"39":1,"40":1,"41":1,"42":1,"43":1,"44":1,"45":1,"46":1,"47":1,"48":9,"49":9,"50":9,"51":1,"52":1,"53":1,"54":1,"55":1,"56":3,"57":3,"58":1,"59":1,"60":1,"61":3,"62":3,"63":1,"64":1,"65":9,"66":9,"67":9,"68":9,"69":9,"70":5,"71":5,"72":5,"73":5,"74":5,"75":5,"76":1,"77":1,"78":4,"79":4,"80":4,"81":4,"82":4,"83":4,"84":4,"85":4,"86":4,"87":4,"88":9,"89":1,"90":1,"91":1,"92":1,"93":2,"94":2,"95":1,"96":1,"97":1,"98":1,"99":3,"100":3,"101":2,"102":3,"103":3,"104":3,"105":3,"106":3,"107":3,"108":3,"109":3,"110":3,"111":2,"112":1,"113":3,"114":2,"115":2,"116":2,"117":2,"118":2,"119":2,"120":2,"121":2,"122":2,"123":2,"124":3,"125":1,"126":1,"127":3,"128":3,"129":2,"130":3,"131":2,"132":2,"133":2,"134":2,"135":2,"136":2,"137":3,"138":3,"139":3,"140":3,"141":3,"142":3,"143":3,"144":3,"145":3,"146":3,"147":3,"148":3,"149":1,"150":1,"151":1,"152":1,"153":1,"154":1,"155":1,"156":1,"157":1,"158":1,"159":1,"160":1,"161":2,"162":2,"163":1,"164":1,"165":2,"166":2,"167":1},"branchMap":{"0":{"type":"branch","line":4,"loc":{"start":{"line":4,"column":0},"end":{"line":10,"column":1}},"locations":[{"start":{"line":4,"column":0},"end":{"line":10,"column":1}}]},"1":{"type":"branch","line":5,"loc":{"start":{"line":5,"column":16},"end":{"line":5,"column":39}},"locations":[{"start":{"line":5,"column":16},"end":{"line":5,"column":39}}]},"2":{"type":"branch","line":5,"loc":{"start":{"line":5,"column":27},"end":{"line":5,"column":59}},"locations":[{"start":{"line":5,"column":27},"end":{"line":5,"column":59}}]},"3":{"type":"branch","line":5,"loc":{"start":{"line":5,"column":45},"end":{"line":5,"column":63}},"locations":[{"start":{"line":5,"column":45},"end":{"line":5,"column":63}}]},"4":{"type":"branch","line":5,"loc":{"start":{"line":5,"column":67},"end":{"line":9,"column":4}},"locations":[{"start":{"line":5,"column":67},"end":{"line":9,"column":4}}]},"5":{"type":"branch","line":6,"loc":{"start":{"line":6,"column":11},"end":{"line":6,"column":21}},"locations":[{"start":{"line":6,"column":11},"end":{"line":6,"column":21}}]},"6":{"type":"branch","line":7,"loc":{"start":{"line":7,"column":13},"end":{"line":7,"column":24}},"locations":[{"start":{"line":7,"column":13},"end":{"line":7,"column":24}}]},"7":{"type":"branch","line":8,"loc":{"start":{"line":8,"column":14},"end":{"line":8,"column":26}},"locations":[{"start":{"line":8,"column":14},"end":{"line":8,"column":26}}]},"8":{"type":"branch","line":12,"loc":{"start":{"line":12,"column":0},"end":{"line":22,"column":1}},"locations":[{"start":{"line":12,"column":0},"end":{"line":22,"column":1}}]},"9":{"type":"branch","line":13,"loc":{"start":{"line":13,"column":22},"end":{"line":13,"column":44}},"locations":[{"start":{"line":13,"column":22},"end":{"line":13,"column":44}}]},"10":{"type":"branch","line":13,"loc":{"start":{"line":13,"column":36},"end":{"line":13,"column":65}},"locations":[{"start":{"line":13,"column":36},"end":{"line":13,"column":65}}]},"11":{"type":"branch","line":13,"loc":{"start":{"line":13,"column":49},"end":{"line":13,"column":65}},"locations":[{"start":{"line":13,"column":49},"end":{"line":13,"column":65}}]},"12":{"type":"branch","line":13,"loc":{"start":{"line":13,"column":57},"end":{"line":13,"column":81}},"locations":[{"start":{"line":13,"column":57},"end":{"line":13,"column":81}}]},"13":{"type":"branch","line":16,"loc":{"start":{"line":16,"column":18},"end":{"line":16,"column":27}},"locations":[{"start":{"line":16,"column":18},"end":{"line":16,"column":27}}]},"14":{"type":"branch","line":17,"loc":{"start":{"line":17,"column":16},"end":{"line":17,"column":35}},"locations":[{"start":{"line":17,"column":16},"end":{"line":17,"column":35}}]},"15":{"type":"branch","line":19,"loc":{"start":{"line":19,"column":29},"end":{"line":19,"column":42}},"locations":[{"start":{"line":19,"column":29},"end":{"line":19,"column":42}}]},"16":{"type":"branch","line":24,"loc":{"start":{"line":24,"column":0},"end":{"line":35,"column":1}},"locations":[{"start":{"line":24,"column":0},"end":{"line":35,"column":1}}]},"17":{"type":"branch","line":25,"loc":{"start":{"line":25,"column":36},"end":{"line":25,"column":65}},"locations":[{"start":{"line":25,"column":36},"end":{"line":25,"column":65}}]},"18":{"type":"branch","line":25,"loc":{"start":{"line":25,"column":57},"end":{"line":25,"column":81}},"locations":[{"start":{"line":25,"column":57},"end":{"line":25,"column":81}}]},"19":{"type":"branch","line":28,"loc":{"start":{"line":28,"column":19},"end":{"line":28,"column":61}},"locations":[{"start":{"line":28,"column":19},"end":{"line":28,"column":61}}]},"20":{"type":"branch","line":28,"loc":{"start":{"line":28,"column":49},"end":{"line":28,"column":64}},"locations":[{"start":{"line":28,"column":49},"end":{"line":28,"column":64}}]},"21":{"type":"branch","line":29,"loc":{"start":{"line":29,"column":16},"end":{"line":29,"column":38}},"locations":[{"start":{"line":29,"column":16},"end":{"line":29,"column":38}}]},"22":{"type":"branch","line":29,"loc":{"start":{"line":29,"column":30},"end":{"line":29,"column":48}},"locations":[{"start":{"line":29,"column":30},"end":{"line":29,"column":48}}]},"23":{"type":"branch","line":37,"loc":{"start":{"line":37,"column":0},"end":{"line":47,"column":1}},"locations":[{"start":{"line":37,"column":0},"end":{"line":47,"column":1}}]},"24":{"type":"branch","line":40,"loc":{"start":{"line":40,"column":20},"end":{"line":40,"column":45}},"locations":[{"start":{"line":40,"column":20},"end":{"line":40,"column":45}}]},"25":{"type":"branch","line":40,"loc":{"start":{"line":40,"column":31},"end":{"line":40,"column":48}},"locations":[{"start":{"line":40,"column":31},"end":{"line":40,"column":48}}]},"26":{"type":"branch","line":41,"loc":{"start":{"line":41,"column":15},"end":{"line":41,"column":37}},"locations":[{"start":{"line":41,"column":15},"end":{"line":41,"column":37}}]},"27":{"type":"branch","line":41,"loc":{"start":{"line":41,"column":28},"end":{"line":41,"column":47}},"locations":[{"start":{"line":41,"column":28},"end":{"line":41,"column":47}}]},"28":{"type":"branch","line":49,"loc":{"start":{"line":49,"column":0},"end":{"line":51,"column":1}},"locations":[{"start":{"line":49,"column":0},"end":{"line":51,"column":1}}]},"29":{"type":"branch","line":50,"loc":{"start":{"line":50,"column":15},"end":{"line":50,"column":31}},"locations":[{"start":{"line":50,"column":15},"end":{"line":50,"column":31}}]},"30":{"type":"branch","line":50,"loc":{"start":{"line":50,"column":39},"end":{"line":50,"column":80}},"locations":[{"start":{"line":50,"column":39},"end":{"line":50,"column":80}}]},"31":{"type":"branch","line":50,"loc":{"start":{"line":50,"column":66},"end":{"line":50,"column":80}},"locations":[{"start":{"line":50,"column":66},"end":{"line":50,"column":80}}]},"32":{"type":"branch","line":54,"loc":{"start":{"line":54,"column":2},"end":{"line":54,"column":48}},"locations":[{"start":{"line":54,"column":2},"end":{"line":54,"column":48}}]},"33":{"type":"branch","line":56,"loc":{"start":{"line":56,"column":2},"end":{"line":63,"column":3}},"locations":[{"start":{"line":56,"column":2},"end":{"line":63,"column":3}}]},"34":{"type":"branch","line":58,"loc":{"start":{"line":58,"column":23},"end":{"line":61,"column":24}},"locations":[{"start":{"line":58,"column":23},"end":{"line":61,"column":24}}]},"35":{"type":"branch","line":59,"loc":{"start":{"line":59,"column":15},"end":{"line":59,"column":30}},"locations":[{"start":{"line":59,"column":15},"end":{"line":59,"column":30}}]},"36":{"type":"branch","line":60,"loc":{"start":{"line":60,"column":13},"end":{"line":60,"column":60}},"locations":[{"start":{"line":60,"column":13},"end":{"line":60,"column":60}}]},"37":{"type":"branch","line":60,"loc":{"start":{"line":60,"column":39},"end":{"line":60,"column":60}},"locations":[{"start":{"line":60,"column":39},"end":{"line":60,"column":60}}]},"38":{"type":"branch","line":65,"loc":{"start":{"line":65,"column":2},"end":{"line":89,"column":3}},"locations":[{"start":{"line":65,"column":2},"end":{"line":89,"column":3}}]},"39":{"type":"branch","line":70,"loc":{"start":{"line":70,"column":8},"end":{"line":70,"column":25}},"locations":[{"start":{"line":70,"column":8},"end":{"line":70,"column":25}}]},"40":{"type":"branch","line":70,"loc":{"start":{"line":70,"column":25},"end":{"line":78,"column":5}},"locations":[{"start":{"line":70,"column":25},"end":{"line":78,"column":5}}]},"41":{"type":"branch","line":74,"loc":{"start":{"line":74,"column":38},"end":{"line":74,"column":67}},"locations":[{"start":{"line":74,"column":38},"end":{"line":74,"column":67}}]},"42":{"type":"branch","line":74,"loc":{"start":{"line":74,"column":66},"end":{"line":75,"column":46}},"locations":[{"start":{"line":74,"column":66},"end":{"line":75,"column":46}}]},"43":{"type":"branch","line":75,"loc":{"start":{"line":75,"column":39},"end":{"line":76,"column":47}},"locations":[{"start":{"line":75,"column":39},"end":{"line":76,"column":47}}]},"44":{"type":"branch","line":76,"loc":{"start":{"line":76,"column":40},"end":{"line":78,"column":5}},"locations":[{"start":{"line":76,"column":40},"end":{"line":78,"column":5}}]},"45":{"type":"branch","line":78,"loc":{"start":{"line":78,"column":4},"end":{"line":88,"column":5}},"locations":[{"start":{"line":78,"column":4},"end":{"line":88,"column":5}}]},"46":{"type":"branch","line":84,"loc":{"start":{"line":84,"column":24},"end":{"line":84,"column":81}},"locations":[{"start":{"line":84,"column":24},"end":{"line":84,"column":81}}]},"47":{"type":"branch","line":84,"loc":{"start":{"line":84,"column":52},"end":{"line":84,"column":81}},"locations":[{"start":{"line":84,"column":52},"end":{"line":84,"column":81}}]},"48":{"type":"branch","line":85,"loc":{"start":{"line":85,"column":25},"end":{"line":85,"column":60}},"locations":[{"start":{"line":85,"column":25},"end":{"line":85,"column":60}}]},"49":{"type":"branch","line":86,"loc":{"start":{"line":86,"column":26},"end":{"line":86,"column":62}},"locations":[{"start":{"line":86,"column":26},"end":{"line":86,"column":62}}]},"50":{"type":"branch","line":91,"loc":{"start":{"line":91,"column":2},"end":{"line":97,"column":3}},"locations":[{"start":{"line":91,"column":2},"end":{"line":97,"column":3}}]},"51":{"type":"branch","line":93,"loc":{"start":{"line":93,"column":17},"end":{"line":93,"column":46}},"locations":[{"start":{"line":93,"column":17},"end":{"line":93,"column":46}}]},"52":{"type":"branch","line":93,"loc":{"start":{"line":93,"column":34},"end":{"line":93,"column":50}},"locations":[{"start":{"line":93,"column":34},"end":{"line":93,"column":50}}]},"53":{"type":"branch","line":93,"loc":{"start":{"line":93,"column":54},"end":{"line":96,"column":6}},"locations":[{"start":{"line":93,"column":54},"end":{"line":96,"column":6}}]},"54":{"type":"branch","line":94,"loc":{"start":{"line":94,"column":22},"end":{"line":94,"column":55}},"locations":[{"start":{"line":94,"column":22},"end":{"line":94,"column":55}}]},"55":{"type":"branch","line":94,"loc":{"start":{"line":94,"column":47},"end":{"line":94,"column":58}},"locations":[{"start":{"line":94,"column":47},"end":{"line":94,"column":58}}]},"56":{"type":"branch","line":95,"loc":{"start":{"line":95,"column":16},"end":{"line":95,"column":32}},"locations":[{"start":{"line":95,"column":16},"end":{"line":95,"column":32}}]},"57":{"type":"branch","line":99,"loc":{"start":{"line":99,"column":2},"end":{"line":125,"column":3}},"locations":[{"start":{"line":99,"column":2},"end":{"line":125,"column":3}}]},"58":{"type":"branch","line":101,"loc":{"start":{"line":101,"column":14},"end":{"line":101,"column":63}},"locations":[{"start":{"line":101,"column":14},"end":{"line":101,"column":63}}]},"59":{"type":"branch","line":101,"loc":{"start":{"line":101,"column":62},"end":{"line":103,"column":44}},"locations":[{"start":{"line":101,"column":62},"end":{"line":103,"column":44}}]},"60":{"type":"branch","line":103,"loc":{"start":{"line":103,"column":36},"end":{"line":103,"column":53}},"locations":[{"start":{"line":103,"column":36},"end":{"line":103,"column":53}}]},"61":{"type":"branch","line":108,"loc":{"start":{"line":108,"column":30},"end":{"line":108,"column":46}},"locations":[{"start":{"line":108,"column":30},"end":{"line":108,"column":46}}]},"62":{"type":"branch","line":109,"loc":{"start":{"line":109,"column":31},"end":{"line":109,"column":45}},"locations":[{"start":{"line":109,"column":31},"end":{"line":109,"column":45}}]},"63":{"type":"branch","line":110,"loc":{"start":{"line":110,"column":36},"end":{"line":110,"column":75}},"locations":[{"start":{"line":110,"column":36},"end":{"line":110,"column":75}}]},"64":{"type":"branch","line":110,"loc":{"start":{"line":110,"column":67},"end":{"line":110,"column":79}},"locations":[{"start":{"line":110,"column":67},"end":{"line":110,"column":79}}]},"65":{"type":"branch","line":111,"loc":{"start":{"line":111,"column":34},"end":{"line":111,"column":74}},"locations":[{"start":{"line":111,"column":34},"end":{"line":111,"column":74}}]},"66":{"type":"branch","line":111,"loc":{"start":{"line":111,"column":73},"end":{"line":113,"column":111}},"locations":[{"start":{"line":111,"column":73},"end":{"line":113,"column":111}}]},"67":{"type":"branch","line":112,"loc":{"start":{"line":112,"column":41},"end":{"line":113,"column":111}},"locations":[{"start":{"line":112,"column":41},"end":{"line":113,"column":111}}]},"68":{"type":"branch","line":113,"loc":{"start":{"line":113,"column":37},"end":{"line":113,"column":69}},"locations":[{"start":{"line":113,"column":37},"end":{"line":113,"column":69}}]},"69":{"type":"branch","line":114,"loc":{"start":{"line":114,"column":4},"end":{"line":124,"column":5}},"locations":[{"start":{"line":114,"column":4},"end":{"line":124,"column":5}}]},"70":{"type":"branch","line":127,"loc":{"start":{"line":127,"column":2},"end":{"line":149,"column":3}},"locations":[{"start":{"line":127,"column":2},"end":{"line":149,"column":3}}]},"71":{"type":"branch","line":129,"loc":{"start":{"line":129,"column":14},"end":{"line":129,"column":61}},"locations":[{"start":{"line":129,"column":14},"end":{"line":129,"column":61}}]},"72":{"type":"branch","line":129,"loc":{"start":{"line":129,"column":60},"end":{"line":131,"column":36}},"locations":[{"start":{"line":129,"column":60},"end":{"line":131,"column":36}}]},"73":{"type":"branch","line":131,"loc":{"start":{"line":131,"column":24},"end":{"line":131,"column":40}},"locations":[{"start":{"line":131,"column":24},"end":{"line":131,"column":40}}]},"74":{"type":"branch","line":143,"loc":{"start":{"line":143,"column":17},"end":{"line":143,"column":40}},"locations":[{"start":{"line":143,"column":17},"end":{"line":143,"column":40}}]},"75":{"type":"branch","line":143,"loc":{"start":{"line":143,"column":32},"end":{"line":143,"column":50}},"locations":[{"start":{"line":143,"column":32},"end":{"line":143,"column":50}}]},"76":{"type":"branch","line":144,"loc":{"start":{"line":144,"column":18},"end":{"line":144,"column":55}},"locations":[{"start":{"line":144,"column":18},"end":{"line":144,"column":55}}]},"77":{"type":"branch","line":144,"loc":{"start":{"line":144,"column":47},"end":{"line":144,"column":72}},"locations":[{"start":{"line":144,"column":47},"end":{"line":144,"column":72}}]},"78":{"type":"branch","line":145,"loc":{"start":{"line":145,"column":16},"end":{"line":145,"column":50}},"locations":[{"start":{"line":145,"column":16},"end":{"line":145,"column":50}}]},"79":{"type":"branch","line":131,"loc":{"start":{"line":131,"column":44},"end":{"line":138,"column":6}},"locations":[{"start":{"line":131,"column":44},"end":{"line":138,"column":6}}]},"80":{"type":"branch","line":133,"loc":{"start":{"line":133,"column":17},"end":{"line":133,"column":26}},"locations":[{"start":{"line":133,"column":17},"end":{"line":133,"column":26}}]},"81":{"type":"branch","line":134,"loc":{"start":{"line":134,"column":15},"end":{"line":134,"column":34}},"locations":[{"start":{"line":134,"column":15},"end":{"line":134,"column":34}}]},"82":{"type":"branch","line":135,"loc":{"start":{"line":135,"column":30},"end":{"line":135,"column":55}},"locations":[{"start":{"line":135,"column":30},"end":{"line":135,"column":55}}]},"83":{"type":"branch","line":136,"loc":{"start":{"line":136,"column":28},"end":{"line":136,"column":41}},"locations":[{"start":{"line":136,"column":28},"end":{"line":136,"column":41}}]},"84":{"type":"branch","line":151,"loc":{"start":{"line":151,"column":2},"end":{"line":154,"column":3}},"locations":[{"start":{"line":151,"column":2},"end":{"line":154,"column":3}}]},"85":{"type":"branch","line":153,"loc":{"start":{"line":153,"column":17},"end":{"line":153,"column":33}},"locations":[{"start":{"line":153,"column":17},"end":{"line":153,"column":33}}]},"86":{"type":"branch","line":156,"loc":{"start":{"line":156,"column":2},"end":{"line":159,"column":3}},"locations":[{"start":{"line":156,"column":2},"end":{"line":159,"column":3}}]},"87":{"type":"branch","line":158,"loc":{"start":{"line":158,"column":17},"end":{"line":158,"column":33}},"locations":[{"start":{"line":158,"column":17},"end":{"line":158,"column":33}}]},"88":{"type":"branch","line":158,"loc":{"start":{"line":158,"column":41},"end":{"line":158,"column":69}},"locations":[{"start":{"line":158,"column":41},"end":{"line":158,"column":69}}]},"89":{"type":"branch","line":158,"loc":{"start":{"line":158,"column":55},"end":{"line":158,"column":69}},"locations":[{"start":{"line":158,"column":55},"end":{"line":158,"column":69}}]},"90":{"type":"branch","line":161,"loc":{"start":{"line":161,"column":2},"end":{"line":167,"column":3}},"locations":[{"start":{"line":161,"column":2},"end":{"line":167,"column":3}}]},"91":{"type":"branch","line":162,"loc":{"start":{"line":162,"column":65},"end":{"line":162,"column":86}},"locations":[{"start":{"line":162,"column":65},"end":{"line":162,"column":86}}]},"92":{"type":"branch","line":163,"loc":{"start":{"line":163,"column":16},"end":{"line":163,"column":32}},"locations":[{"start":{"line":163,"column":16},"end":{"line":163,"column":32}}]},"93":{"type":"branch","line":163,"loc":{"start":{"line":163,"column":36},"end":{"line":166,"column":6}},"locations":[{"start":{"line":163,"column":36},"end":{"line":166,"column":6}}]},"94":{"type":"branch","line":164,"loc":{"start":{"line":164,"column":22},"end":{"line":164,"column":33}},"locations":[{"start":{"line":164,"column":22},"end":{"line":164,"column":33}}]},"95":{"type":"branch","line":165,"loc":{"start":{"line":165,"column":16},"end":{"line":165,"column":32}},"locations":[{"start":{"line":165,"column":16},"end":{"line":165,"column":32}}]}},"b":{"0":[18],"1":[15],"2":[4],"3":[4],"4":[14],"5":[0],"6":[0],"7":[0],"8":[7],"9":[5],"10":[2],"11":[1],"12":[1],"13":[0],"14":[0],"15":[0],"16":[4],"17":[0],"18":[0],"19":[1],"20":[0],"21":[0],"22":[0],"23":[1],"24":[0],"25":[0],"26":[0],"27":[0],"28":[9],"29":[0],"30":[8],"31":[0],"32":[23],"33":[3],"34":[1],"35":[0],"36":[2],"37":[0],"38":[9],"39":[5],"40":[5],"41":[1],"42":[4],"43":[2],"44":[1],"45":[4],"46":[3],"47":[0],"48":[3],"49":[3],"50":[1],"51":[0],"52":[0],"53":[2],"54":[0],"55":[0],"56":[0],"57":[3],"58":[1],"59":[2],"60":[0],"61":[0],"62":[0],"63":[0],"64":[0],"65":[1],"66":[2],"67":[1],"68":[0],"69":[2],"70":[3],"71":[1],"72":[2],"73":[0],"74":[2],"75":[0],"76":[2],"77":[0],"78":[2],"79":[2],"80":[0],"81":[0],"82":[0],"83":[0],"84":[1],"85":[0],"86":[1],"87":[0],"88":[1],"89":[0],"90":[2],"91":[0],"92":[0],"93":[1],"94":[0],"95":[0]},"fnMap":{"0":{"name":"mapThumbnails","decl":{"start":{"line":4,"column":0},"end":{"line":10,"column":1}},"loc":{"start":{"line":4,"column":0},"end":{"line":10,"column":1}},"line":4},"1":{"name":"mapSongItem","decl":{"start":{"line":12,"column":0},"end":{"line":22,"column":1}},"loc":{"start":{"line":12,"column":0},"end":{"line":22,"column":1}},"line":12},"2":{"name":"mapAlbumItem","decl":{"start":{"line":24,"column":0},"end":{"line":35,"column":1}},"loc":{"start":{"line":24,"column":0},"end":{"line":35,"column":1}},"line":24},"3":{"name":"mapArtistItem","decl":{"start":{"line":37,"column":0},"end":{"line":47,"column":1}},"loc":{"start":{"line":37,"column":0},"end":{"line":47,"column":1}},"line":37},"4":{"name":"flatContents","decl":{"start":{"line":49,"column":0},"end":{"line":51,"column":1}},"loc":{"start":{"line":49,"column":0},"end":{"line":51,"column":1}},"line":49},"5":{"name":"DiscoveryClient","decl":{"start":{"line":54,"column":2},"end":{"line":54,"column":48}},"loc":{"start":{"line":54,"column":2},"end":{"line":54,"column":48}},"line":54},"6":{"name":"autocomplete","decl":{"start":{"line":56,"column":2},"end":{"line":63,"column":3}},"loc":{"start":{"line":56,"column":2},"end":{"line":63,"column":3}},"line":56},"7":{"name":"search","decl":{"start":{"line":65,"column":2},"end":{"line":89,"column":3}},"loc":{"start":{"line":65,"column":2},"end":{"line":89,"column":3}},"line":65},"8":{"name":"getHome","decl":{"start":{"line":91,"column":2},"end":{"line":97,"column":3}},"loc":{"start":{"line":91,"column":2},"end":{"line":97,"column":3}},"line":91},"9":{"name":"getArtist","decl":{"start":{"line":99,"column":2},"end":{"line":125,"column":3}},"loc":{"start":{"line":99,"column":2},"end":{"line":125,"column":3}},"line":99},"10":{"name":"getAlbum","decl":{"start":{"line":127,"column":2},"end":{"line":149,"column":3}},"loc":{"start":{"line":127,"column":2},"end":{"line":149,"column":3}},"line":127},"11":{"name":"getRadio","decl":{"start":{"line":151,"column":2},"end":{"line":154,"column":3}},"loc":{"start":{"line":151,"column":2},"end":{"line":154,"column":3}},"line":151},"12":{"name":"getRelated","decl":{"start":{"line":156,"column":2},"end":{"line":159,"column":3}},"loc":{"start":{"line":156,"column":2},"end":{"line":159,"column":3}},"line":156},"13":{"name":"getCharts","decl":{"start":{"line":161,"column":2},"end":{"line":167,"column":3}},"loc":{"start":{"line":161,"column":2},"end":{"line":167,"column":3}},"line":161}},"f":{"0":18,"1":7,"2":4,"3":1,"4":9,"5":23,"6":3,"7":9,"8":1,"9":3,"10":3,"11":1,"12":1,"13":2}}
,"/home/neon/programs/side_project/music package/src/downloader/index.ts": {"path":"/home/neon/programs/side_project/music package/src/downloader/index.ts","all":false,"statementMap":{"0":{"start":{"line":1,"column":0},"end":{"line":1,"column":43}},"1":{"start":{"line":2,"column":0},"end":{"line":2,"column":32}},"2":{"start":{"line":3,"column":0},"end":{"line":3,"column":42}},"3":{"start":{"line":4,"column":0},"end":{"line":4,"column":42}},"4":{"start":{"line":5,"column":0},"end":{"line":5,"column":37}},"5":{"start":{"line":6,"column":0},"end":{"line":6,"column":0}},"6":{"start":{"line":7,"column":0},"end":{"line":7,"column":36}},"7":{"start":{"line":8,"column":0},"end":{"line":8,"column":0}},"8":{"start":{"line":9,"column":0},"end":{"line":9,"column":27}},"9":{"start":{"line":10,"column":0},"end":{"line":10,"column":15}},"10":{"start":{"line":11,"column":0},"end":{"line":11,"column":25}},"11":{"start":{"line":12,"column":0},"end":{"line":12,"column":40}},"12":{"start":{"line":13,"column":0},"end":{"line":13,"column":18}},"13":{"start":{"line":14,"column":0},"end":{"line":14,"column":41}},"14":{"start":{"line":15,"column":0},"end":{"line":15,"column":1}},"15":{"start":{"line":16,"column":0},"end":{"line":16,"column":0}},"16":{"start":{"line":17,"column":0},"end":{"line":17,"column":46}},"17":{"start":{"line":18,"column":0},"end":{"line":18,"column":0}},"18":{"start":{"line":19,"column":0},"end":{"line":19,"column":41}},"19":{"start":{"line":20,"column":0},"end":{"line":20,"column":47}},"20":{"start":{"line":21,"column":0},"end":{"line":21,"column":1}},"21":{"start":{"line":22,"column":0},"end":{"line":22,"column":0}},"22":{"start":{"line":23,"column":0},"end":{"line":23,"column":98}},"23":{"start":{"line":24,"column":0},"end":{"line":24,"column":43}},"24":{"start":{"line":25,"column":0},"end":{"line":25,"column":34}},"25":{"start":{"line":26,"column":0},"end":{"line":26,"column":22}},"26":{"start":{"line":27,"column":0},"end":{"line":27,"column":30}},"27":{"start":{"line":28,"column":0},"end":{"line":28,"column":42}},"28":{"start":{"line":29,"column":0},"end":{"line":29,"column":96}},"29":{"start":{"line":30,"column":0},"end":{"line":30,"column":37}},"30":{"start":{"line":31,"column":0},"end":{"line":31,"column":21}},"31":{"start":{"line":32,"column":0},"end":{"line":32,"column":53}},"32":{"start":{"line":33,"column":0},"end":{"line":33,"column":6}},"33":{"start":{"line":34,"column":0},"end":{"line":34,"column":16}},"34":{"start":{"line":35,"column":0},"end":{"line":35,"column":55}},"35":{"start":{"line":36,"column":0},"end":{"line":36,"column":32}},"36":{"start":{"line":37,"column":0},"end":{"line":37,"column":87}},"37":{"start":{"line":38,"column":0},"end":{"line":38,"column":20}},"38":{"start":{"line":39,"column":0},"end":{"line":39,"column":6}},"39":{"start":{"line":40,"column":0},"end":{"line":40,"column":4}},"40":{"start":{"line":41,"column":0},"end":{"line":41,"column":1}},"41":{"start":{"line":42,"column":0},"end":{"line":42,"column":0}},"42":{"start":{"line":43,"column":0},"end":{"line":43,"column":25}},"43":{"start":{"line":44,"column":0},"end":{"line":44,"column":59}},"44":{"start":{"line":45,"column":0},"end":{"line":45,"column":0}},"45":{"start":{"line":46,"column":0},"end":{"line":46,"column":81}},"46":{"start":{"line":47,"column":0},"end":{"line":47,"column":43}},"47":{"start":{"line":48,"column":0},"end":{"line":48,"column":52}},"48":{"start":{"line":49,"column":0},"end":{"line":49,"column":0}},"49":{"start":{"line":50,"column":0},"end":{"line":50,"column":73}},"50":{"start":{"line":51,"column":0},"end":{"line":51,"column":0}},"51":{"start":{"line":52,"column":0},"end":{"line":52,"column":45}},"52":{"start":{"line":53,"column":0},"end":{"line":53,"column":19}},"53":{"start":{"line":54,"column":0},"end":{"line":54,"column":14}},"54":{"start":{"line":55,"column":0},"end":{"line":55,"column":21}},"55":{"start":{"line":56,"column":0},"end":{"line":56,"column":24}},"56":{"start":{"line":57,"column":0},"end":{"line":57,"column":18}},"57":{"start":{"line":58,"column":0},"end":{"line":58,"column":21}},"58":{"start":{"line":59,"column":0},"end":{"line":59,"column":5}},"59":{"start":{"line":60,"column":0},"end":{"line":60,"column":0}},"60":{"start":{"line":61,"column":0},"end":{"line":61,"column":83}},"61":{"start":{"line":62,"column":0},"end":{"line":62,"column":52}},"62":{"start":{"line":63,"column":0},"end":{"line":63,"column":0}},"63":{"start":{"line":64,"column":0},"end":{"line":64,"column":34}},"64":{"start":{"line":65,"column":0},"end":{"line":65,"column":49}},"65":{"start":{"line":66,"column":0},"end":{"line":66,"column":117}},"66":{"start":{"line":67,"column":0},"end":{"line":67,"column":5}},"67":{"start":{"line":68,"column":0},"end":{"line":68,"column":0}},"68":{"start":{"line":69,"column":0},"end":{"line":69,"column":47}},"69":{"start":{"line":70,"column":0},"end":{"line":70,"column":0}},"70":{"start":{"line":71,"column":0},"end":{"line":71,"column":9}},"71":{"start":{"line":72,"column":0},"end":{"line":72,"column":93}},"72":{"start":{"line":73,"column":0},"end":{"line":73,"column":24}},"73":{"start":{"line":74,"column":0},"end":{"line":74,"column":27}},"74":{"start":{"line":75,"column":0},"end":{"line":75,"column":75}},"75":{"start":{"line":76,"column":0},"end":{"line":76,"column":88}},"76":{"start":{"line":77,"column":0},"end":{"line":77,"column":59}},"77":{"start":{"line":78,"column":0},"end":{"line":78,"column":42}},"78":{"start":{"line":79,"column":0},"end":{"line":79,"column":50}},"79":{"start":{"line":80,"column":0},"end":{"line":80,"column":14}},"80":{"start":{"line":81,"column":0},"end":{"line":81,"column":17}},"81":{"start":{"line":82,"column":0},"end":{"line":82,"column":7}},"82":{"start":{"line":83,"column":0},"end":{"line":83,"column":5}},"83":{"start":{"line":84,"column":0},"end":{"line":84,"column":3}},"84":{"start":{"line":85,"column":0},"end":{"line":85,"column":0}},"85":{"start":{"line":86,"column":0},"end":{"line":86,"column":30}},"86":{"start":{"line":87,"column":0},"end":{"line":87,"column":16}},"87":{"start":{"line":88,"column":0},"end":{"line":88,"column":54}},"88":{"start":{"line":89,"column":0},"end":{"line":89,"column":24}},"89":{"start":{"line":90,"column":0},"end":{"line":90,"column":43}},"90":{"start":{"line":91,"column":0},"end":{"line":91,"column":20}},"91":{"start":{"line":92,"column":0},"end":{"line":92,"column":39}},"92":{"start":{"line":93,"column":0},"end":{"line":93,"column":16}},"93":{"start":{"line":94,"column":0},"end":{"line":94,"column":136}},"94":{"start":{"line":95,"column":0},"end":{"line":95,"column":46}},"95":{"start":{"line":96,"column":0},"end":{"line":96,"column":44}},"96":{"start":{"line":97,"column":0},"end":{"line":97,"column":8}},"97":{"start":{"line":98,"column":0},"end":{"line":98,"column":6}},"98":{"start":{"line":99,"column":0},"end":{"line":99,"column":0}},"99":{"start":{"line":100,"column":0},"end":{"line":100,"column":23}},"100":{"start":{"line":101,"column":0},"end":{"line":101,"column":68}},"101":{"start":{"line":102,"column":0},"end":{"line":102,"column":5}},"102":{"start":{"line":103,"column":0},"end":{"line":103,"column":0}},"103":{"start":{"line":104,"column":0},"end":{"line":104,"column":52}},"104":{"start":{"line":105,"column":0},"end":{"line":105,"column":59}},"105":{"start":{"line":106,"column":0},"end":{"line":106,"column":0}},"106":{"start":{"line":107,"column":0},"end":{"line":107,"column":51}},"107":{"start":{"line":108,"column":0},"end":{"line":108,"column":24}},"108":{"start":{"line":109,"column":0},"end":{"line":109,"column":46}},"109":{"start":{"line":110,"column":0},"end":{"line":110,"column":32}},"110":{"start":{"line":111,"column":0},"end":{"line":111,"column":34}},"111":{"start":{"line":112,"column":0},"end":{"line":112,"column":39}},"112":{"start":{"line":113,"column":0},"end":{"line":113,"column":65}},"113":{"start":{"line":114,"column":0},"end":{"line":114,"column":9}},"114":{"start":{"line":115,"column":0},"end":{"line":115,"column":8}},"115":{"start":{"line":116,"column":0},"end":{"line":116,"column":75}},"116":{"start":{"line":117,"column":0},"end":{"line":117,"column":32}},"117":{"start":{"line":118,"column":0},"end":{"line":118,"column":25}},"118":{"start":{"line":119,"column":0},"end":{"line":119,"column":41}},"119":{"start":{"line":120,"column":0},"end":{"line":120,"column":39}},"120":{"start":{"line":121,"column":0},"end":{"line":121,"column":8}},"121":{"start":{"line":122,"column":0},"end":{"line":122,"column":6}},"122":{"start":{"line":123,"column":0},"end":{"line":123,"column":3}},"123":{"start":{"line":124,"column":0},"end":{"line":124,"column":0}},"124":{"start":{"line":125,"column":0},"end":{"line":125,"column":27}},"125":{"start":{"line":126,"column":0},"end":{"line":126,"column":36}},"126":{"start":{"line":127,"column":0},"end":{"line":127,"column":59}},"127":{"start":{"line":128,"column":0},"end":{"line":128,"column":24}},"128":{"start":{"line":129,"column":0},"end":{"line":129,"column":43}},"129":{"start":{"line":130,"column":0},"end":{"line":130,"column":20}},"130":{"start":{"line":131,"column":0},"end":{"line":131,"column":45}},"131":{"start":{"line":132,"column":0},"end":{"line":132,"column":24}},"132":{"start":{"line":133,"column":0},"end":{"line":133,"column":0}},"133":{"start":{"line":134,"column":0},"end":{"line":134,"column":46}},"134":{"start":{"line":135,"column":0},"end":{"line":135,"column":34}},"135":{"start":{"line":136,"column":0},"end":{"line":136,"column":39}},"136":{"start":{"line":137,"column":0},"end":{"line":137,"column":65}},"137":{"start":{"line":138,"column":0},"end":{"line":138,"column":9}},"138":{"start":{"line":139,"column":0},"end":{"line":139,"column":8}},"139":{"start":{"line":140,"column":0},"end":{"line":140,"column":0}},"140":{"start":{"line":141,"column":0},"end":{"line":141,"column":34}},"141":{"start":{"line":142,"column":0},"end":{"line":142,"column":33}},"142":{"start":{"line":143,"column":0},"end":{"line":143,"column":44}},"143":{"start":{"line":144,"column":0},"end":{"line":144,"column":6}},"144":{"start":{"line":145,"column":0},"end":{"line":145,"column":3}},"145":{"start":{"line":146,"column":0},"end":{"line":146,"column":1}}},"s":{"0":1,"1":1,"2":1,"3":1,"4":1,"5":1,"6":1,"7":1,"8":1,"9":1,"10":1,"11":1,"12":1,"13":1,"14":1,"15":1,"16":1,"17":1,"18":14,"19":14,"20":14,"21":1,"22":0,"23":0,"24":0,"25":0,"26":0,"27":0,"28":0,"29":0,"30":0,"31":0,"32":0,"33":0,"34":0,"35":0,"36":0,"37":0,"38":0,"39":0,"40":0,"41":1,"42":1,"43":1,"44":1,"45":1,"46":8,"47":8,"48":8,"49":8,"50":7,"51":8,"52":4,"53":4,"54":4,"55":4,"56":4,"57":4,"58":4,"59":8,"60":8,"61":8,"62":8,"63":8,"64":1,"65":1,"66":1,"67":6,"68":6,"69":6,"70":6,"71":6,"72":8,"73":0,"74":0,"75":0,"76":0,"77":0,"78":0,"79":0,"80":0,"81":0,"82":0,"83":8,"84":1,"85":1,"86":5,"87":5,"88":5,"89":5,"90":5,"91":5,"92":5,"93":5,"94":5,"95":5,"96":5,"97":5,"98":5,"99":5,"100":0,"101":0,"102":5,"103":5,"104":5,"105":5,"106":5,"107":5,"108":5,"109":0,"110":0,"111":0,"112":0,"113":0,"114":5,"115":5,"116":5,"117":5,"118":5,"119":5,"120":5,"121":5,"122":5,"123":1,"124":1,"125":1,"126":1,"127":1,"128":1,"129":1,"130":1,"131":1,"132":1,"133":1,"134":2,"135":2,"136":2,"137":2,"138":1,"139":1,"140":1,"141":1,"142":1,"143":1,"144":1,"145":1},"branchMap":{"0":{"type":"branch","line":19,"loc":{"start":{"line":19,"column":0},"end":{"line":21,"column":1}},"locations":[{"start":{"line":19,"column":0},"end":{"line":21,"column":1}}]},"1":{"type":"branch","line":44,"loc":{"start":{"line":44,"column":2},"end":{"line":44,"column":59}},"locations":[{"start":{"line":44,"column":2},"end":{"line":44,"column":59}}]},"2":{"type":"branch","line":46,"loc":{"start":{"line":46,"column":2},"end":{"line":84,"column":3}},"locations":[{"start":{"line":46,"column":2},"end":{"line":84,"column":3}}]},"3":{"type":"branch","line":47,"loc":{"start":{"line":47,"column":27},"end":{"line":47,"column":43}},"locations":[{"start":{"line":47,"column":27},"end":{"line":47,"column":43}}]},"4":{"type":"branch","line":48,"loc":{"start":{"line":48,"column":29},"end":{"line":48,"column":46}},"locations":[{"start":{"line":48,"column":29},"end":{"line":48,"column":46}}]},"5":{"type":"branch","line":48,"loc":{"start":{"line":48,"column":37},"end":{"line":48,"column":52}},"locations":[{"start":{"line":48,"column":37},"end":{"line":48,"column":52}}]},"6":{"type":"branch","line":50,"loc":{"start":{"line":50,"column":72},"end":{"line":52,"column":44}},"locations":[{"start":{"line":50,"column":72},"end":{"line":52,"column":44}}]},"7":{"type":"branch","line":52,"loc":{"start":{"line":52,"column":31},"end":{"line":59,"column":5}},"locations":[{"start":{"line":52,"column":31},"end":{"line":59,"column":5}}]},"8":{"type":"branch","line":62,"loc":{"start":{"line":62,"column":30},"end":{"line":62,"column":43}},"locations":[{"start":{"line":62,"column":30},"end":{"line":62,"column":43}}]},"9":{"type":"branch","line":64,"loc":{"start":{"line":64,"column":33},"end":{"line":67,"column":5}},"locations":[{"start":{"line":64,"column":33},"end":{"line":67,"column":5}}]},"10":{"type":"branch","line":67,"loc":{"start":{"line":67,"column":4},"end":{"line":72,"column":93}},"locations":[{"start":{"line":67,"column":4},"end":{"line":72,"column":93}}]},"11":{"type":"branch","line":72,"loc":{"start":{"line":72,"column":92},"end":{"line":73,"column":13}},"locations":[{"start":{"line":72,"column":92},"end":{"line":73,"column":13}}]},"12":{"type":"branch","line":73,"loc":{"start":{"line":73,"column":4},"end":{"line":83,"column":5}},"locations":[{"start":{"line":73,"column":4},"end":{"line":83,"column":5}}]},"13":{"type":"branch","line":86,"loc":{"start":{"line":86,"column":2},"end":{"line":123,"column":3}},"locations":[{"start":{"line":86,"column":2},"end":{"line":123,"column":3}}]},"14":{"type":"branch","line":100,"loc":{"start":{"line":100,"column":22},"end":{"line":102,"column":5}},"locations":[{"start":{"line":100,"column":22},"end":{"line":102,"column":5}}]},"15":{"type":"branch","line":107,"loc":{"start":{"line":107,"column":29},"end":{"line":122,"column":5}},"locations":[{"start":{"line":107,"column":29},"end":{"line":122,"column":5}}]},"16":{"type":"branch","line":117,"loc":{"start":{"line":117,"column":25},"end":{"line":121,"column":7}},"locations":[{"start":{"line":117,"column":25},"end":{"line":121,"column":7}}]},"17":{"type":"branch","line":125,"loc":{"start":{"line":125,"column":10},"end":{"line":145,"column":3}},"locations":[{"start":{"line":125,"column":10},"end":{"line":145,"column":3}}]},"18":{"type":"branch","line":131,"loc":{"start":{"line":131,"column":23},"end":{"line":144,"column":5}},"locations":[{"start":{"line":131,"column":23},"end":{"line":144,"column":5}}]},"19":{"type":"branch","line":134,"loc":{"start":{"line":134,"column":26},"end":{"line":139,"column":7}},"locations":[{"start":{"line":134,"column":26},"end":{"line":139,"column":7}}]}},"b":{"0":[14],"1":[44],"2":[8],"3":[5],"4":[1],"5":[7],"6":[7],"7":[4],"8":[0],"9":[1],"10":[6],"11":[5],"12":[0],"13":[5],"14":[0],"15":[5],"16":[5],"17":[1],"18":[1],"19":[2]},"fnMap":{"0":{"name":"sanitize","decl":{"start":{"line":19,"column":0},"end":{"line":21,"column":1}},"loc":{"start":{"line":19,"column":0},"end":{"line":21,"column":1}},"line":19},"1":{"name":"ytdlpDownload","decl":{"start":{"line":23,"column":0},"end":{"line":41,"column":1}},"loc":{"start":{"line":23,"column":0},"end":{"line":41,"column":1}},"line":23},"2":{"name":"Downloader","decl":{"start":{"line":44,"column":2},"end":{"line":44,"column":59}},"loc":{"start":{"line":44,"column":2},"end":{"line":44,"column":59}},"line":44},"3":{"name":"download","decl":{"start":{"line":46,"column":2},"end":{"line":84,"column":3}},"loc":{"start":{"line":46,"column":2},"end":{"line":84,"column":3}},"line":46},"4":{"name":"fetchAndWrite","decl":{"start":{"line":86,"column":2},"end":{"line":123,"column":3}},"loc":{"start":{"line":86,"column":2},"end":{"line":123,"column":3}},"line":86},"5":{"name":"readWithProgress","decl":{"start":{"line":125,"column":10},"end":{"line":145,"column":3}},"loc":{"start":{"line":125,"column":10},"end":{"line":145,"column":3}},"line":125}},"f":{"0":14,"1":0,"2":44,"3":8,"4":5,"5":1}}
,"/home/neon/programs/side_project/music package/src/events/index.ts": {"path":"/home/neon/programs/side_project/music package/src/events/index.ts","all":false,"statementMap":{"0":{"start":{"line":1,"column":0},"end":{"line":1,"column":17}},"1":{"start":{"line":2,"column":0},"end":{"line":2,"column":108}},"2":{"start":{"line":3,"column":0},"end":{"line":3,"column":143}},"3":{"start":{"line":4,"column":0},"end":{"line":4,"column":47}},"4":{"start":{"line":5,"column":0},"end":{"line":5,"column":26}},"5":{"start":{"line":6,"column":0},"end":{"line":6,"column":49}},"6":{"start":{"line":7,"column":0},"end":{"line":7,"column":52}},"7":{"start":{"line":8,"column":0},"end":{"line":8,"column":60}},"8":{"start":{"line":9,"column":0},"end":{"line":9,"column":23}},"9":{"start":{"line":10,"column":0},"end":{"line":10,"column":1}},"10":{"start":{"line":11,"column":0},"end":{"line":11,"column":0}},"11":{"start":{"line":12,"column":0},"end":{"line":12,"column":31}},"12":{"start":{"line":13,"column":0},"end":{"line":13,"column":66}},"13":{"start":{"line":14,"column":0},"end":{"line":14,"column":0}},"14":{"start":{"line":15,"column":0},"end":{"line":15,"column":30}},"15":{"start":{"line":16,"column":0},"end":{"line":16,"column":56}},"16":{"start":{"line":17,"column":0},"end":{"line":17,"column":0}},"17":{"start":{"line":18,"column":0},"end":{"line":18,"column":64}},"18":{"start":{"line":19,"column":0},"end":{"line":19,"column":70}},"19":{"start":{"line":20,"column":0},"end":{"line":20,"column":42}},"20":{"start":{"line":21,"column":0},"end":{"line":21,"column":3}},"21":{"start":{"line":22,"column":0},"end":{"line":22,"column":0}},"22":{"start":{"line":23,"column":0},"end":{"line":23,"column":65}},"23":{"start":{"line":24,"column":0},"end":{"line":24,"column":45}},"24":{"start":{"line":25,"column":0},"end":{"line":25,"column":3}},"25":{"start":{"line":26,"column":0},"end":{"line":26,"column":0}},"26":{"start":{"line":27,"column":0},"end":{"line":27,"column":67}},"27":{"start":{"line":28,"column":0},"end":{"line":28,"column":54}},"28":{"start":{"line":29,"column":0},"end":{"line":29,"column":3}},"29":{"start":{"line":30,"column":0},"end":{"line":30,"column":1}}},"s":{"0":1,"1":1,"2":1,"3":1,"4":1,"5":1,"6":1,"7":1,"8":1,"9":1,"10":1,"11":1,"12":1,"13":1,"14":1,"15":49,"16":1,"17":1,"18":20,"19":20,"20":20,"21":1,"22":1,"23":5,"24":5,"25":1,"26":1,"27":103,"28":103,"29":1},"branchMap":{"0":{"type":"branch","line":15,"loc":{"start":{"line":15,"column":7},"end":{"line":16,"column":56}},"locations":[{"start":{"line":15,"column":7},"end":{"line":16,"column":56}}]},"1":{"type":"branch","line":18,"loc":{"start":{"line":18,"column":2},"end":{"line":21,"column":3}},"locations":[{"start":{"line":18,"column":2},"end":{"line":21,"column":3}}]},"2":{"type":"branch","line":19,"loc":{"start":{"line":19,"column":35},"end":{"line":19,"column":70}},"locations":[{"start":{"line":19,"column":35},"end":{"line":19,"column":70}}]},"3":{"type":"branch","line":23,"loc":{"start":{"line":23,"column":2},"end":{"line":25,"column":3}},"locations":[{"start":{"line":23,"column":2},"end":{"line":25,"column":3}}]},"4":{"type":"branch","line":24,"loc":{"start":{"line":24,"column":27},"end":{"line":24,"column":37}},"locations":[{"start":{"line":24,"column":27},"end":{"line":24,"column":37}}]},"5":{"type":"branch","line":27,"loc":{"start":{"line":27,"column":2},"end":{"line":29,"column":3}},"locations":[{"start":{"line":27,"column":2},"end":{"line":29,"column":3}}]},"6":{"type":"branch","line":28,"loc":{"start":{"line":28,"column":27},"end":{"line":28,"column":38}},"locations":[{"start":{"line":28,"column":27},"end":{"line":28,"column":38}}]},"7":{"type":"branch","line":28,"loc":{"start":{"line":28,"column":38},"end":{"line":28,"column":53}},"locations":[{"start":{"line":28,"column":38},"end":{"line":28,"column":53}}]}},"b":{"0":[49],"1":[20],"2":[17],"3":[5],"4":[3],"5":[103],"6":[16],"7":[16]},"fnMap":{"0":{"name":"MusicKitEmitter","decl":{"start":{"line":15,"column":7},"end":{"line":16,"column":56}},"loc":{"start":{"line":15,"column":7},"end":{"line":16,"column":56}},"line":15},"1":{"name":"on","decl":{"start":{"line":18,"column":2},"end":{"line":21,"column":3}},"loc":{"start":{"line":18,"column":2},"end":{"line":21,"column":3}},"line":18},"2":{"name":"off","decl":{"start":{"line":23,"column":2},"end":{"line":25,"column":3}},"loc":{"start":{"line":23,"column":2},"end":{"line":25,"column":3}},"line":23},"3":{"name":"emit","decl":{"start":{"line":27,"column":2},"end":{"line":29,"column":3}},"loc":{"start":{"line":27,"column":2},"end":{"line":29,"column":3}},"line":27}},"f":{"0":49,"1":20,"2":5,"3":103}}
,"/home/neon/programs/side_project/music package/src/musickit/index.ts": {"path":"/home/neon/programs/side_project/music package/src/musickit/index.ts","all":false,"statementMap":{"0":{"start":{"line":1,"column":0},"end":{"line":1,"column":39}},"1":{"start":{"line":2,"column":0},"end":{"line":2,"column":32}},"2":{"start":{"line":3,"column":0},"end":{"line":3,"column":45}},"3":{"start":{"line":4,"column":0},"end":{"line":4,"column":38}},"4":{"start":{"line":5,"column":0},"end":{"line":5,"column":43}},"5":{"start":{"line":6,"column":0},"end":{"line":6,"column":46}},"6":{"start":{"line":7,"column":0},"end":{"line":7,"column":42}},"7":{"start":{"line":8,"column":0},"end":{"line":8,"column":42}},"8":{"start":{"line":9,"column":0},"end":{"line":9,"column":43}},"9":{"start":{"line":10,"column":0},"end":{"line":10,"column":13}},"10":{"start":{"line":11,"column":0},"end":{"line":11,"column":17}},"11":{"start":{"line":12,"column":0},"end":{"line":12,"column":18}},"12":{"start":{"line":13,"column":0},"end":{"line":13,"column":16}},"13":{"start":{"line":14,"column":0},"end":{"line":14,"column":7}},"14":{"start":{"line":15,"column":0},"end":{"line":15,"column":8}},"15":{"start":{"line":16,"column":0},"end":{"line":16,"column":9}},"16":{"start":{"line":17,"column":0},"end":{"line":17,"column":11}},"17":{"start":{"line":18,"column":0},"end":{"line":18,"column":10}},"18":{"start":{"line":19,"column":0},"end":{"line":19,"column":13}},"19":{"start":{"line":20,"column":0},"end":{"line":20,"column":16}},"20":{"start":{"line":21,"column":0},"end":{"line":21,"column":15}},"21":{"start":{"line":22,"column":0},"end":{"line":22,"column":10}},"22":{"start":{"line":23,"column":0},"end":{"line":23,"column":18}},"23":{"start":{"line":24,"column":0},"end":{"line":24,"column":16}},"24":{"start":{"line":25,"column":0},"end":{"line":25,"column":18}},"25":{"start":{"line":26,"column":0},"end":{"line":26,"column":0}},"26":{"start":{"line":27,"column":0},"end":{"line":27,"column":53}},"27":{"start":{"line":28,"column":0},"end":{"line":28,"column":106}},"28":{"start":{"line":29,"column":0},"end":{"line":29,"column":0}},"29":{"start":{"line":30,"column":0},"end":{"line":30,"column":53}},"30":{"start":{"line":31,"column":0},"end":{"line":31,"column":61}},"31":{"start":{"line":32,"column":0},"end":{"line":32,"column":1}},"32":{"start":{"line":33,"column":0},"end":{"line":33,"column":0}},"33":{"start":{"line":34,"column":0},"end":{"line":34,"column":23}},"34":{"start":{"line":35,"column":0},"end":{"line":35,"column":31}},"35":{"start":{"line":36,"column":0},"end":{"line":36,"column":39}},"36":{"start":{"line":37,"column":0},"end":{"line":37,"column":37}},"37":{"start":{"line":38,"column":0},"end":{"line":38,"column":42}},"38":{"start":{"line":39,"column":0},"end":{"line":39,"column":43}},"39":{"start":{"line":40,"column":0},"end":{"line":40,"column":95}},"40":{"start":{"line":41,"column":0},"end":{"line":41,"column":0}},"41":{"start":{"line":42,"column":0},"end":{"line":42,"column":51}},"42":{"start":{"line":43,"column":0},"end":{"line":43,"column":47}},"43":{"start":{"line":44,"column":0},"end":{"line":44,"column":47}},"44":{"start":{"line":45,"column":0},"end":{"line":45,"column":54}},"45":{"start":{"line":46,"column":0},"end":{"line":46,"column":0}},"46":{"start":{"line":47,"column":0},"end":{"line":47,"column":61}},"47":{"start":{"line":48,"column":0},"end":{"line":48,"column":42}},"48":{"start":{"line":49,"column":0},"end":{"line":49,"column":28}},"49":{"start":{"line":50,"column":0},"end":{"line":50,"column":43}},"50":{"start":{"line":51,"column":0},"end":{"line":51,"column":28}},"51":{"start":{"line":52,"column":0},"end":{"line":52,"column":6}},"52":{"start":{"line":53,"column":0},"end":{"line":53,"column":87}},"53":{"start":{"line":54,"column":0},"end":{"line":54,"column":40}},"54":{"start":{"line":55,"column":0},"end":{"line":55,"column":34}},"55":{"start":{"line":56,"column":0},"end":{"line":56,"column":42}},"56":{"start":{"line":57,"column":0},"end":{"line":57,"column":47}},"57":{"start":{"line":58,"column":0},"end":{"line":58,"column":36}},"58":{"start":{"line":59,"column":0},"end":{"line":59,"column":24}},"59":{"start":{"line":60,"column":0},"end":{"line":60,"column":6}},"60":{"start":{"line":61,"column":0},"end":{"line":61,"column":51}},"61":{"start":{"line":62,"column":0},"end":{"line":62,"column":34}},"62":{"start":{"line":63,"column":0},"end":{"line":63,"column":34}},"63":{"start":{"line":64,"column":0},"end":{"line":64,"column":6}},"64":{"start":{"line":65,"column":0},"end":{"line":65,"column":0}},"65":{"start":{"line":66,"column":0},"end":{"line":66,"column":14}},"66":{"start":{"line":67,"column":0},"end":{"line":67,"column":48}},"67":{"start":{"line":68,"column":0},"end":{"line":68,"column":56}},"68":{"start":{"line":69,"column":0},"end":{"line":69,"column":53}},"69":{"start":{"line":70,"column":0},"end":{"line":70,"column":5}},"70":{"start":{"line":71,"column":0},"end":{"line":71,"column":3}},"71":{"start":{"line":72,"column":0},"end":{"line":72,"column":0}},"72":{"start":{"line":73,"column":0},"end":{"line":73,"column":71}},"73":{"start":{"line":74,"column":0},"end":{"line":74,"column":73}},"74":{"start":{"line":75,"column":0},"end":{"line":75,"column":35}},"75":{"start":{"line":76,"column":0},"end":{"line":76,"column":3}},"76":{"start":{"line":77,"column":0},"end":{"line":77,"column":0}},"77":{"start":{"line":78,"column":0},"end":{"line":78,"column":48}},"78":{"start":{"line":79,"column":0},"end":{"line":79,"column":31}},"79":{"start":{"line":80,"column":0},"end":{"line":80,"column":27}},"80":{"start":{"line":81,"column":0},"end":{"line":81,"column":76}},"81":{"start":{"line":82,"column":0},"end":{"line":82,"column":5}},"82":{"start":{"line":83,"column":0},"end":{"line":83,"column":36}},"83":{"start":{"line":84,"column":0},"end":{"line":84,"column":45}},"84":{"start":{"line":85,"column":0},"end":{"line":85,"column":53}},"85":{"start":{"line":86,"column":0},"end":{"line":86,"column":51}},"86":{"start":{"line":87,"column":0},"end":{"line":87,"column":3}},"87":{"start":{"line":88,"column":0},"end":{"line":88,"column":0}},"88":{"start":{"line":89,"column":0},"end":{"line":89,"column":77}},"89":{"start":{"line":90,"column":0},"end":{"line":90,"column":33}},"90":{"start":{"line":91,"column":0},"end":{"line":91,"column":28}},"91":{"start":{"line":92,"column":0},"end":{"line":92,"column":43}},"92":{"start":{"line":93,"column":0},"end":{"line":93,"column":9}},"93":{"start":{"line":94,"column":0},"end":{"line":94,"column":61}},"94":{"start":{"line":95,"column":0},"end":{"line":95,"column":86}},"95":{"start":{"line":96,"column":0},"end":{"line":96,"column":90}},"96":{"start":{"line":97,"column":0},"end":{"line":97,"column":8}},"97":{"start":{"line":98,"column":0},"end":{"line":98,"column":69}},"98":{"start":{"line":99,"column":0},"end":{"line":99,"column":19}},"99":{"start":{"line":100,"column":0},"end":{"line":100,"column":19}},"100":{"start":{"line":101,"column":0},"end":{"line":101,"column":46}},"101":{"start":{"line":102,"column":0},"end":{"line":102,"column":15}},"102":{"start":{"line":103,"column":0},"end":{"line":103,"column":5}},"103":{"start":{"line":104,"column":0},"end":{"line":104,"column":3}},"104":{"start":{"line":105,"column":0},"end":{"line":105,"column":0}},"105":{"start":{"line":106,"column":0},"end":{"line":106,"column":67}},"106":{"start":{"line":107,"column":0},"end":{"line":107,"column":49}},"107":{"start":{"line":108,"column":0},"end":{"line":108,"column":3}},"108":{"start":{"line":109,"column":0},"end":{"line":109,"column":0}},"109":{"start":{"line":110,"column":0},"end":{"line":110,"column":68}},"110":{"start":{"line":111,"column":0},"end":{"line":111,"column":50}},"111":{"start":{"line":112,"column":0},"end":{"line":112,"column":3}},"112":{"start":{"line":113,"column":0},"end":{"line":113,"column":0}},"113":{"start":{"line":114,"column":0},"end":{"line":114,"column":56}},"114":{"start":{"line":115,"column":0},"end":{"line":115,"column":30}},"115":{"start":{"line":116,"column":0},"end":{"line":116,"column":80}},"116":{"start":{"line":117,"column":0},"end":{"line":117,"column":3}},"117":{"start":{"line":118,"column":0},"end":{"line":118,"column":0}},"118":{"start":{"line":119,"column":0},"end":{"line":119,"column":76}},"119":{"start":{"line":120,"column":0},"end":{"line":120,"column":78}},"120":{"start":{"line":121,"column":0},"end":{"line":121,"column":80}},"121":{"start":{"line":122,"column":0},"end":{"line":122,"column":84}},"122":{"start":{"line":123,"column":0},"end":{"line":123,"column":90}},"123":{"start":{"line":124,"column":0},"end":{"line":124,"column":135}},"124":{"start":{"line":125,"column":0},"end":{"line":125,"column":66}},"125":{"start":{"line":126,"column":0},"end":{"line":126,"column":0}},"126":{"start":{"line":127,"column":0},"end":{"line":127,"column":51}},"127":{"start":{"line":128,"column":0},"end":{"line":128,"column":33}},"128":{"start":{"line":129,"column":0},"end":{"line":129,"column":63}},"129":{"start":{"line":130,"column":0},"end":{"line":130,"column":21}},"130":{"start":{"line":131,"column":0},"end":{"line":131,"column":5}},"131":{"start":{"line":132,"column":0},"end":{"line":132,"column":0}},"132":{"start":{"line":133,"column":0},"end":{"line":133,"column":91}},"133":{"start":{"line":134,"column":0},"end":{"line":134,"column":20}},"134":{"start":{"line":135,"column":0},"end":{"line":135,"column":47}},"135":{"start":{"line":136,"column":0},"end":{"line":136,"column":63}},"136":{"start":{"line":137,"column":0},"end":{"line":137,"column":22}},"137":{"start":{"line":138,"column":0},"end":{"line":138,"column":5}},"138":{"start":{"line":139,"column":0},"end":{"line":139,"column":0}},"139":{"start":{"line":140,"column":0},"end":{"line":140,"column":44}},"140":{"start":{"line":141,"column":0},"end":{"line":141,"column":103}},"141":{"start":{"line":142,"column":0},"end":{"line":142,"column":30}},"142":{"start":{"line":143,"column":0},"end":{"line":143,"column":0}},"143":{"start":{"line":144,"column":0},"end":{"line":144,"column":97}},"144":{"start":{"line":145,"column":0},"end":{"line":145,"column":49}},"145":{"start":{"line":146,"column":0},"end":{"line":146,"column":54}},"146":{"start":{"line":147,"column":0},"end":{"line":147,"column":17}},"147":{"start":{"line":148,"column":0},"end":{"line":148,"column":3}},"148":{"start":{"line":149,"column":0},"end":{"line":149,"column":0}},"149":{"start":{"line":150,"column":0},"end":{"line":150,"column":93}},"150":{"start":{"line":151,"column":0},"end":{"line":151,"column":30}},"151":{"start":{"line":152,"column":0},"end":{"line":152,"column":96}},"152":{"start":{"line":153,"column":0},"end":{"line":153,"column":3}},"153":{"start":{"line":154,"column":0},"end":{"line":154,"column":0}},"154":{"start":{"line":155,"column":0},"end":{"line":155,"column":56}},"155":{"start":{"line":156,"column":0},"end":{"line":156,"column":30}},"156":{"start":{"line":157,"column":0},"end":{"line":157,"column":51}},"157":{"start":{"line":158,"column":0},"end":{"line":158,"column":87}},"158":{"start":{"line":159,"column":0},"end":{"line":159,"column":72}},"159":{"start":{"line":160,"column":0},"end":{"line":160,"column":6}},"160":{"start":{"line":161,"column":0},"end":{"line":161,"column":0}},"161":{"start":{"line":162,"column":0},"end":{"line":162,"column":72}},"162":{"start":{"line":163,"column":0},"end":{"line":163,"column":61}},"163":{"start":{"line":164,"column":0},"end":{"line":164,"column":0}},"164":{"start":{"line":165,"column":0},"end":{"line":165,"column":42}},"165":{"start":{"line":166,"column":0},"end":{"line":166,"column":3}},"166":{"start":{"line":167,"column":0},"end":{"line":167,"column":0}},"167":{"start":{"line":168,"column":0},"end":{"line":168,"column":39}},"168":{"start":{"line":169,"column":0},"end":{"line":169,"column":30}},"169":{"start":{"line":170,"column":0},"end":{"line":170,"column":64}},"170":{"start":{"line":171,"column":0},"end":{"line":171,"column":3}},"171":{"start":{"line":172,"column":0},"end":{"line":172,"column":0}},"172":{"start":{"line":173,"column":0},"end":{"line":173,"column":55}},"173":{"start":{"line":174,"column":0},"end":{"line":174,"column":30}},"174":{"start":{"line":175,"column":0},"end":{"line":175,"column":75}},"175":{"start":{"line":176,"column":0},"end":{"line":176,"column":3}},"176":{"start":{"line":177,"column":0},"end":{"line":177,"column":0}},"177":{"start":{"line":178,"column":0},"end":{"line":178,"column":52}},"178":{"start":{"line":179,"column":0},"end":{"line":179,"column":30}},"179":{"start":{"line":180,"column":0},"end":{"line":180,"column":73}},"180":{"start":{"line":181,"column":0},"end":{"line":181,"column":3}},"181":{"start":{"line":182,"column":0},"end":{"line":182,"column":0}},"182":{"start":{"line":183,"column":0},"end":{"line":183,"column":52}},"183":{"start":{"line":184,"column":0},"end":{"line":184,"column":30}},"184":{"start":{"line":185,"column":0},"end":{"line":185,"column":72}},"185":{"start":{"line":186,"column":0},"end":{"line":186,"column":3}},"186":{"start":{"line":187,"column":0},"end":{"line":187,"column":0}},"187":{"start":{"line":188,"column":0},"end":{"line":188,"column":54}},"188":{"start":{"line":189,"column":0},"end":{"line":189,"column":30}},"189":{"start":{"line":190,"column":0},"end":{"line":190,"column":74}},"190":{"start":{"line":191,"column":0},"end":{"line":191,"column":3}},"191":{"start":{"line":192,"column":0},"end":{"line":192,"column":0}},"192":{"start":{"line":193,"column":0},"end":{"line":193,"column":64}},"193":{"start":{"line":194,"column":0},"end":{"line":194,"column":30}},"194":{"start":{"line":195,"column":0},"end":{"li
[...]
},"3":{"start":{"line":4,"column":0},"end":{"line":4,"column":58}},"4":{"start":{"line":5,"column":0},"end":{"line":5,"column":122}},"5":{"start":{"line":6,"column":0},"end":{"line":6,"column":0}},"6":{"start":{"line":7,"column":0},"end":{"line":7,"column":26}},"7":{"start":{"line":8,"column":0},"end":{"line":8,"column":20}},"8":{"start":{"line":9,"column":0},"end":{"line":9,"column":20}},"9":{"start":{"line":10,"column":0},"end":{"line":10,"column":1}},"10":{"start":{"line":11,"column":0},"end":{"line":11,"column":0}},"11":{"start":{"line":12,"column":0},"end":{"line":12,"column":29}},"12":{"start":{"line":13,"column":0},"end":{"line":13,"column":31}},"13":{"start":{"line":14,"column":0},"end":{"line":14,"column":42}},"14":{"start":{"line":15,"column":0},"end":{"line":15,"column":0}},"15":{"start":{"line":16,"column":0},"end":{"line":16,"column":59}},"16":{"start":{"line":17,"column":0},"end":{"line":17,"column":22}},"17":{"start":{"line":18,"column":0},"end":{"line":18,"column":26}},"18":{"start":{"line":19,"column":0},"end":{"line":19,"column":3}},"19":{"start":{"line":20,"column":0},"end":{"line":20,"column":0}},"20":{"start":{"line":21,"column":0},"end":{"line":21,"column":41}},"21":{"start":{"line":22,"column":0},"end":{"line":22,"column":61}},"22":{"start":{"line":23,"column":0},"end":{"line":23,"column":0}},"23":{"start":{"line":24,"column":0},"end":{"line":24,"column":55}},"24":{"start":{"line":25,"column":0},"end":{"line":25,"column":29}},"25":{"start":{"line":26,"column":0},"end":{"line":26,"column":0}},"26":{"start":{"line":27,"column":0},"end":{"line":27,"column":31}},"27":{"start":{"line":28,"column":0},"end":{"line":28,"column":3}},"28":{"start":{"line":29,"column":0},"end":{"line":29,"column":0}},"29":{"start":{"line":30,"column":0},"end":{"line":30,"column":45}},"30":{"start":{"line":31,"column":0},"end":{"line":31,"column":35}},"31":{"start":{"line":32,"column":0},"end":{"line":32,"column":31}},"32":{"start":{"line":33,"column":0},"end":{"line":33,"column":3}},"33":{"start":{"line":34,"column":0},"end":{"line":34,"column":0}},"34":{"start":{"line":35,"column":0},"end":{"line":35,"column":57}},"35":{"start":{"line":36,"column":0},"end":{"line":36,"column":47}},"36":{"start":{"line":37,"column":0},"end":{"line":37,"column":12}},"37":{"start":{"line":38,"column":0},"end":{"line":38,"column":57}},"38":{"start":{"line":39,"column":0},"end":{"line":39,"column":45}},"39":{"start":{"line":40,"column":0},"end":{"line":40,"column":41}},"40":{"start":{"line":41,"column":0},"end":{"line":41,"column":39}},"41":{"start":{"line":42,"column":0},"end":{"line":42,"column":37}},"42":{"start":{"line":43,"column":0},"end":{"line":43,"column":5}},"43":{"start":{"line":44,"column":0},"end":{"line":44,"column":3}},"44":{"start":{"line":45,"column":0},"end":{"line":45,"column":0}},"45":{"start":{"line":46,"column":0},"end":{"line":46,"column":50}},"46":{"start":{"line":47,"column":0},"end":{"line":47,"column":9}},"47":{"start":{"line":48,"column":0},"end":{"line":48,"column":47}},"48":{"start":{"line":49,"column":0},"end":{"line":49,"column":58}},"49":{"start":{"line":50,"column":0},"end":{"line":50,"column":50}},"50":{"start":{"line":51,"column":0},"end":{"line":51,"column":60}},"51":{"start":{"line":52,"column":0},"end":{"line":52,"column":15}},"52":{"start":{"line":53,"column":0},"end":{"line":53,"column":13}},"53":{"start":{"line":54,"column":0},"end":{"line":54,"column":32}},"54":{"start":{"line":55,"column":0},"end":{"line":55,"column":5}},"55":{"start":{"line":56,"column":0},"end":{"line":56,"column":3}},"56":{"start":{"line":57,"column":0},"end":{"line":57,"column":1}}},"s":{"0":1,"1":1,"2":1,"3":1,"4":1,"5":1,"6":1,"7":1,"8":1,"9":1,"10":1,"11":1,"12":1,"13":1,"14":1,"15":1,"16":9,"17":9,"18":9,"19":1,"20":1,"21":9,"22":7,"23":7,"24":9,"25":4,"26":4,"27":9,"28":1,"29":1,"30":1,"31":1,"32":1,"33":1,"34":1,"35":3,"36":3,"37":3,"38":3,"39":3,"40":3,"41":3,"42":3,"43":3,"44":1,"45":1,"46":5,"47":5,"48":4,"49":5,"50":5,"51":5,"52":5,"53":1,"54":1,"55":5,"56":1},"branchMap":{"0":{"type":"branch","line":16,"loc":{"start":{"line":16,"column":2},"end":{"line":19,"column":3}},"locations":[{"start":{"line":16,"column":2},"end":{"line":19,"column":3}}]},"1":{"type":"branch","line":21,"loc":{"start":{"line":21,"column":2},"end":{"line":28,"column":3}},"locations":[{"start":{"line":21,"column":2},"end":{"line":28,"column":3}}]},"2":{"type":"branch","line":22,"loc":{"start":{"line":22,"column":32},"end":{"line":22,"column":61}},"locations":[{"start":{"line":22,"column":32},"end":{"line":22,"column":61}}]},"3":{"type":"branch","line":22,"loc":{"start":{"line":22,"column":52},"end":{"line":25,"column":23}},"locations":[{"start":{"line":22,"column":52},"end":{"line":25,"column":23}}]},"4":{"type":"branch","line":25,"loc":{"start":{"line":25,"column":16},"end":{"line":25,"column":29}},"locations":[{"start":{"line":25,"column":16},"end":{"line":25,"column":29}}]},"5":{"type":"branch","line":25,"loc":{"start":{"line":25,"column":23},"end":{"line":27,"column":31}},"locations":[{"start":{"line":25,"column":23},"end":{"line":27,"column":31}}]},"6":{"type":"branch","line":30,"loc":{"start":{"line":30,"column":2},"end":{"line":33,"column":3}},"locations":[{"start":{"line":30,"column":2},"end":{"line":33,"column":3}}]},"7":{"type":"branch","line":35,"loc":{"start":{"line":35,"column":2},"end":{"line":44,"column":3}},"locations":[{"start":{"line":35,"column":2},"end":{"line":44,"column":3}}]},"8":{"type":"branch","line":38,"loc":{"start":{"line":38,"column":33},"end":{"line":38,"column":57}},"locations":[{"start":{"line":38,"column":33},"end":{"line":38,"column":57}}]},"9":{"type":"branch","line":46,"loc":{"start":{"line":46,"column":2},"end":{"line":56,"column":3}},"locations":[{"start":{"line":46,"column":2},"end":{"line":56,"column":3}}]},"10":{"type":"branch","line":48,"loc":{"start":{"line":48,"column":46},"end":{"line":50,"column":25}},"locations":[{"start":{"line":48,"column":46},"end":{"line":50,"column":25}}]},"11":{"type":"branch","line":50,"loc":{"start":{"line":50,"column":17},"end":{"line":50,"column":31}},"locations":[{"start":{"line":50,"column":17},"end":{"line":50,"column":31}}]},"12":{"type":"branch","line":50,"loc":{"start":{"line":50,"column":26},"end":{"line":50,"column":50}},"locations":[{"start":{"line":50,"column":26},"end":{"line":50,"column":50}}]},"13":{"type":"branch","line":53,"loc":{"start":{"line":53,"column":4},"end":{"line":55,"column":5}},"locations":[{"start":{"line":53,"column":4},"end":{"line":55,"column":5}}]}},"b":{"0":[9],"1":[9],"2":[2],"3":[7],"4":[3],"5":[4],"6":[1],"7":[3],"8":[2],"9":[5],"10":[4],"11":[3],"12":[1],"13":[1]},"fnMap":{"0":{"name":"SessionManager","decl":{"start":{"line":16,"column":2},"end":{"line":19,"column":3}},"loc":{"start":{"line":16,"column":2},"end":{"line":19,"column":3}},"line":16},"1":{"name":"getVisitorId","decl":{"start":{"line":21,"column":2},"end":{"line":28,"column":3}},"loc":{"start":{"line":21,"column":2},"end":{"line":28,"column":3}},"line":21},"2":{"name":"refreshVisitorId","decl":{"start":{"line":30,"column":2},"end":{"line":33,"column":3}},"loc":{"start":{"line":30,"column":2},"end":{"line":33,"column":3}},"line":30},"3":{"name":"buildHeaders","decl":{"start":{"line":35,"column":2},"end":{"line":44,"column":3}},"loc":{"start":{"line":35,"column":2},"end":{"line":44,"column":3}},"line":35},"4":{"name":"fetchAndCache","decl":{"start":{"line":46,"column":2},"end":{"line":56,"column":3}},"loc":{"start":{"line":46,"column":2},"end":{"line":56,"column":3}},"line":46}},"f":{"0":9,"1":9,"2":1,"3":3,"4":5}}
,"/home/neon/programs/side_project/music package/src/stream/index.ts": {"path":"/home/neon/programs/side_project/music package/src/stream/index.ts","all":false,"statementMap":{"0":{"start":{"line":1,"column":0},"end":{"line":1,"column":44}},"1":{"start":{"line":2,"column":0},"end":{"line":2,"column":47}},"2":{"start":{"line":3,"column":0},"end":{"line":3,"column":32}},"3":{"start":{"line":4,"column":0},"end":{"line":4,"column":55}},"4":{"start":{"line":5,"column":0},"end":{"line":5,"column":0}},"5":{"start":{"line":6,"column":0},"end":{"line":6,"column":30}},"6":{"start":{"line":7,"column":0},"end":{"line":7,"column":7}},"7":{"start":{"line":8,"column":0},"end":{"line":8,"column":30}},"8":{"start":{"line":9,"column":0},"end":{"line":9,"column":50}},"9":{"start":{"line":10,"column":0},"end":{"line":10,"column":21}},"10":{"start":{"line":11,"column":0},"end":{"line":11,"column":16}},"11":{"start":{"line":12,"column":0},"end":{"line":12,"column":40}},"12":{"start":{"line":13,"column":0},"end":{"line":13,"column":84}},"13":{"start":{"line":14,"column":0},"end":{"line":14,"column":42}},"14":{"start":{"line":15,"column":0},"end":{"line":15,"column":10}},"15":{"start":{"line":16,"column":0},"end":{"line":16,"column":8}},"16":{"start":{"line":17,"column":0},"end":{"line":17,"column":5}},"17":{"start":{"line":18,"column":0},"end":{"line":18,"column":11}},"18":{"start":{"line":19,"column":0},"end":{"line":19,"column":38}},"19":{"start":{"line":20,"column":0},"end":{"line":20,"column":3}},"20":{"start":{"line":21,"column":0},"end":{"line":21,"column":1}},"21":{"start":{"line":22,"column":0},"end":{"line":22,"column":0}},"22":{"start":{"line":23,"column":0},"end":{"line":23,"column":56}},"23":{"start":{"line":24,"column":0},"end":{"line":24,"column":52}},"24":{"start":{"line":25,"column":0},"end":{"line":25,"column":1}},"25":{"start":{"line":26,"column":0},"end":{"line":26,"column":0}},"26":{"start":{"line":27,"column":0},"end":{"line":27,"column":43}},"27":{"start":{"line":28,"column":0},"end":{"line":28,"column":7}},"28":{"start":{"line":29,"column":0},"end":{"line":29,"column":71}},"29":{"start":{"line":30,"column":0},"end":{"line":30,"column":11}},"30":{"start":{"line":31,"column":0},"end":{"line":31,"column":12}},"31":{"start":{"line":32,"column":0},"end":{"line":32,"column":3}},"32":{"start":{"line":33,"column":0},"end":{"line":33,"column":1}},"33":{"start":{"line":34,"column":0},"end":{"line":34,"column":0}},"34":{"start":{"line":35,"column":0},"end":{"line":35,"column":29}},"35":{"start":{"line":36,"column":0},"end":{"line":36,"column":14}},"36":{"start":{"line":37,"column":0},"end":{"line":37,"column":34}},"37":{"start":{"line":38,"column":0},"end":{"line":38,"column":35}},"38":{"start":{"line":39,"column":0},"end":{"line":39,"column":5}},"39":{"start":{"line":40,"column":0},"end":{"line":40,"column":23}},"40":{"start":{"line":41,"column":0},"end":{"line":41,"column":3}},"41":{"start":{"line":42,"column":0},"end":{"line":42,"column":0}},"42":{"start":{"line":43,"column":0},"end":{"line":43,"column":125}},"43":{"start":{"line":44,"column":0},"end":{"line":44,"column":90}},"44":{"start":{"line":45,"column":0},"end":{"line":45,"column":45}},"45":{"start":{"line":46,"column":0},"end":{"line":46,"column":0}},"46":{"start":{"line":47,"column":0},"end":{"line":47,"column":58}},"47":{"start":{"line":48,"column":0},"end":{"line":48,"column":57}},"48":{"start":{"line":49,"column":0},"end":{"line":49,"column":19}},"49":{"start":{"line":50,"column":0},"end":{"line":50,"column":5}},"50":{"start":{"line":51,"column":0},"end":{"line":51,"column":0}},"51":{"start":{"line":52,"column":0},"end":{"line":52,"column":53}},"52":{"start":{"line":53,"column":0},"end":{"line":53,"column":63}},"53":{"start":{"line":54,"column":0},"end":{"line":54,"column":77}},"54":{"start":{"line":55,"column":0},"end":{"line":55,"column":0}},"55":{"start":{"line":56,"column":0},"end":{"line":56,"column":28}},"56":{"start":{"line":57,"column":0},"end":{"line":57,"column":71}},"57":{"start":{"line":58,"column":0},"end":{"line":58,"column":5}},"58":{"start":{"line":59,"column":0},"end":{"line":59,"column":0}},"59":{"start":{"line":60,"column":0},"end":{"line":60,"column":28}},"60":{"start":{"line":61,"column":0},"end":{"line":61,"column":68}},"61":{"start":{"line":62,"column":0},"end":{"line":62,"column":68}},"62":{"start":{"line":63,"column":0},"end":{"line":63,"column":0}},"63":{"start":{"line":64,"column":0},"end":{"line":64,"column":76}},"64":{"start":{"line":65,"column":0},"end":{"line":65,"column":0}},"65":{"start":{"line":66,"column":0},"end":{"line":66,"column":33}},"66":{"start":{"line":67,"column":0},"end":{"line":67,"column":10}},"67":{"start":{"line":68,"column":0},"end":{"line":68,"column":54}},"68":{"start":{"line":69,"column":0},"end":{"line":69,"column":41}},"69":{"start":{"line":70,"column":0},"end":{"line":70,"column":34}},"70":{"start":{"line":71,"column":0},"end":{"line":71,"column":94}},"71":{"start":{"line":72,"column":0},"end":{"line":72,"column":113}},"72":{"start":{"line":73,"column":0},"end":{"line":73,"column":5}},"73":{"start":{"line":74,"column":0},"end":{"line":74,"column":0}},"74":{"start":{"line":75,"column":0},"end":{"line":75,"column":52}},"75":{"start":{"line":76,"column":0},"end":{"line":76,"column":15}},"76":{"start":{"line":77,"column":0},"end":{"line":77,"column":3}},"77":{"start":{"line":78,"column":0},"end":{"line":78,"column":1}}},"s":{"0":1,"1":1,"2":1,"3":1,"4":1,"5":20,"6":20,"7":20,"8":20,"9":1,"10":1,"11":1,"12":0,"13":0,"14":0,"15":1,"16":1,"17":20,"18":0,"19":0,"20":20,"21":1,"22":12,"23":12,"24":12,"25":1,"26":12,"27":12,"28":12,"29":12,"30":0,"31":0,"32":12,"33":1,"34":1,"35":1,"36":20,"37":20,"38":20,"39":20,"40":20,"41":1,"42":1,"43":16,"44":16,"45":16,"46":16,"47":16,"48":2,"49":2,"50":14,"51":14,"52":16,"53":16,"54":16,"55":16,"56":0,"57":0,"58":12,"59":12,"60":10,"61":2,"62":16,"63":16,"64":12,"65":12,"66":12,"67":16,"68":16,"69":16,"70":16,"71":16,"72":16,"73":16,"74":16,"75":16,"76":16,"77":1},"branchMap":{"0":{"type":"branch","line":6,"loc":{"start":{"line":6,"column":0},"end":{"line":21,"column":1}},"locations":[{"start":{"line":6,"column":0},"end":{"line":21,"column":1}}]},"1":{"type":"branch","line":9,"loc":{"start":{"line":9,"column":8},"end":{"line":9,"column":49}},"locations":[{"start":{"line":9,"column":8},"end":{"line":9,"column":49}}]},"2":{"type":"branch","line":9,"loc":{"start":{"line":9,"column":49},"end":{"line":17,"column":5}},"locations":[{"start":{"line":9,"column":49},"end":{"line":17,"column":5}}]},"3":{"type":"branch","line":18,"loc":{"start":{"line":18,"column":2},"end":{"line":20,"column":3}},"locations":[{"start":{"line":18,"column":2},"end":{"line":20,"column":3}}]},"4":{"type":"branch","line":23,"loc":{"start":{"line":23,"column":0},"end":{"line":25,"column":1}},"locations":[{"start":{"line":23,"column":0},"end":{"line":25,"column":1}}]},"5":{"type":"branch","line":24,"loc":{"start":{"line":24,"column":33},"end":{"line":24,"column":46}},"locations":[{"start":{"line":24,"column":33},"end":{"line":24,"column":46}}]},"6":{"type":"branch","line":24,"loc":{"start":{"line":24,"column":37},"end":{"line":24,"column":52}},"locations":[{"start":{"line":24,"column":37},"end":{"line":24,"column":52}}]},"7":{"type":"branch","line":27,"loc":{"start":{"line":27,"column":0},"end":{"line":33,"column":1}},"locations":[{"start":{"line":27,"column":0},"end":{"line":33,"column":1}}]},"8":{"type":"branch","line":29,"loc":{"start":{"line":29,"column":58},"end":{"line":29,"column":68}},"locations":[{"start":{"line":29,"column":58},"end":{"line":29,"column":68}}]},"9":{"type":"branch","line":30,"loc":{"start":{"line":30,"column":2},"end":{"line":32,"column":3}},"locations":[{"start":{"line":30,"column":2},"end":{"line":32,"column":3}}]},"10":{"type":"branch","line":36,"loc":{"start":{"line":36,"column":2},"end":{"line":41,"column":3}},"locations":[{"start":{"line":36,"column":2},"end":{"line":41,"column":3}}]},"11":{"type":"branch","line":43,"loc":{"start":{"line":43,"column":2},"end":{"line":77,"column":3}},"locations":[{"start":{"line":43,"column":2},"end":{"line":77,"column":3}}]},"12":{"type":"branch","line":44,"loc":{"start":{"line":44,"column":53},"end":{"line":44,"column":90}},"locations":[{"start":{"line":44,"column":53},"end":{"line":44,"column":90}}]},"13":{"type":"branch","line":48,"loc":{"start":{"line":48,"column":8},"end":{"line":48,"column":56}},"locations":[{"start":{"line":48,"column":8},"end":{"line":48,"column":56}}]},"14":{"type":"branch","line":48,"loc":{"start":{"line":48,"column":56},"end":{"line":50,"column":5}},"locations":[{"start":{"line":48,"column":56},"end":{"line":50,"column":5}}]},"15":{"type":"branch","line":50,"loc":{"start":{"line":50,"column":4},"end":{"line":52,"column":53}},"locations":[{"start":{"line":50,"column":4},"end":{"line":52,"column":53}}]},"16":{"type":"branch","line":52,"loc":{"start":{"line":52,"column":52},"end":{"line":53,"column":61}},"locations":[{"start":{"line":52,"column":52},"end":{"line":53,"column":61}}]},"17":{"type":"branch","line":53,"loc":{"start":{"line":53,"column":41},"end":{"line":53,"column":63}},"locations":[{"start":{"line":53,"column":41},"end":{"line":53,"column":63}}]},"18":{"type":"branch","line":56,"loc":{"start":{"line":56,"column":27},"end":{"line":58,"column":5}},"locations":[{"start":{"line":56,"column":27},"end":{"line":58,"column":5}}]},"19":{"type":"branch","line":58,"loc":{"start":{"line":58,"column":4},"end":{"line":60,"column":28}},"locations":[{"start":{"line":58,"column":4},"end":{"line":60,"column":28}}]},"20":{"type":"branch","line":60,"loc":{"start":{"line":60,"column":22},"end":{"line":61,"column":68}},"locations":[{"start":{"line":60,"column":22},"end":{"line":61,"column":68}}]},"21":{"type":"branch","line":61,"loc":{"start":{"line":61,"column":67},"end":{"line":62,"column":68}},"locations":[{"start":{"line":61,"column":67},"end":{"line":62,"column":68}}]},"22":{"type":"branch","line":64,"loc":{"start":{"line":64,"column":75},"end":{"line":68,"column":50}},"locations":[{"start":{"line":64,"column":75},"end":{"line":68,"column":50}}]},"23":{"type":"branch","line":68,"loc":{"start":{"line":68,"column":37},"end":{"line":68,"column":52}},"locations":[{"start":{"line":68,"column":37},"end":{"line":68,"column":52}}]},"24":{"type":"branch","line":69,"loc":{"start":{"line":69,"column":28},"end":{"line":69,"column":41}},"locations":[{"start":{"line":69,"column":28},"end":{"line":69,"column":41}}]},"25":{"type":"branch","line":71,"loc":{"start":{"line":71,"column":39},"end":{"line":71,"column":94}},"locations":[{"start":{"line":71,"column":39},"end":{"line":71,"column":94}}]},"26":{"type":"branch","line":72,"loc":{"start":{"line":72,"column":42},"end":{"line":72,"column":113}},"locations":[{"start":{"line":72,"column":42},"end":{"line":72,"column":113}}]},"27":{"type":"branch","line":54,"loc":{"start":{"line":54,"column":37},"end":{"line":54,"column":76}},"locations":[{"start":{"line":54,"column":37},"end":{"line":54,"column":76}}]}},"b":{"0":[20],"1":[1],"2":[1],"3":[0],"4":[12],"5":[11],"6":[1],"7":[12],"8":[1],"9":[0],"10":[20],"11":[16],"12":[0],"13":[3],"14":[2],"15":[14],"16":[12],"17":[0],"18":[0],"19":[12],"20":[10],"21":[2],"22":[12],"23":[0],"24":[0],"25":[11],"26":[11],"27":[12]},"fnMap":{"0":{"name":"patchEvalIfNeeded","decl":{"start":{"line":6,"column":0},"end":{"line":21,"column":1}},"loc":{"start":{"line":6,"column":0},"end":{"line":21,"column":1}},"line":6},"1":{"name":"eval","decl":{"start":{"line":12,"column":14},"end":{"line":15,"column":10}},"loc":{"start":{"line":12,"column":14},"end":{"line":15,"column":10}},"line":12},"2":{"name":"parseCodec","decl":{"start":{"line":23,"column":0},"end":{"line":25,"column":1}},"loc":{"start":{"line":23,"column":0},"end":{"line":25,"column":1}},"line":23},"3":{"name":"parseExpiry","decl":{"start":{"line":27,"column":0},"end":{"line":33,"column":1}},"loc":{"start":{"line":27,"column":0},"end":{"line":33,"column":1}},"line":27},"4":{"name":"StreamResolver","decl":{"start":{"line":36,"column":2},"end":{"line":41,"column":3}},"loc":{"start":{"line":36,"column":2},"end":{"line":41,"column":3}},"line":36},"5":{"name":"resolve","decl":{"start":{"line":43,"column":2},"end":{"line":77,"column":3}},"loc":{"start":{"line":43,"column":2},"end":{"line":77,"column":3}},"line":43}},"f":{"0":20,"1":0,"2":12,"3":12,"4":20,"5":16}}
}
